<?xml version="1.0" ?>
<!DOCTYPE coverage SYSTEM "http://cobertura.sourceforge.net/xml/coverage-04.dtd">
<coverage lines-valid="1607" lines-covered="1300" line-rate="0.8089" branches-valid="651" branches-covered="558" branch-rate="0.8571" timestamp="1747236653478" complexity="0" version="0.1">
  <sources>
    <source>/Users/karabo.seipelo/Personal/2025/desgin-system</source>
  </sources>
  <packages>
    <package name="components.atoms.Artboard" line-rate="1" branch-rate="1">
      <classes>
        <class name="index.tsx" filename="components/atoms/Artboard/index.tsx" line-rate="1" branch-rate="1">
          <methods>
            <method name="(anonymous_1)" hits="73" signature="()V">
              <lines>
                <line number="9" hits="73"/>
              </lines>
            </method>
          </methods>
          <lines>
            <line number="1" hits="21" branch="false"/>
            <line number="2" hits="21" branch="false"/>
            <line number="9" hits="21" branch="false"/>
            <line number="10" hits="73" branch="false"/>
            <line number="15" hits="73" branch="false"/>
            <line number="24" hits="21" branch="false"/>
          </lines>
        </class>
      </classes>
    </package>
    <package name="components.atoms.Avatar" line-rate="1" branch-rate="1">
      <classes>
        <class name="index.tsx" filename="components/atoms/Avatar/index.tsx" line-rate="1" branch-rate="1">
          <methods>
            <method name="(anonymous_1)" hits="4" signature="()V">
              <lines>
                <line number="9" hits="4"/>
              </lines>
            </method>
          </methods>
          <lines>
            <line number="1" hits="1" branch="false"/>
            <line number="9" hits="1" branch="false"/>
            <line number="10" hits="4" branch="false"/>
            <line number="17" hits="1" branch="false"/>
          </lines>
        </class>
      </classes>
    </package>
    <package name="components.atoms.Badge" line-rate="1" branch-rate="1">
      <classes>
        <class name="Badge.stories.tsx" filename="components/atoms/Badge/Badge.stories.tsx" line-rate="1" branch-rate="1">
          <methods>
            <method name="(anonymous_1)" hits="3" signature="()V">
              <lines>
                <line number="13" hits="3"/>
              </lines>
            </method>
            <method name="(anonymous_2)" hits="1" signature="()V">
              <lines>
                <line number="29" hits="1"/>
              </lines>
            </method>
          </methods>
          <lines>
            <line number="2" hits="1" branch="false"/>
            <line number="3" hits="1" branch="false"/>
            <line number="5" hits="1" branch="false"/>
            <line number="14" hits="3" branch="false"/>
            <line number="21" hits="1" branch="false"/>
            <line number="24" hits="1" branch="false"/>
            <line number="30" hits="1" branch="false"/>
            <line number="37" hits="1" branch="false"/>
            <line number="43" hits="1" branch="false"/>
          </lines>
        </class>
        <class name="index.tsx" filename="components/atoms/Badge/index.tsx" line-rate="1" branch-rate="1">
          <methods>
            <method name="(anonymous_0)" hits="20" signature="()V">
              <lines>
                <line number="6" hits="20"/>
              </lines>
            </method>
          </methods>
          <lines>
            <line number="6" hits="5" branch="true" condition-coverage="100% (1/1)"/>
            <line number="7" hits="20" branch="false"/>
            <line number="12" hits="20" branch="false"/>
            <line number="21" hits="5" branch="false"/>
          </lines>
        </class>
      </classes>
    </package>
    <package name="components.atoms.Button" line-rate="1" branch-rate="1">
      <classes>
        <class name="Button.stories.tsx" filename="components/atoms/Button/Button.stories.tsx" line-rate="1" branch-rate="1">
          <methods>
            <method name="(anonymous_1)" hits="8" signature="()V">
              <lines>
                <line number="14" hits="8"/>
              </lines>
            </method>
            <method name="(anonymous_2)" hits="1" signature="()V">
              <lines>
                <line number="30" hits="1"/>
              </lines>
            </method>
          </methods>
          <lines>
            <line number="2" hits="1" branch="false"/>
            <line number="3" hits="1" branch="false"/>
            <line number="4" hits="1" branch="false"/>
            <line number="6" hits="1" branch="false"/>
            <line number="15" hits="8" branch="false"/>
            <line number="22" hits="1" branch="false"/>
            <line number="25" hits="1" branch="false"/>
            <line number="31" hits="1" branch="false"/>
            <line number="211" hits="1" branch="false"/>
            <line number="217" hits="1" branch="false"/>
            <line number="224" hits="1" branch="false"/>
            <line number="232" hits="1" branch="false"/>
            <line number="241" hits="1" branch="false"/>
            <line number="249" hits="1" branch="false"/>
            <line number="257" hits="1" branch="false"/>
          </lines>
        </class>
        <class name="index.tsx" filename="components/atoms/Button/index.tsx" line-rate="1" branch-rate="1">
          <methods>
            <method name="(anonymous_2)" hits="79" signature="()V">
              <lines>
                <line number="5" hits="79"/>
              </lines>
            </method>
          </methods>
          <lines>
            <line number="1" hits="14" branch="false"/>
            <line number="2" hits="14" branch="false"/>
            <line number="3" hits="14" branch="false"/>
            <line number="5" hits="14" branch="false"/>
            <line number="11" hits="79" branch="false"/>
            <line number="12" hits="79" branch="false"/>
            <line number="14" hits="79" branch="false"/>
            <line number="24" hits="79" branch="false"/>
            <line number="34" hits="79" branch="false"/>
            <line number="44" hits="79" branch="false"/>
            <line number="54" hits="79" branch="false"/>
            <line number="64" hits="79" branch="false"/>
            <line number="102" hits="79" branch="false"/>
            <line number="124" hits="79" branch="false"/>
            <line number="131" hits="79" branch="false"/>
            <line number="155" hits="14" branch="false"/>
          </lines>
        </class>
      </classes>
    </package>
    <package name="components.atoms.ColorSwatch" line-rate="0.9309999999999999" branch-rate="0.7726999999999999">
      <classes>
        <class name="ColorSwatches.stories.tsx" filename="components/atoms/ColorSwatch/ColorSwatches.stories.tsx" line-rate="1" branch-rate="1">
          <methods>
            <method name="(anonymous_1)" hits="5" signature="()V">
              <lines>
                <line number="13" hits="5"/>
              </lines>
            </method>
            <method name="(anonymous_2)" hits="1" signature="()V">
              <lines>
                <line number="32" hits="1"/>
              </lines>
            </method>
          </methods>
          <lines>
            <line number="2" hits="1" branch="false"/>
            <line number="3" hits="1" branch="false"/>
            <line number="5" hits="1" branch="false"/>
            <line number="14" hits="5" branch="false"/>
            <line number="21" hits="1" branch="false"/>
            <line number="24" hits="1" branch="false"/>
            <line number="33" hits="1" branch="false"/>
            <line number="105" hits="1" branch="false"/>
            <line number="115" hits="1" branch="false"/>
            <line number="125" hits="1" branch="false"/>
            <line number="135" hits="1" branch="false"/>
          </lines>
        </class>
        <class name="index.tsx" filename="components/atoms/ColorSwatch/index.tsx" line-rate="0.8887999999999999" branch-rate="0.7726999999999999">
          <methods>
            <method name="(anonymous_1)" hits="73" signature="()V">
              <lines>
                <line number="22" hits="73"/>
              </lines>
            </method>
            <method name="(anonymous_2)" hits="146" signature="()V">
              <lines>
                <line number="65" hits="146"/>
              </lines>
            </method>
            <method name="(anonymous_3)" hits="0" signature="()V">
              <lines>
                <line number="71" hits="0"/>
              </lines>
            </method>
          </methods>
          <lines>
            <line number="1" hits="6" branch="false"/>
            <line number="2" hits="6" branch="false"/>
            <line number="3" hits="6" branch="false"/>
            <line number="22" hits="6" branch="false"/>
            <line number="32" hits="73" branch="false"/>
            <line number="46" hits="73" branch="false"/>
            <line number="52" hits="73" branch="false"/>
            <line number="58" hits="73" branch="false"/>
            <line number="65" hits="73" branch="false"/>
            <line number="66" hits="146" branch="true" condition-coverage="0% (0/1)"/>
            <line number="67" hits="146" branch="true" condition-coverage="33.33333333333333% (1/3)"/>
            <line number="68" hits="0" branch="false"/>
            <line number="71" hits="0" branch="false"/>
            <line number="74" hits="146" branch="false"/>
            <line number="78" hits="73" branch="true" condition-coverage="50% (1/2)"/>
            <line number="82" hits="73" branch="true" condition-coverage="50% (1/2)"/>
            <line number="84" hits="73" branch="false"/>
            <line number="118" hits="6" branch="false"/>
          </lines>
        </class>
      </classes>
    </package>
    <package name="components.atoms.Container" line-rate="1" branch-rate="1">
      <classes>
        <class name="index.tsx" filename="components/atoms/Container/index.tsx" line-rate="1" branch-rate="1">
          <methods>
            <method name="(anonymous_1)" hits="2" signature="()V">
              <lines>
                <line number="8" hits="2"/>
              </lines>
            </method>
          </methods>
          <lines>
            <line number="1" hits="1" branch="false"/>
            <line number="8" hits="1" branch="false"/>
            <line number="9" hits="2" branch="false"/>
            <line number="18" hits="1" branch="false"/>
          </lines>
        </class>
      </classes>
    </package>
    <package name="components.atoms.Icon" line-rate="1" branch-rate="1">
      <classes>
        <class name="index.tsx" filename="components/atoms/Icon/index.tsx" line-rate="1" branch-rate="1">
          <methods>
            <method name="(anonymous_0)" hits="43" signature="()V">
              <lines>
                <line number="65" hits="43"/>
              </lines>
            </method>
            <method name="(anonymous_1)" hits="43" signature="()V">
              <lines>
                <line number="69" hits="43"/>
              </lines>
            </method>
            <method name="(anonymous_2)" hits="43" signature="()V">
              <lines>
                <line number="73" hits="43"/>
              </lines>
            </method>
            <method name="(anonymous_3)" hits="43" signature="()V">
              <lines>
                <line number="77" hits="43"/>
              </lines>
            </method>
            <method name="(anonymous_4)" hits="43" signature="()V">
              <lines>
                <line number="85" hits="43"/>
              </lines>
            </method>
            <method name="(anonymous_5)" hits="43" signature="()V">
              <lines>
                <line number="92" hits="43"/>
              </lines>
            </method>
            <method name="(anonymous_6)" hits="43" signature="()V">
              <lines>
                <line number="100" hits="43"/>
              </lines>
            </method>
            <method name="(anonymous_7)" hits="43" signature="()V">
              <lines>
                <line number="108" hits="43"/>
              </lines>
            </method>
          </methods>
          <lines>
            <line number="1" hits="3" branch="false"/>
            <line number="2" hits="3" branch="false"/>
            <line number="33" hits="3" branch="false"/>
            <line number="51" hits="3" branch="false"/>
            <line number="59" hits="3" branch="false"/>
            <line number="65" hits="3" branch="false"/>
            <line number="66" hits="43" branch="false"/>
            <line number="69" hits="3" branch="false"/>
            <line number="70" hits="43" branch="false"/>
            <line number="73" hits="3" branch="false"/>
            <line number="74" hits="43" branch="false"/>
            <line number="77" hits="3" branch="false"/>
            <line number="78" hits="43" branch="true" condition-coverage="100% (1/1)"/>
            <line number="79" hits="1" branch="false"/>
            <line number="80" hits="1" branch="false"/>
            <line number="82" hits="42" branch="false"/>
            <line number="85" hits="3" branch="false"/>
            <line number="86" hits="43" branch="true" condition-coverage="100% (1/1)"/>
            <line number="87" hits="1" branch="false"/>
            <line number="88" hits="1" branch="false"/>
            <line number="90" hits="42" branch="false"/>
            <line number="92" hits="3" branch="false"/>
            <line number="93" hits="43" branch="true" condition-coverage="100% (1/1)"/>
            <line number="94" hits="1" branch="false"/>
            <line number="95" hits="1" branch="false"/>
            <line number="97" hits="42" branch="false"/>
            <line number="100" hits="3" branch="false"/>
            <line number="107" hits="43" branch="false"/>
            <line number="108" hits="43" branch="false"/>
            <line number="112" hits="43" branch="false"/>
            <line number="122" hits="3" branch="false"/>
          </lines>
        </class>
      </classes>
    </package>
    <package name="components.atoms.InputField" line-rate="1" branch-rate="1">
      <classes>
        <class name="index.tsx" filename="components/atoms/InputField/index.tsx" line-rate="1" branch-rate="1">
          <methods>
            <method name="(anonymous_2)" hits="33" signature="()V">
              <lines>
                <line number="27" hits="33"/>
              </lines>
            </method>
            <method name="(anonymous_3)" hits="32" signature="()V">
              <lines>
                <line number="55" hits="32"/>
              </lines>
            </method>
          </methods>
          <lines>
            <line number="1" hits="5" branch="false"/>
            <line number="2" hits="5" branch="false"/>
            <line number="3" hits="5" branch="false"/>
            <line number="5" hits="5" branch="false"/>
            <line number="6" hits="5" branch="false"/>
            <line number="7" hits="5" branch="false"/>
            <line number="27" hits="5" branch="false"/>
            <line number="34" hits="33" branch="false"/>
            <line number="35" hits="32" branch="false"/>
            <line number="37" hits="32" branch="true" condition-coverage="100% (4/4)"/>
            <line number="38" hits="32" branch="false"/>
            <line number="39" hits="32" branch="false"/>
            <line number="40" hits="32" branch="false"/>
            <line number="55" hits="32" branch="false"/>
            <line number="56" hits="32" branch="true" condition-coverage="100% (1/1)"/>
            <line number="57" hits="5" branch="false"/>
            <line number="59" hits="27" branch="true" condition-coverage="100% (1/1)"/>
            <line number="60" hits="2" branch="false"/>
            <line number="62" hits="25" branch="false"/>
            <line number="65" hits="32" branch="false"/>
            <line number="96" hits="5" branch="false"/>
          </lines>
        </class>
        <class name="inputField.stories.tsx" filename="components/atoms/InputField/inputField.stories.tsx" line-rate="1" branch-rate="1">
          <methods>
            <method name="(anonymous_1)" hits="9" signature="()V">
              <lines>
                <line number="13" hits="9"/>
              </lines>
            </method>
            <method name="(anonymous_2)" hits="2" signature="()V">
              <lines>
                <line number="37" hits="2"/>
              </lines>
            </method>
          </methods>
          <lines>
            <line number="2" hits="1" branch="false"/>
            <line number="3" hits="1" branch="false"/>
            <line number="5" hits="1" branch="false"/>
            <line number="14" hits="9" branch="false"/>
            <line number="21" hits="1" branch="false"/>
            <line number="24" hits="1" branch="false"/>
            <line number="38" hits="2" branch="false"/>
            <line number="152" hits="1" branch="false"/>
            <line number="173" hits="1" branch="false"/>
            <line number="187" hits="1" branch="false"/>
            <line number="202" hits="1" branch="false"/>
            <line number="217" hits="1" branch="false"/>
            <line number="232" hits="1" branch="false"/>
            <line number="246" hits="1" branch="false"/>
          </lines>
        </class>
      </classes>
    </package>
    <package name="components.atoms.Price" line-rate="1" branch-rate="1">
      <classes>
        <class name="index.tsx" filename="components/atoms/Price/index.tsx" line-rate="1" branch-rate="1">
          <methods>
            <method name="(anonymous_1)" hits="42" signature="()V">
              <lines>
                <line number="12" hits="42"/>
              </lines>
            </method>
            <method name="(anonymous_2)" hits="25" signature="()V">
              <lines>
                <line number="19" hits="25"/>
              </lines>
            </method>
          </methods>
          <lines>
            <line number="1" hits="5" branch="false"/>
            <line number="12" hits="5" branch="false"/>
            <line number="13" hits="42" branch="false"/>
            <line number="19" hits="5" branch="false"/>
            <line number="27" hits="25" branch="false"/>
            <line number="31" hits="25" branch="false"/>
            <line number="36" hits="25" branch="false"/>
            <line number="41" hits="25" branch="false"/>
            <line number="72" hits="5" branch="false"/>
          </lines>
        </class>
      </classes>
    </package>
    <package name="components.atoms.Section" line-rate="1" branch-rate="1">
      <classes>
        <class name="index.tsx" filename="components/atoms/Section/index.tsx" line-rate="1" branch-rate="1">
          <methods>
            <method name="(anonymous_1)" hits="16" signature="()V">
              <lines>
                <line number="8" hits="16"/>
              </lines>
            </method>
          </methods>
          <lines>
            <line number="1" hits="3" branch="false"/>
            <line number="8" hits="3" branch="false"/>
            <line number="9" hits="16" branch="false"/>
            <line number="12" hits="3" branch="false"/>
          </lines>
        </class>
      </classes>
    </package>
    <package name="components.atoms.Size" line-rate="1" branch-rate="1">
      <classes>
        <class name="Sizes.stories.tsx" filename="components/atoms/Size/Sizes.stories.tsx" line-rate="1" branch-rate="1">
          <methods>
            <method name="(anonymous_1)" hits="5" signature="()V">
              <lines>
                <line number="13" hits="5"/>
              </lines>
            </method>
            <method name="(anonymous_2)" hits="2" signature="()V">
              <lines>
                <line number="32" hits="2"/>
              </lines>
            </method>
          </methods>
          <lines>
            <line number="2" hits="1" branch="false"/>
            <line number="3" hits="1" branch="false"/>
            <line number="5" hits="1" branch="false"/>
            <line number="14" hits="5" branch="false"/>
            <line number="21" hits="1" branch="false"/>
            <line number="24" hits="1" branch="false"/>
            <line number="33" hits="2" branch="false"/>
            <line number="86" hits="1" branch="false"/>
            <line number="96" hits="1" branch="false"/>
            <line number="106" hits="1" branch="false"/>
          </lines>
        </class>
        <class name="index.tsx" filename="components/atoms/Size/index.tsx" line-rate="1" branch-rate="1">
          <methods>
            <method name="(anonymous_0)" hits="145" signature="()V">
              <lines>
                <line number="13" hits="145"/>
              </lines>
            </method>
          </methods>
          <lines>
            <line number="1" hits="5" branch="false"/>
            <line number="13" hits="5" branch="false"/>
            <line number="22" hits="145" branch="false"/>
            <line number="28" hits="145" branch="false"/>
            <line number="53" hits="5" branch="false"/>
          </lines>
        </class>
      </classes>
    </package>
    <package name="components.atoms.Stars" line-rate="1" branch-rate="1">
      <classes>
        <class name="Stars.stories.tsx" filename="components/atoms/Stars/Stars.stories.tsx" line-rate="1" branch-rate="1">
          <methods>
            <method name="(anonymous_1)" hits="4" signature="()V">
              <lines>
                <line number="13" hits="4"/>
              </lines>
            </method>
            <method name="(anonymous_2)" hits="1" signature="()V">
              <lines>
                <line number="46" hits="1"/>
              </lines>
            </method>
          </methods>
          <lines>
            <line number="2" hits="1" branch="false"/>
            <line number="3" hits="1" branch="false"/>
            <line number="5" hits="1" branch="false"/>
            <line number="14" hits="4" branch="false"/>
            <line number="21" hits="1" branch="false"/>
            <line number="24" hits="1" branch="false"/>
            <line number="30" hits="1" branch="false"/>
            <line number="36" hits="1" branch="false"/>
            <line number="42" hits="1" branch="false"/>
            <line number="47" hits="1" branch="false"/>
          </lines>
        </class>
        <class name="index.tsx" filename="components/atoms/Stars/index.tsx" line-rate="1" branch-rate="1">
          <methods>
            <method name="(anonymous_9)" hits="43" signature="()V">
              <lines>
                <line number="8" hits="43"/>
              </lines>
            </method>
            <method name="(anonymous_10)" hits="43" signature="()V">
              <lines>
                <line number="11" hits="43"/>
              </lines>
            </method>
            <method name="(anonymous_11)" hits="215" signature="()V">
              <lines>
                <line number="14" hits="215"/>
              </lines>
            </method>
            <method name="(anonymous_12)" hits="215" signature="()V">
              <lines>
                <line number="28" hits="215"/>
              </lines>
            </method>
          </methods>
          <lines>
            <line number="1" hits="9" branch="false"/>
            <line number="2" hits="9" branch="false"/>
            <line number="8" hits="9" branch="false"/>
            <line number="9" hits="43" branch="false"/>
            <line number="10" hits="43" branch="false"/>
            <line number="11" hits="43" branch="false"/>
            <line number="12" hits="43" branch="false"/>
            <line number="13" hits="43" branch="false"/>
            <line number="14" hits="43" branch="false"/>
            <line number="15" hits="215" branch="true" condition-coverage="100% (1/1)"/>
            <line number="16" hits="71" branch="true" condition-coverage="100% (3/3)"/>
            <line number="17" hits="28" branch="false"/>
            <line number="18" hits="43" branch="false"/>
            <line number="22" hits="43" branch="false"/>
            <line number="29" hits="215" branch="false"/>
            <line number="35" hits="9" branch="false"/>
          </lines>
        </class>
      </classes>
    </package>
    <package name="components.molecules.Form.Subscribe" line-rate="1" branch-rate="1">
      <classes>
        <class name="Subscribe.stories.tsx" filename="components/molecules/Form/Subscribe/Subscribe.stories.tsx" line-rate="1" branch-rate="1">
          <methods>
            <method name="(anonymous_1)" hits="2" signature="()V">
              <lines>
                <line number="14" hits="2"/>
              </lines>
            </method>
            <method name="(anonymous_2)" hits="1" signature="()V">
              <lines>
                <line number="27" hits="1"/>
              </lines>
            </method>
          </methods>
          <lines>
            <line number="2" hits="1" branch="false"/>
            <line number="3" hits="1" branch="false"/>
            <line number="4" hits="1" branch="false"/>
            <line number="6" hits="1" branch="false"/>
            <line number="15" hits="2" branch="false"/>
            <line number="22" hits="1" branch="false"/>
            <line number="25" hits="1" branch="false"/>
            <line number="28" hits="1" branch="false"/>
            <line number="29" hits="1" branch="false"/>
          </lines>
        </class>
        <class name="index.tsx" filename="components/molecules/Form/Subscribe/index.tsx" line-rate="1" branch-rate="1">
          <methods>
            <method name="(anonymous_1)" hits="16" signature="()V">
              <lines>
                <line number="33" hits="16"/>
              </lines>
            </method>
          </methods>
          <lines>
            <line number="1" hits="4" branch="false"/>
            <line number="3" hits="4" branch="false"/>
            <line number="33" hits="4" branch="false"/>
            <line number="39" hits="16" branch="false"/>
            <line number="61" hits="4" branch="false"/>
          </lines>
        </class>
      </classes>
    </package>
    <package name="components.molecules.Form.SubscribeNewsletter" line-rate="1" branch-rate="1">
      <classes>
        <class name="SubscribeNewsletter.stories.tsx" filename="components/molecules/Form/SubscribeNewsletter/SubscribeNewsletter.stories.tsx" line-rate="1" branch-rate="1">
          <methods>
            <method name="(anonymous_1)" hits="3" signature="()V">
              <lines>
                <line number="14" hits="3"/>
              </lines>
            </method>
            <method name="(anonymous_2)" hits="1" signature="()V">
              <lines>
                <line number="30" hits="1"/>
              </lines>
            </method>
          </methods>
          <lines>
            <line number="2" hits="1" branch="false"/>
            <line number="3" hits="1" branch="false"/>
            <line number="4" hits="1" branch="false"/>
            <line number="6" hits="1" branch="false"/>
            <line number="15" hits="3" branch="false"/>
            <line number="22" hits="1" branch="false"/>
            <line number="25" hits="1" branch="false"/>
            <line number="31" hits="1" branch="false"/>
            <line number="32" hits="1" branch="false"/>
          </lines>
        </class>
        <class name="index.tsx" filename="components/molecules/Form/SubscribeNewsletter/index.tsx" line-rate="1" branch-rate="1">
          <methods>
            <method name="(anonymous_1)" hits="14" signature="()V">
              <lines>
                <line number="8" hits="14"/>
              </lines>
            </method>
          </methods>
          <lines>
            <line number="1" hits="3" branch="false"/>
            <line number="8" hits="3" branch="false"/>
            <line number="15" hits="14" branch="false"/>
            <line number="34" hits="3" branch="false"/>
          </lines>
        </class>
      </classes>
    </package>
    <package name="components.molecules.List" line-rate="1" branch-rate="1">
      <classes>
        <class name="index.tsx" filename="components/molecules/List/index.tsx" line-rate="1" branch-rate="1">
          <methods>
            <method name="(anonymous_1)" hits="31" signature="()V">
              <lines>
                <line number="12" hits="31"/>
              </lines>
            </method>
            <method name="(anonymous_2)" hits="11" signature="()V">
              <lines>
                <line number="40" hits="11"/>
              </lines>
            </method>
            <method name="(anonymous_3)" hits="31" signature="()V">
              <lines>
                <line number="49" hits="31"/>
              </lines>
            </method>
          </methods>
          <lines>
            <line number="1" hits="3" branch="false"/>
            <line number="12" hits="3" branch="false"/>
            <line number="13" hits="31" branch="true" condition-coverage="100% (1/1)"/>
            <line number="14" hits="9" branch="false"/>
            <line number="24" hits="22" branch="true" condition-coverage="100% (1/1)"/>
            <line number="25" hits="9" branch="false"/>
            <line number="35" hits="13" branch="false"/>
            <line number="40" hits="3" branch="false"/>
            <line number="47" hits="11" branch="false"/>
            <line number="50" hits="31" branch="false"/>
            <line number="51" hits="31" branch="false"/>
            <line number="78" hits="3" branch="false"/>
            <line number="80" hits="3" branch="false"/>
          </lines>
        </class>
      </classes>
    </package>
    <package name="components.molecules.LogoMarquee" line-rate="1" branch-rate="1">
      <classes>
        <class name="LogoMarquee.stories.tsx" filename="components/molecules/LogoMarquee/LogoMarquee.stories.tsx" line-rate="1" branch-rate="1">
          <methods>
            <method name="(anonymous_1)" hits="1" signature="()V">
              <lines>
                <line number="13" hits="1"/>
              </lines>
            </method>
          </methods>
          <lines>
            <line number="2" hits="1" branch="false"/>
            <line number="3" hits="1" branch="false"/>
            <line number="5" hits="1" branch="false"/>
            <line number="14" hits="1" branch="false"/>
            <line number="23" hits="1" branch="false"/>
            <line number="26" hits="1" branch="false"/>
          </lines>
        </class>
        <class name="index.tsx" filename="components/molecules/LogoMarquee/index.tsx" line-rate="1" branch-rate="1">
          <methods>
            <method name="(anonymous_1)" hits="6" signature="()V">
              <lines>
                <line number="14" hits="6"/>
              </lines>
            </method>
            <method name="(anonymous_2)" hits="30" signature="()V">
              <lines>
                <line number="25" hits="30"/>
              </lines>
            </method>
          </methods>
          <lines>
            <line number="1" hits="1" branch="false"/>
            <line number="14" hits="1" branch="true" condition-coverage="100% (1/1)"/>
            <line number="15" hits="6" branch="false"/>
            <line number="26" hits="30" branch="false"/>
            <line number="40" hits="1" branch="false"/>
          </lines>
        </class>
      </classes>
    </package>
    <package name="components.molecules.ProductCarousel" line-rate="0.9582999999999999" branch-rate="1">
      <classes>
        <class name="ProductCarousel.stories.tsx" filename="components/molecules/ProductCarousel/ProductCarousel.stories.tsx" line-rate="0.875" branch-rate="1">
          <methods>
            <method name="(anonymous_1)" hits="1" signature="()V">
              <lines>
                <line number="13" hits="1"/>
              </lines>
            </method>
            <method name="(anonymous_2)" hits="0" signature="()V">
              <lines>
                <line number="52" hits="0"/>
              </lines>
            </method>
          </methods>
          <lines>
            <line number="2" hits="1" branch="false"/>
            <line number="3" hits="1" branch="false"/>
            <line number="5" hits="1" branch="false"/>
            <line number="14" hits="1" branch="false"/>
            <line number="21" hits="1" branch="false"/>
            <line number="24" hits="1" branch="false"/>
            <line number="47" hits="1" branch="false"/>
            <line number="53" hits="0" branch="false"/>
          </lines>
        </class>
        <class name="index.tsx" filename="components/molecules/ProductCarousel/index.tsx" line-rate="1" branch-rate="1">
          <methods>
            <method name="(anonymous_0)" hits="11" signature="()V">
              <lines>
                <line number="13" hits="11"/>
              </lines>
            </method>
            <method name="(anonymous_1)" hits="21" signature="()V">
              <lines>
                <line number="20" hits="21"/>
              </lines>
            </method>
            <method name="(anonymous_2)" hits="1" signature="()V">
              <lines>
                <line number="35" hits="1"/>
              </lines>
            </method>
            <method name="(anonymous_3)" hits="26" signature="()V">
              <lines>
                <line number="42" hits="26"/>
              </lines>
            </method>
            <method name="(anonymous_4)" hits="26" signature="()V">
              <lines>
                <line number="56" hits="26"/>
              </lines>
            </method>
          </methods>
          <lines>
            <line number="1" hits="3" branch="false"/>
            <line number="2" hits="3" branch="false"/>
            <line number="13" hits="3" branch="false"/>
            <line number="19" hits="11" branch="false"/>
            <line number="20" hits="21" branch="false"/>
            <line number="23" hits="11" branch="true" condition-coverage="100% (2/2)"/>
            <line number="24" hits="11" branch="false"/>
            <line number="26" hits="11" branch="true" condition-coverage="100% (1/1)"/>
            <line number="27" hits="1" branch="false"/>
            <line number="30" hits="10" branch="false"/>
            <line number="36" hits="1" branch="false"/>
            <line number="37" hits="1" branch="false"/>
            <line number="38" hits="1" branch="false"/>
            <line number="43" hits="26" branch="false"/>
            <line number="57" hits="26" branch="false"/>
            <line number="73" hits="3" branch="false"/>
          </lines>
        </class>
      </classes>
    </package>
    <package name="components.molecules.ProductColors" line-rate="1" branch-rate="1">
      <classes>
        <class name="ProductColors.stories.tsx" filename="components/molecules/ProductColors/ProductColors.stories.tsx" line-rate="1" branch-rate="1">
          <methods>
            <method name="(anonymous_1)" hits="4" signature="()V">
              <lines>
                <line number="13" hits="4"/>
              </lines>
            </method>
            <method name="(anonymous_2)" hits="2" signature="()V">
              <lines>
                <line number="28" hits="2"/>
              </lines>
            </method>
            <method name="(anonymous_3)" hits="1" signature="()V">
              <lines>
                <line number="40" hits="1"/>
              </lines>
            </method>
          </methods>
          <lines>
            <line number="2" hits="1" branch="false"/>
            <line number="3" hits="1" branch="false"/>
            <line number="5" hits="1" branch="false"/>
            <line number="14" hits="4" branch="false"/>
            <line number="21" hits="1" branch="false"/>
            <line number="24" hits="1" branch="false"/>
            <line number="29" hits="2" branch="false"/>
            <line number="36" hits="1" branch="false"/>
            <line number="41" hits="1" branch="false"/>
          </lines>
        </class>
        <class name="index.tsx" filename="components/molecules/ProductColors/index.tsx" line-rate="1" branch-rate="1">
          <methods>
            <method name="(anonymous_10)" hits="23" signature="()V">
              <lines>
                <line number="15" hits="23"/>
              </lines>
            </method>
            <method name="(anonymous_11)" hits="13" signature="()V">
              <lines>
                <line number="23" hits="13"/>
              </lines>
            </method>
            <method name="(anonymous_12)" hits="16" signature="()V">
              <lines>
                <line number="24" hits="16"/>
              </lines>
            </method>
            <method name="(anonymous_13)" hits="5" signature="()V">
              <lines>
                <line number="26" hits="5"/>
              </lines>
            </method>
            <method name="(anonymous_14)" hits="13" signature="()V">
              <lines>
                <line number="31" hits="13"/>
              </lines>
            </method>
            <method name="(anonymous_15)" hits="16" signature="()V">
              <lines>
                <line number="33" hits="16"/>
              </lines>
            </method>
            <method name="(anonymous_16)" hits="52" signature="()V">
              <lines>
                <line number="51" hits="52"/>
              </lines>
            </method>
            <method name="(anonymous_17)" hits="5" signature="()V">
              <lines>
                <line number="60" hits="5"/>
              </lines>
            </method>
          </methods>
          <lines>
            <line number="1" hits="4" branch="false"/>
            <line number="2" hits="4" branch="false"/>
            <line number="4" hits="4" branch="false"/>
            <line number="15" hits="4" branch="false"/>
            <line number="23" hits="23" branch="false"/>
            <line number="24" hits="16" branch="false"/>
            <line number="26" hits="23" branch="false"/>
            <line number="27" hits="5" branch="false"/>
            <line number="28" hits="5" branch="false"/>
            <line number="31" hits="23" branch="false"/>
            <line number="32" hits="13" branch="false"/>
            <line number="33" hits="16" branch="false"/>
            <line number="35" hits="13" branch="false"/>
            <line number="38" hits="23" branch="false"/>
            <line number="52" hits="52" branch="false"/>
            <line number="53" hits="52" branch="false"/>
            <line number="60" hits="5" branch="false"/>
            <line number="71" hits="4" branch="false"/>
          </lines>
        </class>
      </classes>
    </package>
    <package name="components.molecules.ProductDetail" line-rate="1" branch-rate="1">
      <classes>
        <class name="ProductDetail.stories.tsx" filename="components/molecules/ProductDetail/ProductDetail.stories.tsx" line-rate="1" branch-rate="1">
          <methods>
            <method name="(anonymous_1)" hits="2" signature="()V">
              <lines>
                <line number="13" hits="2"/>
              </lines>
            </method>
          </methods>
          <lines>
            <line number="2" hits="1" branch="false"/>
            <line number="3" hits="1" branch="false"/>
            <line number="5" hits="1" branch="false"/>
            <line number="14" hits="2" branch="false"/>
            <line number="21" hits="1" branch="false"/>
            <line number="24" hits="1" branch="false"/>
            <line number="36" hits="1" branch="false"/>
            <line number="49" hits="1" branch="false"/>
          </lines>
        </class>
        <class name="index.tsx" filename="components/molecules/ProductDetail/index.tsx" line-rate="1" branch-rate="1">
          <methods>
            <method name="(anonymous_1)" hits="12" signature="()V">
              <lines>
                <line number="15" hits="12"/>
              </lines>
            </method>
          </methods>
          <lines>
            <line number="1" hits="3" branch="false"/>
            <line number="3" hits="3" branch="false"/>
            <line number="15" hits="3" branch="false"/>
            <line number="24" hits="12" branch="false"/>
            <line number="25" hits="12" branch="false"/>
            <line number="50" hits="3" branch="false"/>
          </lines>
        </class>
      </classes>
    </package>
    <package name="components.molecules.ProductInfo" line-rate="1" branch-rate="0.6666">
      <classes>
        <class name="ProductInfo.stories.tsx" filename="components/molecules/ProductInfo/ProductInfo.stories.tsx" line-rate="1" branch-rate="1">
          <methods>
            <method name="(anonymous_1)" hits="1" signature="()V">
              <lines>
                <line number="13" hits="1"/>
              </lines>
            </method>
          </methods>
          <lines>
            <line number="2" hits="1" branch="false"/>
            <line number="3" hits="1" branch="false"/>
            <line number="5" hits="1" branch="false"/>
            <line number="14" hits="1" branch="false"/>
            <line number="21" hits="1" branch="false"/>
            <line number="24" hits="1" branch="false"/>
            <line number="54" hits="1" branch="false"/>
          </lines>
        </class>
        <class name="index.tsx" filename="components/molecules/ProductInfo/index.tsx" line-rate="1" branch-rate="0.6666">
          <methods>
            <method name="(anonymous_0)" hits="10" signature="()V">
              <lines>
                <line number="12" hits="10"/>
              </lines>
            </method>
            <method name="(anonymous_1)" hits="25" signature="()V">
              <lines>
                <line number="15" hits="25"/>
              </lines>
            </method>
            <method name="(anonymous_2)" hits="75" signature="()V">
              <lines>
                <line number="24" hits="75"/>
              </lines>
            </method>
            <method name="(anonymous_3)" hits="294" signature="()V">
              <lines>
                <line number="36" hits="294"/>
              </lines>
            </method>
          </methods>
          <lines>
            <line number="2" hits="3" branch="false"/>
            <line number="7" hits="3" branch="false"/>
            <line number="12" hits="3" branch="false"/>
            <line number="13" hits="10" branch="false"/>
            <line number="16" hits="25" branch="false"/>
            <line number="17" hits="25" branch="false"/>
            <line number="25" hits="75" branch="false"/>
            <line number="37" hits="294" branch="false"/>
            <line number="53" hits="3" branch="false"/>
          </lines>
        </class>
      </classes>
    </package>
    <package name="components.molecules.ProductQuantity" line-rate="1" branch-rate="1">
      <classes>
        <class name="ProductQuantity.stories.tsx" filename="components/molecules/ProductQuantity/ProductQuantity.stories.tsx" line-rate="1" branch-rate="1">
          <methods>
            <method name="(anonymous_1)" hits="3" signature="()V">
              <lines>
                <line number="13" hits="3"/>
              </lines>
            </method>
          </methods>
          <lines>
            <line number="2" hits="1" branch="false"/>
            <line number="3" hits="1" branch="false"/>
            <line number="5" hits="1" branch="false"/>
            <line number="14" hits="3" branch="false"/>
            <line number="21" hits="1" branch="false"/>
            <line number="24" hits="1" branch="false"/>
            <line number="33" hits="1" branch="false"/>
            <line number="42" hits="1" branch="false"/>
          </lines>
        </class>
        <class name="index.tsx" filename="components/molecules/ProductQuantity/index.tsx" line-rate="1" branch-rate="1">
          <methods>
            <method name="(anonymous_1)" hits="10" signature="()V">
              <lines>
                <line number="13" hits="10"/>
              </lines>
            </method>
          </methods>
          <lines>
            <line number="1" hits="4" branch="false"/>
            <line number="2" hits="4" branch="false"/>
            <line number="3" hits="4" branch="false"/>
            <line number="13" hits="4" branch="false"/>
            <line number="20" hits="10" branch="false"/>
            <line number="44" hits="4" branch="false"/>
          </lines>
        </class>
      </classes>
    </package>
    <package name="components.molecules.ProductSize" line-rate="0.9642000000000001" branch-rate="1">
      <classes>
        <class name="ProductSize.stories.tsx" filename="components/molecules/ProductSize/ProductSize.stories.tsx" line-rate="0.9285" branch-rate="1">
          <methods>
            <method name="(anonymous_1)" hits="7" signature="()V">
              <lines>
                <line number="13" hits="7"/>
              </lines>
            </method>
            <method name="(anonymous_2)" hits="1" signature="()V">
              <lines>
                <line number="45" hits="1"/>
              </lines>
            </method>
            <method name="(anonymous_3)" hits="1" signature="()V">
              <lines>
                <line number="59" hits="1"/>
              </lines>
            </method>
            <method name="(anonymous_4)" hits="0" signature="()V">
              <lines>
                <line number="73" hits="0"/>
              </lines>
            </method>
          </methods>
          <lines>
            <line number="2" hits="1" branch="false"/>
            <line number="3" hits="1" branch="false"/>
            <line number="5" hits="1" branch="false"/>
            <line number="14" hits="7" branch="false"/>
            <line number="21" hits="1" branch="false"/>
            <line number="24" hits="1" branch="false"/>
            <line number="25" hits="1" branch="false"/>
            <line number="29" hits="1" branch="false"/>
            <line number="41" hits="1" branch="false"/>
            <line number="46" hits="1" branch="false"/>
            <line number="55" hits="1" branch="false"/>
            <line number="60" hits="1" branch="false"/>
            <line number="69" hits="1" branch="false"/>
            <line number="74" hits="0" branch="false"/>
          </lines>
        </class>
        <class name="index.tsx" filename="components/molecules/ProductSize/index.tsx" line-rate="1" branch-rate="1">
          <methods>
            <method name="(anonymous_10)" hits="18" signature="()V">
              <lines>
                <line number="16" hits="18"/>
              </lines>
            </method>
            <method name="(anonymous_11)" hits="4" signature="()V">
              <lines>
                <line number="27" hits="4"/>
              </lines>
            </method>
            <method name="(anonymous_12)" hits="134" signature="()V">
              <lines>
                <line number="33" hits="134"/>
              </lines>
            </method>
            <method name="(anonymous_13)" hits="134" signature="()V">
              <lines>
                <line number="53" hits="134"/>
              </lines>
            </method>
            <method name="(anonymous_14)" hits="4" signature="()V">
              <lines>
                <line number="63" hits="4"/>
              </lines>
            </method>
          </methods>
          <lines>
            <line number="1" hits="4" branch="false"/>
            <line number="4" hits="4" branch="false"/>
            <line number="16" hits="4" branch="false"/>
            <line number="25" hits="18" branch="false"/>
            <line number="27" hits="18" branch="false"/>
            <line number="28" hits="4" branch="false"/>
            <line number="29" hits="4" branch="false"/>
            <line number="32" hits="18" branch="false"/>
            <line number="34" hits="134" branch="false"/>
            <line number="39" hits="18" branch="false"/>
            <line number="55" hits="134" branch="true" condition-coverage="100% (8/8)"/>
            <line number="58" hits="134" branch="false"/>
            <line number="63" hits="4" branch="false"/>
            <line number="77" hits="4" branch="false"/>
          </lines>
        </class>
      </classes>
    </package>
    <package name="components.molecules.QuantitySelector" line-rate="0.9756" branch-rate="1">
      <classes>
        <class name="Controls.tsx" filename="components/molecules/QuantitySelector/Controls.tsx" line-rate="1" branch-rate="1">
          <methods>
            <method name="(anonymous_0)" hits="15" signature="()V">
              <lines>
                <line number="8" hits="15"/>
              </lines>
            </method>
            <method name="(anonymous_1)" hits="43" signature="()V">
              <lines>
                <line number="30" hits="43"/>
              </lines>
            </method>
            <method name="(anonymous_2)" hits="43" signature="()V">
              <lines>
                <line number="44" hits="43"/>
              </lines>
            </method>
          </methods>
          <lines>
            <line number="1" hits="6" branch="false"/>
            <line number="2" hits="6" branch="false"/>
            <line number="8" hits="6" branch="false"/>
            <line number="9" hits="15" branch="false"/>
            <line number="30" hits="6" branch="false"/>
            <line number="39" hits="43" branch="false"/>
            <line number="44" hits="43" branch="false"/>
            <line number="45" hits="43" branch="true" condition-coverage="100% (3/3)"/>
            <line number="46" hits="2" branch="false"/>
            <line number="48" hits="41" branch="true" condition-coverage="100% (3/3)"/>
            <line number="49" hits="13" branch="false"/>
            <line number="51" hits="28" branch="false"/>
            <line number="54" hits="43" branch="false"/>
            <line number="67" hits="6" branch="false"/>
          </lines>
        </class>
        <class name="QuantitySelector.stories.tsx" filename="components/molecules/QuantitySelector/QuantitySelector.stories.tsx" line-rate="0.9" branch-rate="1">
          <methods>
            <method name="(anonymous_1)" hits="6" signature="()V">
              <lines>
                <line number="13" hits="6"/>
              </lines>
            </method>
            <method name="(anonymous_2)" hits="0" signature="()V">
              <lines>
                <line number="34" hits="0"/>
              </lines>
            </method>
          </methods>
          <lines>
            <line number="2" hits="1" branch="false"/>
            <line number="3" hits="1" branch="false"/>
            <line number="5" hits="1" branch="false"/>
            <line number="14" hits="6" branch="false"/>
            <line number="21" hits="1" branch="false"/>
            <line number="24" hits="1" branch="false"/>
            <line number="35" hits="0" branch="false"/>
            <line number="68" hits="1" branch="false"/>
            <line number="80" hits="1" branch="false"/>
            <line number="92" hits="1" branch="false"/>
          </lines>
        </class>
        <class name="index.tsx" filename="components/molecules/QuantitySelector/index.tsx" line-rate="1" branch-rate="1">
          <methods>
            <method name="(anonymous_10)" hits="21" signature="()V">
              <lines>
                <line number="16" hits="21"/>
              </lines>
            </method>
            <method name="(anonymous_11)" hits="5" signature="()V">
              <lines>
                <line number="26" hits="5"/>
              </lines>
            </method>
            <method name="(anonymous_12)" hits="1" signature="()V">
              <lines>
                <line number="32" hits="1"/>
              </lines>
            </method>
            <method name="(anonymous_13)" hits="2" signature="()V">
              <lines>
                <line number="48" hits="2"/>
              </lines>
            </method>
            <method name="(anonymous_14)" hits="2" signature="()V">
              <lines>
                <line number="68" hits="2"/>
              </lines>
            </method>
          </methods>
          <lines>
            <line number="1" hits="5" branch="false"/>
            <line number="2" hits="5" branch="false"/>
            <line number="3" hits="5" branch="false"/>
            <line number="4" hits="5" branch="false"/>
            <line number="16" hits="5" branch="false"/>
            <line number="25" hits="21" branch="false"/>
            <line number="26" hits="21" branch="false"/>
            <line number="27" hits="5" branch="true" condition-coverage="100% (3/3)"/>
            <line number="28" hits="3" branch="false"/>
            <line number="32" hits="21" branch="false"/>
            <line number="33" hits="1" branch="false"/>
            <line number="34" hits="1" branch="true" condition-coverage="100% (1/1)"/>
            <line number="35" hits="1" branch="false"/>
            <line number="39" hits="21" branch="false"/>
            <line number="48" hits="2" branch="false"/>
            <line number="68" hits="2" branch="false"/>
            <line number="77" hits="5" branch="false"/>
          </lines>
        </class>
      </classes>
    </package>
    <package name="components.molecules.Rating" line-rate="1" branch-rate="1">
      <classes>
        <class name="index.tsx" filename="components/molecules/Rating/index.tsx" line-rate="1" branch-rate="1">
          <methods>
            <method name="(anonymous_1)" hits="23" signature="()V">
              <lines>
                <line number="14" hits="23"/>
              </lines>
            </method>
            <method name="(anonymous_2)" hits="30" signature="()V">
              <lines>
                <line number="25" hits="30"/>
              </lines>
            </method>
          </methods>
          <lines>
            <line number="1" hits="8" branch="false"/>
            <line number="2" hits="8" branch="false"/>
            <line number="3" hits="8" branch="false"/>
            <line number="4" hits="8" branch="false"/>
            <line number="14" hits="8" branch="false"/>
            <line number="15" hits="23" branch="false"/>
            <line number="25" hits="8" branch="false"/>
            <line number="32" hits="30" branch="false"/>
            <line number="54" hits="8" branch="false"/>
          </lines>
        </class>
      </classes>
    </package>
    <package name="components.molecules.card.blog" line-rate="1" branch-rate="0.8887999999999999">
      <classes>
        <class name="BlogCard.stories.tsx" filename="components/molecules/card/blog/BlogCard.stories.tsx" line-rate="1" branch-rate="1">
          <methods>
            <method name="(anonymous_1)" hits="1" signature="()V">
              <lines>
                <line number="13" hits="1"/>
              </lines>
            </method>
          </methods>
          <lines>
            <line number="2" hits="1" branch="false"/>
            <line number="4" hits="1" branch="false"/>
            <line number="14" hits="1" branch="false"/>
            <line number="23" hits="1" branch="false"/>
            <line number="26" hits="1" branch="false"/>
          </lines>
        </class>
        <class name="index.tsx" filename="components/molecules/card/blog/index.tsx" line-rate="1" branch-rate="0.8887999999999999">
          <methods>
            <method name="(anonymous_1)" hits="1" signature="()V">
              <lines>
                <line number="17" hits="1"/>
              </lines>
            </method>
            <method name="(anonymous_2)" hits="1" signature="()V">
              <lines>
                <line number="39" hits="1"/>
              </lines>
            </method>
          </methods>
          <lines>
            <line number="1" hits="1" branch="false"/>
            <line number="2" hits="1" branch="false"/>
            <line number="3" hits="1" branch="false"/>
            <line number="17" hits="1" branch="false"/>
            <line number="25" hits="1" branch="false"/>
            <line number="40" hits="1" branch="false"/>
            <line number="71" hits="1" branch="false"/>
          </lines>
        </class>
      </classes>
    </package>
    <package name="components.molecules.card.profile" line-rate="1" branch-rate="0.909">
      <classes>
        <class name="ProfileCard.stories.tsx" filename="components/molecules/card/profile/ProfileCard.stories.tsx" line-rate="1" branch-rate="1">
          <methods>
            <method name="(anonymous_9)" hits="1" signature="()V">
              <lines>
                <line number="13" hits="1"/>
              </lines>
            </method>
          </methods>
          <lines>
            <line number="2" hits="1" branch="false"/>
            <line number="4" hits="1" branch="false"/>
            <line number="14" hits="1" branch="false"/>
            <line number="21" hits="1" branch="false"/>
            <line number="24" hits="1" branch="false"/>
          </lines>
        </class>
        <class name="index.tsx" filename="components/molecules/card/profile/index.tsx" line-rate="1" branch-rate="0.909">
          <methods>
            <method name="(anonymous_1)" hits="1" signature="()V">
              <lines>
                <line number="3" hits="1"/>
              </lines>
            </method>
            <method name="(anonymous_2)" hits="1" signature="()V">
              <lines>
                <line number="27" hits="1"/>
              </lines>
            </method>
            <method name="(anonymous_3)" hits="4" signature="()V">
              <lines>
                <line number="76" hits="4"/>
              </lines>
            </method>
          </methods>
          <lines>
            <line number="1" hits="1" branch="false"/>
            <line number="3" hits="1" branch="true" condition-coverage="100% (2/2)"/>
            <line number="4" hits="1" branch="false"/>
            <line number="5" hits="1" branch="false"/>
            <line number="6" hits="1" branch="false"/>
            <line number="7" hits="1" branch="false"/>
            <line number="27" hits="1" branch="false"/>
            <line number="36" hits="1" branch="false"/>
            <line number="77" hits="4" branch="false"/>
            <line number="91" hits="1" branch="false"/>
          </lines>
        </class>
      </classes>
    </package>
    <package name="components.molecules.card.testimonial" line-rate="1" branch-rate="1">
      <classes>
        <class name=" TestimonialCard.stories.tsx" filename="components/molecules/card/testimonial/ TestimonialCard.stories.tsx" line-rate="1" branch-rate="1">
          <methods>
            <method name="(anonymous_1)" hits="4" signature="()V">
              <lines>
                <line number="13" hits="4"/>
              </lines>
            </method>
          </methods>
          <lines>
            <line number="2" hits="1" branch="false"/>
            <line number="4" hits="1" branch="false"/>
            <line number="14" hits="4" branch="false"/>
            <line number="23" hits="1" branch="false"/>
            <line number="26" hits="1" branch="false"/>
            <line number="40" hits="1" branch="false"/>
            <line number="53" hits="1" branch="false"/>
            <line number="67" hits="1" branch="false"/>
          </lines>
        </class>
        <class name="index.tsx" filename="components/molecules/card/testimonial/index.tsx" line-rate="1" branch-rate="1">
          <methods>
            <method name="(anonymous_1)" hits="9" signature="()V">
              <lines>
                <line number="25" hits="9"/>
              </lines>
            </method>
            <method name="(anonymous_2)" hits="10" signature="()V">
              <lines>
                <line number="29" hits="10"/>
              </lines>
            </method>
          </methods>
          <lines>
            <line number="1" hits="2" branch="false"/>
            <line number="25" hits="2" branch="false"/>
            <line number="26" hits="9" branch="false"/>
            <line number="29" hits="2" branch="false"/>
            <line number="37" hits="10" branch="false"/>
            <line number="65" hits="2" branch="false"/>
          </lines>
        </class>
      </classes>
    </package>
    <package name="components.organisms.404" line-rate="1" branch-rate="1">
      <classes>
        <class name="NotFound.stories.tsx" filename="components/organisms/404/NotFound.stories.tsx" line-rate="1" branch-rate="1">
          <methods>
            <method name="(anonymous_1)" hits="1" signature="()V">
              <lines>
                <line number="14" hits="1"/>
              </lines>
            </method>
          </methods>
          <lines>
            <line number="2" hits="1" branch="false"/>
            <line number="3" hits="1" branch="false"/>
            <line number="4" hits="1" branch="false"/>
            <line number="6" hits="1" branch="false"/>
            <line number="15" hits="1" branch="false"/>
            <line number="22" hits="1" branch="false"/>
            <line number="25" hits="1" branch="false"/>
          </lines>
        </class>
        <class name="index.tsx" filename="components/organisms/404/index.tsx" line-rate="1" branch-rate="1">
          <methods>
            <method name="(anonymous_0)" hits="5" signature="()V">
              <lines>
                <line number="12" hits="5"/>
              </lines>
            </method>
          </methods>
          <lines>
            <line number="12" hits="1" branch="false"/>
            <line number="13" hits="5" branch="false"/>
            <line number="49" hits="1" branch="false"/>
          </lines>
        </class>
      </classes>
    </package>
    <package name="components.organisms.Contact" line-rate="0.9174" branch-rate="0.6718000000000001">
      <classes>
        <class name="ButtonField.tsx" filename="components/organisms/Contact/ButtonField.tsx" line-rate="1" branch-rate="1">
          <methods>
            <method name="(anonymous_0)" hits="3" signature="()V">
              <lines>
                <line number="3" hits="3"/>
              </lines>
            </method>
            <method name="(anonymous_1)" hits="6" signature="()V">
              <lines>
                <line number="17" hits="6"/>
              </lines>
            </method>
          </methods>
          <lines>
            <line number="1" hits="3" branch="false"/>
            <line number="3" hits="3" branch="true" condition-coverage="100% (2/2)"/>
            <line number="4" hits="3" branch="false"/>
            <line number="5" hits="3" branch="false"/>
            <line number="6" hits="3" branch="false"/>
            <line number="17" hits="3" branch="false"/>
            <line number="25" hits="6" branch="false"/>
            <line number="42" hits="3" branch="false"/>
          </lines>
        </class>
        <class name="ContactSection.stories.tsx" filename="components/organisms/Contact/ContactSection.stories.tsx" line-rate="0.8332999999999999" branch-rate="1">
          <methods>
            <method name="(anonymous_1)" hits="0" signature="()V">
              <lines>
                <line number="19" hits="0"/>
              </lines>
            </method>
            <method name="(anonymous_2)" hits="0" signature="()V">
              <lines>
                <line number="30" hits="0"/>
              </lines>
            </method>
            <method name="(anonymous_3)" hits="3" signature="()V">
              <lines>
                <line number="44" hits="3"/>
              </lines>
            </method>
          </methods>
          <lines>
            <line number="2" hits="1" branch="false"/>
            <line number="3" hits="1" branch="false"/>
            <line number="4" hits="1" branch="false"/>
            <line number="5" hits="1" branch="false"/>
            <line number="11" hits="1" branch="false"/>
            <line number="20" hits="0" branch="false"/>
            <line number="31" hits="0" branch="false"/>
            <line number="45" hits="3" branch="false"/>
            <line number="52" hits="1" branch="false"/>
            <line number="55" hits="1" branch="false"/>
            <line number="61" hits="1" branch="false"/>
            <line number="67" hits="1" branch="false"/>
          </lines>
        </class>
        <class name="FieldComponent.tsx" filename="components/organisms/Contact/FieldComponent.tsx" line-rate="1" branch-rate="1">
          <methods>
            <method name="(anonymous_11)" hits="31" signature="()V">
              <lines>
                <line number="6" hits="31"/>
              </lines>
            </method>
          </methods>
          <lines>
            <line number="1" hits="3" branch="false"/>
            <line number="2" hits="3" branch="false"/>
            <line number="3" hits="3" branch="false"/>
            <line number="6" hits="3" branch="false"/>
            <line number="7" hits="31" branch="false"/>
            <line number="8" hits="31" branch="true" condition-coverage="100% (5/5)"/>
            <line number="10" hits="9" branch="false"/>
            <line number="12" hits="7" branch="false"/>
            <line number="14" hits="8" branch="false"/>
            <line number="16" hits="6" branch="false"/>
            <line number="18" hits="1" branch="false"/>
            <line number="22" hits="3" branch="false"/>
          </lines>
        </class>
        <class name="FormFields.tsx" filename="components/organisms/Contact/FormFields.tsx" line-rate="1" branch-rate="1">
          <methods>
            <method name="(anonymous_1)" hits="5" signature="()V">
              <lines>
                <line number="4" hits="5"/>
              </lines>
            </method>
            <method name="(anonymous_2)" hits="19" signature="()V">
              <lines>
                <line number="7" hits="19"/>
              </lines>
            </method>
          </methods>
          <lines>
            <line number="1" hits="2" branch="false"/>
            <line number="4" hits="2" branch="false"/>
            <line number="5" hits="5" branch="false"/>
            <line number="8" hits="19" branch="false"/>
            <line number="9" hits="19" branch="true" condition-coverage="100% (2/2)"/>
            <line number="11" hits="19" branch="true" condition-coverage="100% (1/1)"/>
            <line number="12" hits="4" branch="false"/>
            <line number="31" hits="15" branch="true" condition-coverage="100% (3/3)"/>
            <line number="32" hits="4" branch="false"/>
            <line number="35" hits="11" branch="false"/>
            <line number="45" hits="2" branch="false"/>
          </lines>
        </class>
        <class name="InputField.tsx" filename="components/organisms/Contact/InputField.tsx" line-rate="1" branch-rate="1">
          <methods>
            <method name="(anonymous_0)" hits="16" signature="()V">
              <lines>
                <line number="15" hits="16"/>
              </lines>
            </method>
          </methods>
          <lines>
            <line number="1" hits="3" branch="false"/>
            <line number="15" hits="3" branch="false"/>
            <line number="26" hits="16" branch="false"/>
            <line number="48" hits="3" branch="false"/>
          </lines>
        </class>
        <class name="TextareaField.tsx" filename="components/organisms/Contact/TextareaField.tsx" line-rate="1" branch-rate="0.8">
          <methods>
            <method name="(anonymous_9)" hits="32" signature="()V">
              <lines>
                <line number="16" hits="32"/>
              </lines>
            </method>
            <method name="(anonymous_10)" hits="24" signature="()V">
              <lines>
                <line number="28" hits="24"/>
              </lines>
            </method>
          </methods>
          <lines>
            <line number="1" hits="3" branch="false"/>
            <line number="2" hits="3" branch="false"/>
            <line number="16" hits="3" branch="false"/>
            <line number="27" hits="32" branch="false"/>
            <line number="28" hits="32" branch="false"/>
            <line number="29" hits="24" branch="false"/>
            <line number="32" hits="32" branch="false"/>
            <line number="62" hits="3" branch="false"/>
          </lines>
        </class>
        <class name="Toast.tsx" filename="components/organisms/Contact/Toast.tsx" line-rate="1" branch-rate="0.9">
          <methods>
            <method name="(anonymous_0)" hits="1" signature="()V">
              <lines>
                <line number="8" hits="1"/>
              </lines>
            </method>
            <method name="(anonymous_1)" hits="2" signature="()V">
              <lines>
                <line number="12" hits="2"/>
              </lines>
            </method>
          </methods>
          <lines>
            <line number="8" hits="2" branch="false"/>
            <line number="9" hits="1" branch="true" condition-coverage="50% (1/2)"/>
            <line number="12" hits="2" branch="false"/>
            <line number="13" hits="2" branch="true" condition-coverage="100% (2/2)"/>
            <line number="14" hits="2" branch="true" condition-coverage="100% (2/2)"/>
            <line number="15" hits="2" branch="true" condition-coverage="100% (2/2)"/>
            <line number="16" hits="2" branch="true" condition-coverage="100% (2/2)"/>
            <line number="18" hits="2" branch="false"/>
            <line number="28" hits="2" branch="false"/>
          </lines>
        </class>
        <class name="index.tsx" filename="components/organisms/Contact/index.tsx" line-rate="0.6842" branch-rate="0.3703">
          <methods>
            <method name="(anonymous_1)" hits="3" signature="()V">
              <lines>
                <line number="9" hits="3"/>
              </lines>
            </method>
            <method name="(anonymous_2)" hits="0" signature="()V">
              <lines>
                <line number="29" hits="0"/>
              </lines>
            </method>
            <method name="(anonymous_3)" hits="0" signature="()V">
              <lines>
                <line number="30" hits="0"/>
              </lines>
            </method>
            <method name="(anonymous_4)" hits="3" signature="()V">
              <lines>
                <line number="34" hits="3"/>
              </lines>
            </method>
            <method name="(anonymous_5)" hits="0" signature="()V">
              <lines>
                <line number="36" hits="0"/>
              </lines>
            </method>
            <method name="(anonymous_6)" hits="0" signature="()V">
              <lines>
                <line number="38" hits="0"/>
              </lines>
            </method>
            <method name="(anonymous_7)" hits="0" signature="()V">
              <lines>
                <line number="40" hits="0"/>
              </lines>
            </method>
          </methods>
          <lines>
            <line number="1" hits="1" branch="false"/>
            <line number="2" hits="1" branch="false"/>
            <line number="3" hits="1" branch="false"/>
            <line number="4" hits="1" branch="false"/>
            <line number="6" hits="1" branch="false"/>
            <line number="7" hits="1" branch="false"/>
            <line number="9" hits="1" branch="false"/>
            <line number="27" hits="3" branch="false"/>
            <line number="29" hits="3" branch="false"/>
            <line number="30" hits="0" branch="false"/>
            <line number="31" hits="0" branch="false"/>
            <line number="34" hits="3" branch="false"/>
            <line number="35" hits="3" branch="true" condition-coverage="0% (0/1)"/>
            <line number="36" hits="0" branch="false"/>
            <line number="37" hits="0" branch="false"/>
            <line number="38" hits="0" branch="false"/>
            <line number="40" hits="0" branch="false"/>
            <line number="44" hits="3" branch="false"/>
            <line number="117" hits="1" branch="false"/>
          </lines>
        </class>
        <class name="useFormSubmit.ts" filename="components/organisms/Contact/useFormSubmit.ts" line-rate="0.9615" branch-rate="0.6">
          <methods>
            <method name="(anonymous_8)" hits="9" signature="()V">
              <lines>
                <line number="23" hits="9"/>
              </lines>
            </method>
            <method name="(anonymous_9)" hits="3" signature="()V">
              <lines>
                <line number="30" hits="3"/>
              </lines>
            </method>
            <method name="(anonymous_10)" hits="3" signature="()V">
              <lines>
                <line number="30" hits="3"/>
              </lines>
            </method>
          </methods>
          <lines>
            <line number="1" hits="2" branch="false"/>
            <line number="2" hits="2" branch="false"/>
            <line number="23" hits="2" branch="false"/>
            <line number="28" hits="9" branch="false"/>
            <line number="29" hits="9" branch="false"/>
            <line number="30" hits="9" branch="false"/>
            <line number="31" hits="3" branch="false"/>
            <line number="32" hits="3" branch="true" condition-coverage="100% (1/1)"/>
            <line number="33" hits="1" branch="false"/>
            <line number="36" hits="1" branch="false"/>
            <line number="38" hits="2" branch="false"/>
            <line number="39" hits="2" branch="false"/>
            <line number="40" hits="2" branch="false"/>
            <line number="41" hits="2" branch="false"/>
            <line number="42" hits="2" branch="false"/>
            <line number="43" hits="2" branch="false"/>
            <line number="44" hits="2" branch="false"/>
            <line number="50" hits="1" branch="true" condition-coverage="50% (1/2)"/>
            <line number="52" hits="1" branch="true" condition-coverage="50% (1/2)"/>
            <line number="53" hits="1" branch="false"/>
            <line number="55" hits="0" branch="false"/>
            <line number="58" hits="1" branch="false"/>
            <line number="60" hits="1" branch="false"/>
            <line number="61" hits="1" branch="false"/>
            <line number="65" hits="9" branch="false"/>
            <line number="74" hits="2" branch="false"/>
          </lines>
        </class>
      </classes>
    </package>
    <package name="components.organisms.Faq" line-rate="0.5333" branch-rate="0.8332999999999999">
      <classes>
        <class name="Faq.stories.tsx" filename="components/organisms/Faq/Faq.stories.tsx" line-rate="0" branch-rate="1">
          <methods>
            <method name="(anonymous_1)" hits="0" signature="()V">
              <lines>
                <line number="14" hits="0"/>
              </lines>
            </method>
          </methods>
          <lines>
            <line number="2" hits="0" branch="false"/>
            <line number="3" hits="0" branch="false"/>
            <line number="4" hits="0" branch="false"/>
            <line number="6" hits="0" branch="false"/>
            <line number="15" hits="0" branch="false"/>
            <line number="22" hits="0" branch="false"/>
            <line number="25" hits="0" branch="false"/>
          </lines>
        </class>
        <class name="index.tsx" filename="components/organisms/Faq/index.tsx" line-rate="1" branch-rate="0.8332999999999999">
          <methods>
            <method name="(anonymous_0)" hits="4" signature="()V">
              <lines>
                <line number="28" hits="4"/>
              </lines>
            </method>
            <method name="(anonymous_1)" hits="8" signature="()V">
              <lines>
                <line number="44" hits="8"/>
              </lines>
            </method>
            <method name="(anonymous_2)" hits="32" signature="()V">
              <lines>
                <line number="53" hits="32"/>
              </lines>
            </method>
          </methods>
          <lines>
            <line number="1" hits="1" branch="false"/>
            <line number="6" hits="1" branch="false"/>
            <line number="28" hits="1" branch="false"/>
            <line number="29" hits="4" branch="false"/>
            <line number="45" hits="8" branch="false"/>
            <line number="46" hits="8" branch="false"/>
            <line number="54" hits="32" branch="false"/>
            <line number="96" hits="1" branch="false"/>
          </lines>
        </class>
      </classes>
    </package>
    <package name="components.organisms.Features" line-rate="0.5263" branch-rate="0.8125">
      <classes>
        <class name="FeaturesSection.stories.tsx" filename="components/organisms/Features/FeaturesSection.stories.tsx" line-rate="0" branch-rate="1">
          <methods>
            <method name="(anonymous_1)" hits="0" signature="()V">
              <lines>
                <line number="18" hits="0"/>
              </lines>
            </method>
          </methods>
          <lines>
            <line number="2" hits="0" branch="false"/>
            <line number="7" hits="0" branch="false"/>
            <line number="8" hits="0" branch="false"/>
            <line number="10" hits="0" branch="false"/>
            <line number="19" hits="0" branch="false"/>
            <line number="26" hits="0" branch="false"/>
            <line number="29" hits="0" branch="false"/>
            <line number="33" hits="0" branch="false"/>
            <line number="37" hits="0" branch="false"/>
          </lines>
        </class>
        <class name="index.tsx" filename="components/organisms/Features/index.tsx" line-rate="1" branch-rate="0.8125">
          <methods>
            <method name="(anonymous_1)" hits="1" signature="()V">
              <lines>
                <line number="19" hits="1"/>
              </lines>
            </method>
            <method name="(anonymous_2)" hits="2" signature="()V">
              <lines>
                <line number="22" hits="2"/>
              </lines>
            </method>
            <method name="(anonymous_3)" hits="1" signature="()V">
              <lines>
                <line number="46" hits="1"/>
              </lines>
            </method>
            <method name="(anonymous_4)" hits="2" signature="()V">
              <lines>
                <line number="48" hits="2"/>
              </lines>
            </method>
            <method name="(anonymous_5)" hits="4" signature="()V">
              <lines>
                <line number="71" hits="4"/>
              </lines>
            </method>
          </methods>
          <lines>
            <line number="1" hits="1" branch="false"/>
            <line number="19" hits="1" branch="false"/>
            <line number="20" hits="1" branch="false"/>
            <line number="23" hits="2" branch="false"/>
            <line number="46" hits="1" branch="false"/>
[...]
                <line number="13" hits="0"/>
              </lines>
            </method>
            <method name="(anonymous_2)" hits="0" signature="()V">
              <lines>
                <line number="32" hits="0"/>
              </lines>
            </method>
            <method name="(anonymous_3)" hits="0" signature="()V">
              <lines>
                <line number="39" hits="0"/>
              </lines>
            </method>
            <method name="(anonymous_4)" hits="0" signature="()V">
              <lines>
                <line number="55" hits="0"/>
              </lines>
            </method>
            <method name="(anonymous_5)" hits="0" signature="()V">
              <lines>
                <line number="62" hits="0"/>
              </lines>
            </method>
          </methods>
          <lines>
            <line number="2" hits="0" branch="false"/>
            <line number="3" hits="0" branch="false"/>
            <line number="5" hits="0" branch="false"/>
            <line number="14" hits="0" branch="false"/>
            <line number="23" hits="0" branch="false"/>
            <line number="26" hits="0" branch="false"/>
            <line number="33" hits="0" branch="false"/>
            <line number="34" hits="0" branch="false"/>
            <line number="35" hits="0" branch="false"/>
            <line number="39" hits="0" branch="false"/>
            <line number="49" hits="0" branch="false"/>
            <line number="56" hits="0" branch="false"/>
            <line number="57" hits="0" branch="false"/>
            <line number="58" hits="0" branch="false"/>
            <line number="62" hits="0" branch="false"/>
          </lines>
        </class>
        <class name="index.tsx" filename="components/organisms/Toast/index.tsx" line-rate="1" branch-rate="0.1">
          <methods>
            <method name="(anonymous_1)" hits="2" signature="()V">
              <lines>
                <line number="9" hits="2"/>
              </lines>
            </method>
          </methods>
          <lines>
            <line number="1" hits="1" branch="false"/>
            <line number="9" hits="1" branch="false"/>
            <line number="10" hits="2" branch="false"/>
            <line number="12" hits="2" branch="false"/>
            <line number="35" hits="1" branch="false"/>
          </lines>
        </class>
        <class name="useToast.ts" filename="components/organisms/Toast/useToast.ts" line-rate="0.7272" branch-rate="0.5">
          <methods>
            <method name="(anonymous_1)" hits="13" signature="()V">
              <lines>
                <line number="10" hits="13"/>
              </lines>
            </method>
            <method name="(anonymous_2)" hits="13" signature="()V">
              <lines>
                <line number="14" hits="13"/>
              </lines>
            </method>
            <method name="(anonymous_3)" hits="0" signature="()V">
              <lines>
                <line number="16" hits="0"/>
              </lines>
            </method>
            <method name="(anonymous_4)" hits="0" signature="()V">
              <lines>
                <line number="19" hits="0"/>
              </lines>
            </method>
          </methods>
          <lines>
            <line number="1" hits="3" branch="false"/>
            <line number="2" hits="3" branch="false"/>
            <line number="10" hits="3" branch="true" condition-coverage="100% (1/1)"/>
            <line number="12" hits="13" branch="false"/>
            <line number="14" hits="13" branch="false"/>
            <line number="15" hits="13" branch="true" condition-coverage="33.33333333333333% (1/3)"/>
            <line number="16" hits="0" branch="false"/>
            <line number="17" hits="0" branch="false"/>
            <line number="19" hits="0" branch="false"/>
            <line number="23" hits="13" branch="false"/>
            <line number="26" hits="3" branch="false"/>
          </lines>
        </class>
        <class name="useToastStore.ts" filename="components/organisms/Toast/useToastStore.ts" line-rate="0.7777" branch-rate="1">
          <methods>
            <method name="(anonymous_0)" hits="3" signature="()V">
              <lines>
                <line number="3" hits="3"/>
              </lines>
            </method>
            <method name="(anonymous_1)" hits="3" signature="()V">
              <lines>
                <line number="22" hits="3"/>
              </lines>
            </method>
            <method name="(anonymous_2)" hits="0" signature="()V">
              <lines>
                <line number="27" hits="0"/>
              </lines>
            </method>
            <method name="(anonymous_3)" hits="0" signature="()V">
              <lines>
                <line number="28" hits="0"/>
              </lines>
            </method>
          </methods>
          <lines>
            <line number="1" hits="3" branch="false"/>
            <line number="3" hits="3" branch="true" condition-coverage="100% (2/2)"/>
            <line number="4" hits="3" branch="false"/>
            <line number="5" hits="3" branch="false"/>
            <line number="6" hits="3" branch="false"/>
            <line number="22" hits="3" branch="false"/>
            <line number="27" hits="0" branch="false"/>
            <line number="29" hits="0" branch="false"/>
            <line number="32" hits="3" branch="false"/>
          </lines>
        </class>
      </classes>
    </package>
    <package name="components.pages.AboutUs" line-rate="0" branch-rate="1">
      <classes>
        <class name="AboutUs.stories.tsx" filename="components/pages/AboutUs/AboutUs.stories.tsx" line-rate="0" branch-rate="1">
          <methods>
          </methods>
          <lines>
            <line number="2" hits="0" branch="false"/>
            <line number="3" hits="0" branch="false"/>
            <line number="5" hits="0" branch="false"/>
            <line number="14" hits="0" branch="false"/>
            <line number="17" hits="0" branch="false"/>
          </lines>
        </class>
        <class name="index.tsx" filename="components/pages/AboutUs/index.tsx" line-rate="0" branch-rate="1">
          <methods>
            <method name="(anonymous_1)" hits="0" signature="()V">
              <lines>
                <line number="11" hits="0"/>
              </lines>
            </method>
          </methods>
          <lines>
            <line number="2" hits="0" branch="false"/>
            <line number="3" hits="0" branch="false"/>
            <line number="4" hits="0" branch="false"/>
            <line number="5" hits="0" branch="false"/>
            <line number="6" hits="0" branch="false"/>
            <line number="7" hits="0" branch="false"/>
            <line number="8" hits="0" branch="false"/>
            <line number="9" hits="0" branch="false"/>
            <line number="11" hits="0" branch="false"/>
            <line number="19" hits="0" branch="false"/>
            <line number="33" hits="0" branch="false"/>
          </lines>
        </class>
      </classes>
    </package>
    <package name="components.pages.ContactUs" line-rate="0" branch-rate="1">
      <classes>
        <class name="ContactUs.stories.tsx" filename="components/pages/ContactUs/ContactUs.stories.tsx" line-rate="0" branch-rate="1">
          <methods>
          </methods>
          <lines>
            <line number="2" hits="0" branch="false"/>
            <line number="3" hits="0" branch="false"/>
            <line number="5" hits="0" branch="false"/>
            <line number="14" hits="0" branch="false"/>
            <line number="17" hits="0" branch="false"/>
          </lines>
        </class>
        <class name="index.tsx" filename="components/pages/ContactUs/index.tsx" line-rate="0" branch-rate="1">
          <methods>
            <method name="(anonymous_1)" hits="0" signature="()V">
              <lines>
                <line number="9" hits="0"/>
              </lines>
            </method>
          </methods>
          <lines>
            <line number="2" hits="0" branch="false"/>
            <line number="3" hits="0" branch="false"/>
            <line number="4" hits="0" branch="false"/>
            <line number="5" hits="0" branch="false"/>
            <line number="6" hits="0" branch="false"/>
            <line number="7" hits="0" branch="false"/>
            <line number="9" hits="0" branch="false"/>
            <line number="15" hits="0" branch="false"/>
            <line number="27" hits="0" branch="false"/>
          </lines>
        </class>
      </classes>
    </package>
    <package name="components.pages.Features" line-rate="0" branch-rate="1">
      <classes>
        <class name="FeaturesPage.stories.tsx" filename="components/pages/Features/FeaturesPage.stories.tsx" line-rate="0" branch-rate="1">
          <methods>
          </methods>
          <lines>
            <line number="2" hits="0" branch="false"/>
            <line number="3" hits="0" branch="false"/>
            <line number="5" hits="0" branch="false"/>
            <line number="14" hits="0" branch="false"/>
            <line number="17" hits="0" branch="false"/>
          </lines>
        </class>
        <class name="index.tsx" filename="components/pages/Features/index.tsx" line-rate="0" branch-rate="1">
          <methods>
            <method name="(anonymous_1)" hits="0" signature="()V">
              <lines>
                <line number="13" hits="0"/>
              </lines>
            </method>
          </methods>
          <lines>
            <line number="1" hits="0" branch="false"/>
            <line number="3" hits="0" branch="false"/>
            <line number="4" hits="0" branch="false"/>
            <line number="5" hits="0" branch="false"/>
            <line number="6" hits="0" branch="false"/>
            <line number="7" hits="0" branch="false"/>
            <line number="8" hits="0" branch="false"/>
            <line number="9" hits="0" branch="false"/>
            <line number="10" hits="0" branch="false"/>
            <line number="11" hits="0" branch="false"/>
            <line number="13" hits="0" branch="false"/>
            <line number="24" hits="0" branch="false"/>
            <line number="41" hits="0" branch="false"/>
          </lines>
        </class>
      </classes>
    </package>
    <package name="components.pages.MarketingLanding" line-rate="0" branch-rate="1">
      <classes>
        <class name="MarketingLandingPage.stories.tsx" filename="components/pages/MarketingLanding/MarketingLandingPage.stories.tsx" line-rate="0" branch-rate="1">
          <methods>
            <method name="(anonymous_1)" hits="0" signature="()V">
              <lines>
                <line number="14" hits="0"/>
              </lines>
            </method>
          </methods>
          <lines>
            <line number="2" hits="0" branch="false"/>
            <line number="3" hits="0" branch="false"/>
            <line number="4" hits="0" branch="false"/>
            <line number="6" hits="0" branch="false"/>
            <line number="15" hits="0" branch="false"/>
            <line number="23" hits="0" branch="false"/>
            <line number="26" hits="0" branch="false"/>
          </lines>
        </class>
        <class name="index.tsx" filename="components/pages/MarketingLanding/index.tsx" line-rate="0" branch-rate="1">
          <methods>
            <method name="(anonymous_1)" hits="0" signature="()V">
              <lines>
                <line number="14" hits="0"/>
              </lines>
            </method>
          </methods>
          <lines>
            <line number="1" hits="0" branch="false"/>
            <line number="2" hits="0" branch="false"/>
            <line number="3" hits="0" branch="false"/>
            <line number="4" hits="0" branch="false"/>
            <line number="5" hits="0" branch="false"/>
            <line number="6" hits="0" branch="false"/>
            <line number="7" hits="0" branch="false"/>
            <line number="8" hits="0" branch="false"/>
            <line number="9" hits="0" branch="false"/>
            <line number="10" hits="0" branch="false"/>
            <line number="12" hits="0" branch="false"/>
            <line number="14" hits="0" branch="false"/>
            <line number="27" hits="0" branch="false"/>
            <line number="46" hits="0" branch="false"/>
          </lines>
        </class>
      </classes>
    </package>
    <package name="components.pages.Pricing" line-rate="0" branch-rate="1">
      <classes>
        <class name="PricingPage.stories.tsx" filename="components/pages/Pricing/PricingPage.stories.tsx" line-rate="0" branch-rate="1">
          <methods>
          </methods>
          <lines>
            <line number="2" hits="0" branch="false"/>
            <line number="3" hits="0" branch="false"/>
            <line number="5" hits="0" branch="false"/>
            <line number="14" hits="0" branch="false"/>
            <line number="17" hits="0" branch="false"/>
          </lines>
        </class>
        <class name="index.tsx" filename="components/pages/Pricing/index.tsx" line-rate="0" branch-rate="1">
          <methods>
            <method name="(anonymous_1)" hits="0" signature="()V">
              <lines>
                <line number="12" hits="0"/>
              </lines>
            </method>
          </methods>
          <lines>
            <line number="1" hits="0" branch="false"/>
            <line number="2" hits="0" branch="false"/>
            <line number="3" hits="0" branch="false"/>
            <line number="4" hits="0" branch="false"/>
            <line number="5" hits="0" branch="false"/>
            <line number="6" hits="0" branch="false"/>
            <line number="7" hits="0" branch="false"/>
            <line number="8" hits="0" branch="false"/>
            <line number="10" hits="0" branch="false"/>
            <line number="12" hits="0" branch="false"/>
            <line number="21" hits="0" branch="false"/>
            <line number="36" hits="0" branch="false"/>
          </lines>
        </class>
      </classes>
    </package>
    <package name="components.pages.ProductDetails" line-rate="0.9375" branch-rate="1">
      <classes>
        <class name="ProductDetails.stories.tsx" filename="components/pages/ProductDetails/ProductDetails.stories.tsx" line-rate="0.909" branch-rate="1">
          <methods>
            <method name="(anonymous_8)" hits="4" signature="()V">
              <lines>
                <line number="19" hits="4"/>
              </lines>
            </method>
            <method name="(anonymous_9)" hits="16" signature="()V">
              <lines>
                <line number="34" hits="16"/>
              </lines>
            </method>
            <method name="(anonymous_10)" hits="4" signature="()V">
              <lines>
                <line number="40" hits="4"/>
              </lines>
            </method>
            <method name="(anonymous_11)" hits="2" signature="()V">
              <lines>
                <line number="51" hits="2"/>
              </lines>
            </method>
            <method name="(anonymous_12)" hits="7" signature="()V">
              <lines>
                <line number="57" hits="7"/>
              </lines>
            </method>
            <method name="(anonymous_13)" hits="5" signature="()V">
              <lines>
                <line number="74" hits="5"/>
              </lines>
            </method>
            <method name="(anonymous_14)" hits="0" signature="()V">
              <lines>
                <line number="132" hits="0"/>
              </lines>
            </method>
            <method name="(anonymous_15)" hits="0" signature="()V">
              <lines>
                <line number="132" hits="0"/>
              </lines>
            </method>
          </methods>
          <lines>
            <line number="2" hits="1" branch="false"/>
            <line number="3" hits="1" branch="false"/>
            <line number="4" hits="1" branch="false"/>
            <line number="5" hits="1" branch="false"/>
            <line number="7" hits="1" branch="false"/>
            <line number="16" hits="1" branch="false"/>
            <line number="19" hits="1" branch="false"/>
            <line number="26" hits="4" branch="false"/>
            <line number="34" hits="16" branch="false"/>
            <line number="40" hits="1" branch="false"/>
            <line number="41" hits="4" branch="false"/>
            <line number="51" hits="1" branch="false"/>
            <line number="54" hits="2" branch="false"/>
            <line number="57" hits="7" branch="false"/>
            <line number="63" hits="1" branch="false"/>
            <line number="71" hits="1" branch="false"/>
            <line number="72" hits="1" branch="false"/>
            <line number="74" hits="5" branch="false"/>
            <line number="82" hits="1" branch="false"/>
            <line number="96" hits="1" branch="false"/>
            <line number="132" hits="0" branch="false"/>
            <line number="133" hits="0" branch="false"/>
          </lines>
        </class>
        <class name="index.tsx" filename="components/pages/ProductDetails/index.tsx" line-rate="1" branch-rate="1">
          <methods>
            <method name="(anonymous_1)" hits="9" signature="()V">
              <lines>
                <line number="10" hits="9"/>
              </lines>
            </method>
          </methods>
          <lines>
            <line number="2" hits="1" branch="false"/>
            <line number="3" hits="1" branch="false"/>
            <line number="4" hits="1" branch="false"/>
            <line number="5" hits="1" branch="false"/>
            <line number="6" hits="1" branch="false"/>
            <line number="7" hits="1" branch="false"/>
            <line number="8" hits="1" branch="false"/>
            <line number="10" hits="1" branch="false"/>
            <line number="17" hits="9" branch="false"/>
            <line number="30" hits="1" branch="false"/>
          </lines>
        </class>
      </classes>
    </package>
    <package name="hooks.forms" line-rate="1" branch-rate="1">
      <classes>
        <class name="useSubmitNewsletter.ts" filename="hooks/forms/useSubmitNewsletter.ts" line-rate="1" branch-rate="1">
          <methods>
            <method name="(anonymous_8)" hits="13" signature="()V">
              <lines>
                <line number="11" hits="13"/>
              </lines>
            </method>
            <method name="(anonymous_9)" hits="4" signature="()V">
              <lines>
                <line number="18" hits="4"/>
              </lines>
            </method>
            <method name="(anonymous_10)" hits="4" signature="()V">
              <lines>
                <line number="18" hits="4"/>
              </lines>
            </method>
          </methods>
          <lines>
            <line number="3" hits="2" branch="false"/>
            <line number="11" hits="2" branch="false"/>
            <line number="16" hits="13" branch="false"/>
            <line number="18" hits="13" branch="false"/>
            <line number="19" hits="4" branch="false"/>
            <line number="20" hits="4" branch="false"/>
            <line number="21" hits="4" branch="false"/>
            <line number="22" hits="4" branch="false"/>
            <line number="23" hits="4" branch="false"/>
            <line number="24" hits="3" branch="false"/>
            <line number="25" hits="3" branch="false"/>
            <line number="27" hits="1" branch="false"/>
            <line number="28" hits="1" branch="false"/>
            <line number="29" hits="1" branch="false"/>
            <line number="33" hits="13" branch="false"/>
            <line number="36" hits="2" branch="false"/>
          </lines>
        </class>
      </classes>
    </package>
  </packages>
</coverage>
