TN:
SF:components/atoms/Artboard/index.tsx
FN:8,(anonymous_1)
FNF:1
FNH:1
FNDA:27,(anonymous_1)
DA:1,10
DA:8,10
DA:9,27
DA:20,10
LF:4
LH:4
BRF:0
BRH:0
end_of_record
TN:
SF:components/atoms/Avatar/index.tsx
FN:9,(anonymous_1)
FNF:1
FNH:1
FNDA:1,(anonymous_1)
DA:1,1
DA:9,1
DA:10,1
DA:13,1
LF:4
LH:4
BRF:0
BRH:0
end_of_record
TN:
SF:components/atoms/Badge/Badge.stories.tsx
FN:13,(anonymous_1)
FN:29,(anonymous_2)
FNF:2
FNH:1
FNDA:2,(anonymous_1)
FNDA:0,(anonymous_2)
DA:2,1
DA:3,1
DA:5,1
DA:14,2
DA:21,1
DA:24,1
DA:30,0
DA:37,1
DA:43,1
LF:9
LH:8
BRF:0
BRH:0
end_of_record
TN:
SF:components/atoms/Badge/index.tsx
FN:6,(anonymous_0)
FNF:1
FNH:1
FNDA:6,(anonymous_0)
DA:6,3
DA:7,6
DA:12,6
DA:21,3
LF:4
LH:4
BRDA:6,0,0,5
BRF:1
BRH:1
end_of_record
TN:
SF:components/atoms/Button/Button.stories.tsx
FN:13,(anonymous_1)
FN:29,(anonymous_2)
FNF:2
FNH:1
FNDA:7,(anonymous_1)
FNDA:0,(anonymous_2)
DA:2,1
DA:3,1
DA:5,1
DA:14,7
DA:21,1
DA:24,1
DA:30,0
DA:186,1
DA:192,1
DA:199,1
DA:207,1
DA:216,1
DA:224,1
DA:232,1
LF:14
LH:13
BRF:0
BRH:0
end_of_record
TN:
SF:components/atoms/Button/index.tsx
FN:24,(anonymous_2)
FNF:1
FNH:1
FNDA:33,(anonymous_2)
DA:1,9
DA:2,9
DA:24,9
DA:30,33
DA:31,33
DA:33,33
DA:43,33
DA:53,33
DA:63,33
DA:73,33
DA:83,33
DA:118,33
DA:140,33
DA:147,33
DA:171,9
LF:15
LH:15
BRDA:25,0,0,2
BRDA:26,1,0,3
BRDA:27,2,0,27
BRDA:28,3,0,33
BRDA:153,4,0,4
BRDA:153,4,1,29
BRDA:161,5,0,33
BRDA:161,5,1,33
BRDA:163,6,0,33
BRDA:163,6,1,0
BRF:10
BRH:9
end_of_record
TN:
SF:components/atoms/ColorSwatch/ColorSwatches.stories.tsx
FN:13,(anonymous_1)
FN:32,(anonymous_2)
FNF:2
FNH:1
FNDA:4,(anonymous_1)
FNDA:0,(anonymous_2)
DA:2,1
DA:3,1
DA:5,1
DA:14,4
DA:21,1
DA:24,1
DA:33,0
DA:105,1
DA:115,1
DA:125,1
DA:135,1
LF:11
LH:10
BRF:0
BRH:0
end_of_record
TN:
SF:components/atoms/ColorSwatch/index.tsx
FN:21,(anonymous_1)
FNF:1
FNH:1
FNDA:25,(anonymous_1)
DA:1,4
DA:2,4
DA:3,4
DA:21,4
DA:30,25
DA:39,25
DA:43,25
DA:77,4
LF:8
LH:8
BRDA:24,0,0,21
BRDA:27,1,0,0
BRDA:28,2,0,1
BRDA:31,3,0,10
BRDA:31,3,1,15
BRDA:34,4,0,10
BRDA:34,4,1,15
BRDA:45,5,0,25
BRDA:45,5,1,20
BRDA:52,6,0,1
BRDA:52,6,1,24
BRDA:52,7,0,25
BRDA:52,7,1,25
BRDA:55,8,0,25
BRDA:55,8,1,9
BRDA:61,9,0,25
BRDA:61,9,1,10
BRDA:61,9,2,7
BRF:18
BRH:17
end_of_record
TN:
SF:components/atoms/Container/index.tsx
FN:8,(anonymous_1)
FNF:1
FNH:1
FNDA:2,(anonymous_1)
DA:1,1
DA:8,1
DA:9,2
DA:18,1
LF:4
LH:4
BRF:0
BRH:0
end_of_record
TN:
SF:components/atoms/Price/index.tsx
FN:9,(anonymous_1)
FNF:1
FNH:1
FNDA:6,(anonymous_1)
DA:1,3
DA:9,3
DA:14,6
DA:39,3
LF:4
LH:4
BRDA:16,0,0,5
BRDA:16,0,1,1
BRF:2
BRH:2
end_of_record
TN:
SF:components/atoms/Section/index.tsx
FN:8,(anonymous_1)
FNF:1
FNH:1
FNDA:7,(anonymous_1)
DA:1,2
DA:8,2
DA:9,7
DA:12,2
LF:4
LH:4
BRF:0
BRH:0
end_of_record
TN:
SF:components/atoms/Size/Sizes.stories.tsx
FN:13,(anonymous_1)
FN:32,(anonymous_2)
FNF:2
FNH:1
FNDA:3,(anonymous_1)
FNDA:0,(anonymous_2)
DA:2,1
DA:3,1
DA:5,1
DA:14,3
DA:21,1
DA:24,1
DA:33,0
DA:86,1
DA:96,1
DA:106,1
LF:10
LH:9
BRF:0
BRH:0
end_of_record
TN:
SF:components/atoms/Size/index.tsx
FN:13,(anonymous_0)
FNF:1
FNH:1
FNDA:18,(anonymous_0)
DA:1,4
DA:13,4
DA:22,18
DA:28,18
DA:52,4
LF:5
LH:5
BRDA:17,0,0,15
BRDA:19,1,0,0
BRDA:20,2,0,0
BRDA:23,3,0,5
BRDA:23,3,1,13
BRDA:30,4,0,18
BRDA:30,4,1,13
BRDA:35,5,0,13
BRDA:35,5,1,5
BRDA:35,6,0,18
BRDA:35,6,1,18
BRF:11
BRH:9
end_of_record
TN:
SF:components/atoms/Stars/Stars.stories.tsx
FN:13,(anonymous_1)
FN:46,(anonymous_2)
FNF:2
FNH:1
FNDA:3,(anonymous_1)
FNDA:0,(anonymous_2)
DA:2,1
DA:3,1
DA:5,1
DA:14,3
DA:21,1
DA:24,1
DA:30,1
DA:36,1
DA:42,1
DA:47,0
LF:10
LH:9
BRF:0
BRH:0
end_of_record
TN:
SF:components/atoms/Stars/index.tsx
FN:8,(anonymous_9)
FN:11,(anonymous_10)
FN:14,(anonymous_11)
FN:28,(anonymous_12)
FNF:4
FNH:4
FNDA:25,(anonymous_9)
FNDA:25,(anonymous_10)
FNDA:125,(anonymous_11)
FNDA:125,(anonymous_12)
DA:1,8
DA:2,8
DA:8,8
DA:9,25
DA:10,25
DA:11,25
DA:12,25
DA:13,25
DA:14,25
DA:15,125
DA:16,34
DA:17,16
DA:18,18
DA:22,25
DA:29,125
DA:35,8
LF:16
LH:16
BRDA:15,0,0,91
BRDA:16,1,0,16
BRDA:16,2,0,34
BRDA:16,2,1,23
BRF:4
BRH:4
end_of_record
TN:
SF:components/molecules/List/index.tsx
FN:12,(anonymous_1)
FN:40,(anonymous_2)
FN:49,(anonymous_3)
FNF:3
FNH:3
FNDA:22,(anonymous_1)
FNDA:8,(anonymous_2)
FNDA:22,(anonymous_3)
DA:1,3
DA:12,3
DA:13,22
DA:14,6
DA:24,16
DA:25,6
DA:35,10
DA:40,3
DA:47,8
DA:50,22
DA:51,22
DA:78,3
DA:80,3
LF:13
LH:13
BRDA:13,0,0,6
BRDA:24,1,0,6
BRDA:42,2,0,6
BRDA:57,3,0,3
BRDA:57,3,1,19
BRDA:68,4,0,22
BRDA:68,4,1,22
BRF:7
BRH:7
end_of_record
TN:
SF:components/molecules/LogoMarquee/LogoMarquee.stories.tsx
FN:13,(anonymous_1)
FNF:1
FNH:1
FNDA:1,(anonymous_1)
DA:2,1
DA:3,1
DA:5,1
DA:14,1
DA:23,1
DA:26,1
LF:6
LH:6
BRF:0
BRH:0
end_of_record
TN:
SF:components/molecules/LogoMarquee/index.tsx
FN:14,(anonymous_1)
FN:25,(anonymous_2)
FNF:2
FNH:2
FNDA:6,(anonymous_1)
FNDA:30,(anonymous_2)
DA:1,1
DA:14,1
DA:15,6
DA:26,30
DA:40,1
LF:5
LH:5
BRDA:14,0,0,5
BRDA:19,1,0,6
BRDA:19,1,1,5
BRF:3
BRH:3
end_of_record
TN:
SF:components/molecules/ProductCarousel/ProductCarousel.stories.tsx
FN:13,(anonymous_1)
FN:52,(anonymous_2)
FNF:2
FNH:1
FNDA:1,(anonymous_1)
FNDA:0,(anonymous_2)
DA:2,1
DA:3,1
DA:5,1
DA:14,1
DA:21,1
DA:24,1
DA:47,1
DA:53,0
LF:8
LH:7
BRF:0
BRH:0
end_of_record
TN:
SF:components/molecules/ProductCarousel/index.tsx
FN:13,(anonymous_0)
FN:20,(anonymous_1)
FN:35,(anonymous_2)
FN:42,(anonymous_3)
FN:56,(anonymous_4)
FNF:5
FNH:5
FNDA:6,(anonymous_0)
FNDA:16,(anonymous_1)
FNDA:1,(anonymous_2)
FNDA:16,(anonymous_3)
FNDA:16,(anonymous_4)
DA:1,2
DA:2,2
DA:13,2
DA:19,6
DA:20,16
DA:23,6
DA:24,6
DA:26,6
DA:27,1
DA:30,5
DA:36,1
DA:37,1
DA:38,1
DA:43,16
DA:57,16
DA:73,2
LF:16
LH:16
BRDA:23,0,0,2
BRDA:23,0,1,4
BRDA:26,1,0,1
BRF:3
BRH:3
end_of_record
TN:
SF:components/molecules/ProductColors/ProductColors.stories.tsx
FN:13,(anonymous_1)
FN:27,(anonymous_2)
FN:38,(anonymous_3)
FNF:3
FNH:1
FNDA:1,(anonymous_1)
FNDA:0,(anonymous_2)
FNDA:0,(anonymous_3)
DA:2,1
DA:3,1
DA:5,1
DA:14,1
DA:21,1
DA:24,1
DA:28,0
DA:35,1
DA:39,0
LF:9
LH:7
BRF:0
BRH:0
end_of_record
TN:
SF:components/molecules/ProductColors/index.tsx
FN:15,(anonymous_10)
FN:23,(anonymous_11)
FN:24,(anonymous_12)
FN:26,(anonymous_13)
FN:31,(anonymous_14)
FN:33,(anonymous_15)
FN:51,(anonymous_16)
FN:60,(anonymous_17)
FNF:8
FNH:8
FNDA:10,(anonymous_10)
FNDA:6,(anonymous_11)
FNDA:9,(anonymous_12)
FNDA:2,(anonymous_13)
FNDA:6,(anonymous_14)
FNDA:9,(anonymous_15)
FNDA:26,(anonymous_16)
FNDA:2,(anonymous_17)
DA:1,3
DA:2,3
DA:4,3
DA:15,3
DA:23,10
DA:24,9
DA:26,10
DA:27,2
DA:28,2
DA:31,10
DA:32,6
DA:33,9
DA:35,6
DA:38,10
DA:52,26
DA:53,26
DA:60,2
DA:71,3
LF:18
LH:18
BRDA:19,0,0,7
BRDA:40,1,0,10
BRDA:40,1,1,10
BRF:3
BRH:3
end_of_record
TN:
SF:components/molecules/ProductDetail/ProductDetail.stories.tsx
FN:13,(anonymous_1)
FNF:1
FNH:0
FNDA:0,(anonymous_1)
DA:2,0
DA:3,0
DA:5,0
DA:14,0
DA:21,0
DA:24,0
DA:36,0
DA:47,0
LF:8
LH:0
BRF:0
BRH:0
end_of_record
TN:
SF:components/molecules/ProductDetail/index.tsx
FN:15,(anonymous_1)
FNF:1
FNH:1
FNDA:4,(anonymous_1)
DA:1,2
DA:3,2
DA:15,2
DA:24,4
DA:25,4
DA:29,4
DA:33,4
DA:56,2
LF:8
LH:8
BRF:0
BRH:0
end_of_record
TN:
SF:components/molecules/ProductInfo/ProductInfo.stories.tsx
FN:13,(anonymous_1)
FNF:1
FNH:0
FNDA:0,(anonymous_1)
DA:2,0
DA:3,0
DA:5,0
DA:14,0
DA:21,0
DA:24,0
DA:54,0
LF:7
LH:0
BRF:0
BRH:0
end_of_record
TN:
SF:components/molecules/ProductInfo/index.tsx
FN:12,(anonymous_0)
FN:15,(anonymous_1)
FN:24,(anonymous_2)
FN:36,(anonymous_3)
FNF:4
FNH:4
FNDA:3,(anonymous_0)
FNDA:4,(anonymous_1)
FNDA:12,(anonymous_2)
FNDA:24,(anonymous_3)
DA:2,2
DA:7,2
DA:12,2
DA:13,3
DA:16,4
DA:17,4
DA:25,12
DA:37,24
DA:53,2
LF:9
LH:9
BRDA:15,0,0,0
BRDA:15,0,1,3
BRDA:15,1,0,3
BRDA:15,1,1,3
BRDA:28,2,0,0
BRDA:28,2,1,12
BRF:6
BRH:4
end_of_record
TN:
SF:components/molecules/ProductQuantity/ProductQuantity.stories.tsx
FN:13,(anonymous_1)
FN:28,(anonymous_2)
FN:40,(anonymous_3)
FNF:3
FNH:0
FNDA:0,(anonymous_1)
FNDA:0,(anonymous_2)
FNDA:0,(anonymous_3)
DA:2,0
DA:3,0
DA:5,0
DA:14,0
DA:21,0
DA:24,0
DA:29,0
DA:36,0
DA:41,0
LF:9
LH:0
BRF:0
BRH:0
end_of_record
TN:
SF:components/molecules/ProductQuantity/index.tsx
FN:13,(anonymous_1)
FNF:1
FNH:1
FNDA:3,(anonymous_1)
DA:1,3
DA:2,3
DA:3,3
DA:13,3
DA:20,3
DA:40,3
LF:6
LH:6
BRDA:16,0,0,0
BRDA:18,1,0,0
BRF:2
BRH:0
end_of_record
TN:
SF:components/molecules/ProductSize/ProductSize.stories.tsx
FN:13,(anonymous_1)
FN:45,(anonymous_2)
FN:59,(anonymous_3)
FN:73,(anonymous_4)
FNF:4
FNH:0
FNDA:0,(anonymous_1)
FNDA:0,(anonymous_2)
FNDA:0,(anonymous_3)
FNDA:0,(anonymous_4)
DA:2,0
DA:3,0
DA:5,0
DA:14,0
DA:21,0
DA:24,0
DA:25,0
DA:29,0
DA:41,0
DA:46,0
DA:55,0
DA:60,0
DA:69,0
DA:74,0
LF:14
LH:0
BRF:0
BRH:0
end_of_record
TN:
SF:components/molecules/ProductSize/index.tsx
FN:16,(anonymous_10)
FN:27,(anonymous_11)
FN:42,(anonymous_12)
FN:52,(anonymous_13)
FNF:4
FNH:2
FNDA:4,(anonymous_10)
FNDA:0,(anonymous_11)
FNDA:12,(anonymous_12)
FNDA:0,(anonymous_13)
DA:1,3
DA:4,3
DA:16,3
DA:25,4
DA:27,4
DA:28,0
DA:29,0
DA:32,4
DA:44,12
DA:47,12
DA:52,0
DA:66,3
LF:12
LH:9
BRDA:20,0,0,0
BRDA:34,1,0,4
BRDA:34,1,1,4
BRDA:42,2,0,0
BRDA:42,2,1,4
BRDA:42,3,0,4
BRDA:42,3,1,4
BRDA:44,4,0,12
BRDA:44,4,1,9
BRDA:44,5,0,3
BRDA:44,5,1,9
BRDA:44,6,0,12
BRDA:44,6,1,12
BRF:13
BRH:11
end_of_record
TN:
SF:components/molecules/QuantitySelector/Controls.tsx
FN:8,(anonymous_0)
FN:30,(anonymous_1)
FN:44,(anonymous_2)
FNF:3
FNH:3
FNDA:7,(anonymous_0)
FNDA:26,(anonymous_1)
FNDA:26,(anonymous_2)
DA:1,4
DA:2,4
DA:8,4
DA:9,7
DA:30,4
DA:39,26
DA:44,26
DA:45,26
DA:46,2
DA:48,24
DA:49,5
DA:51,19
DA:54,26
DA:67,4
LF:14
LH:14
BRDA:32,0,0,0
BRDA:33,1,0,0
BRDA:45,2,0,2
BRDA:45,3,0,26
BRDA:45,3,1,13
BRDA:48,4,0,5
BRDA:48,5,0,24
BRDA:48,5,1,13
BRDA:59,6,0,26
BRDA:59,6,1,26
BRF:10
BRH:8
end_of_record
TN:
SF:components/molecules/QuantitySelector/QuantitySelector.stories.tsx
FN:13,(anonymous_1)
FN:34,(anonymous_2)
FNF:2
FNH:1
FNDA:5,(anonymous_1)
FNDA:0,(anonymous_2)
DA:2,1
DA:3,1
DA:5,1
DA:14,5
DA:21,1
DA:24,1
DA:35,0
DA:68,1
DA:80,1
LF:9
LH:8
BRF:0
BRH:0
end_of_record
TN:
SF:components/molecules/QuantitySelector/index.tsx
FN:16,(anonymous_10)
FN:26,(anonymous_11)
FN:32,(anonymous_12)
FN:48,(anonymous_13)
FN:68,(anonymous_14)
FNF:5
FNH:5
FNDA:13,(anonymous_10)
FNDA:3,(anonymous_11)
FNDA:1,(anonymous_12)
FNDA:1,(anonymous_13)
FNDA:1,(anonymous_14)
DA:1,4
DA:2,4
DA:3,4
DA:4,4
DA:16,4
DA:25,13
DA:26,13
DA:27,3
DA:28,3
DA:32,13
DA:33,1
DA:34,1
DA:35,1
DA:39,13
DA:48,1
DA:68,1
DA:77,4
LF:17
LH:17
BRDA:18,0,0,0
BRDA:20,1,0,0
BRDA:21,2,0,0
BRDA:27,3,0,3
BRDA:27,4,0,3
BRDA:27,4,1,3
BRDA:34,5,0,1
BRDA:46,6,0,13
BRDA:46,6,1,11
BRDA:66,7,0,13
BRDA:66,7,1,11
BRF:11
BRH:8
end_of_record
TN:
SF:components/molecules/Rating/index.tsx
FN:13,(anonymous_1)
FN:24,(anonymous_2)
FNF:2
FNH:2
FNDA:15,(anonymous_1)
FNDA:22,(anonymous_2)
DA:1,7
DA:2,7
DA:3,7
DA:13,7
DA:14,15
DA:24,7
DA:31,22
DA:53,7
LF:8
LH:8
BRDA:28,0,0,14
BRDA:33,1,0,22
BRDA:33,1,1,15
BRDA:38,2,0,11
BRDA:38,2,1,11
BRDA:38,3,0,22
BRDA:38,3,1,11
BRDA:40,4,0,5
BRDA:40,4,1,6
BRF:9
BRH:9
end_of_record
TN:
SF:components/molecules/card/blog/BlogCard.stories.tsx
FN:13,(anonymous_1)
FNF:1
FNH:1
FNDA:1,(anonymous_1)
DA:2,1
DA:4,1
DA:14,1
DA:23,1
DA:26,1
LF:5
LH:5
BRF:0
BRH:0
end_of_record
TN:
SF:components/molecules/card/blog/index.tsx
FN:17,(anonymous_1)
FN:39,(anonymous_2)
FNF:2
FNH:2
FNDA:1,(anonymous_1)
FNDA:1,(anonymous_2)
DA:1,1
DA:2,1
DA:3,1
DA:17,1
DA:25,1
DA:40,1
DA:71,1
LF:7
LH:7
BRDA:23,0,0,0
BRDA:27,1,0,1
BRDA:27,1,1,1
BRDA:50,2,0,1
BRDA:50,2,1,1
BRDA:54,3,0,1
BRDA:54,3,1,1
BRDA:60,4,0,1
BRDA:60,4,1,1
BRF:9
BRH:8
end_of_record
TN:
SF:components/molecules/card/profile/ProfileCard.stories.tsx
FN:13,(anonymous_9)
FNF:1
FNH:1
FNDA:1,(anonymous_9)
DA:2,1
DA:4,1
DA:14,1
DA:21,1
DA:24,1
LF:5
LH:5
BRF:0
BRH:0
end_of_record
TN:
SF:components/molecules/card/profile/index.tsx
FN:3,(anonymous_1)
FN:27,(anonymous_2)
FN:76,(anonymous_3)
FNF:3
FNH:3
FNDA:1,(anonymous_1)
FNDA:1,(anonymous_2)
FNDA:4,(anonymous_3)
DA:1,1
DA:3,1
DA:4,1
DA:5,1
DA:6,1
DA:7,1
DA:27,1
DA:36,1
DA:77,4
DA:91,1
LF:10
LH:10
BRDA:3,0,0,1
BRDA:3,0,1,1
BRDA:34,1,0,0
BRDA:41,2,0,1
BRDA:41,2,1,1
BRDA:54,3,0,1
BRDA:54,3,1,1
BRDA:59,4,0,1
BRDA:59,4,1,1
BRDA:65,5,0,1
BRDA:65,5,1,1
BRF:11
BRH:10
end_of_record
TN:
SF:components/molecules/card/testimonial/ TestimonialCard.stories.tsx
FN:13,(anonymous_1)
FNF:1
FNH:1
FNDA:4,(anonymous_1)
DA:2,1
DA:4,1
DA:14,4
DA:23,1
DA:26,1
DA:40,1
DA:53,1
DA:67,1
LF:8
LH:8
BRF:0
BRH:0
end_of_record
TN:
SF:components/molecules/card/testimonial/index.tsx
FN:25,(anonymous_1)
FN:29,(anonymous_2)
FNF:2
FNH:2
FNDA:9,(anonymous_1)
FNDA:10,(anonymous_2)
DA:1,2
DA:25,2
DA:26,9
DA:29,2
DA:37,10
DA:65,2
LF:6
LH:6
BRDA:35,0,0,4
BRDA:42,1,0,10
BRDA:42,1,1,9
BRDA:42,2,0,1
BRDA:42,2,1,9
BRDA:42,3,0,10
BRDA:42,3,1,10
BRDA:45,4,0,8
BRDA:45,4,1,1
BRDA:45,5,0,9
BRDA:45,5,1,9
BRDA:50,6,0,9
BRDA:50,6,1,1
BRDA:50,7,0,10
BRDA:50,7,1,10
BRDA:51,8,0,10
BRDA:51,8,1,9
BRF:17
BRH:17
end_of_record
TN:
SF:components/organisms/404/NotFound.stories.tsx
FN:14,(anonymous_1)
FNF:1
FNH:1
FNDA:1,(anonymous_1)
DA:2,1
DA:3,1
DA:4,1
DA:6,1
DA:15,1
DA:22,1
DA:25,1
LF:7
LH:7
BRF:0
BRH:0
end_of_record
TN:
SF:components/organisms/404/index.tsx
FN:12,(anonymous_0)
FNF:1
FNH:1
FNDA:5,(anonymous_0)
DA:12,1
DA:13,5
DA:49,1
LF:3
LH:3
BRDA:20,0,0,5
BRDA:20,0,1,4
BRDA:25,1,0,5
BRDA:25,1,1,5
BRDA:30,2,0,5
BRDA:30,2,1,4
BRF:6
BRH:6
end_of_record
TN:
SF:components/organisms/Contact/ButtonField.tsx
FN:3,(anonymous_0)
FN:18,(anonymous_1)
FNF:2
FNH:2
FNDA:3,(anonymous_0)
FNDA:3,(anonymous_1)
DA:1,3
DA:3,3
DA:4,3
DA:5,3
DA:6,3
DA:18,3
DA:25,3
DA:41,3
LF:8
LH:8
BRDA:3,0,0,3
BRDA:3,0,1,3
BRF:2
BRH:2
end_of_record
TN:
SF:components/organisms/Contact/ContactSection.stories.tsx
FN:19,(anonymous_1)
FN:30,(anonymous_2)
FN:44,(anonymous_3)
FNF:3
FNH:0
FNDA:0,(anonymous_1)
FNDA:0,(anonymous_2)
FNDA:0,(anonymous_3)
DA:2,0
DA:3,0
DA:4,0
DA:5,0
DA:11,0
DA:20,0
DA:31,0
DA:45,0
DA:52,0
DA:55,0
DA:61,0
DA:67,0
LF:12
LH:0
BRF:0
BRH:0
end_of_record
TN:
SF:components/organisms/Contact/FieldComponent.tsx
FN:6,(anonymous_11)
FNF:1
FNH:1
FNDA:19,(anonymous_11)
DA:1,3
DA:2,3
DA:3,3
DA:6,3
DA:7,19
DA:8,19
DA:10,6
DA:12,4
DA:14,5
DA:16,3
DA:18,1
DA:22,3
LF:12
LH:12
BRDA:8,0,0,6
BRDA:8,0,1,4
BRDA:8,0,2,5
BRDA:8,0,3,3
BRDA:8,0,4,1
BRF:5
BRH:5
end_of_record
TN:
SF:components/organisms/Contact/FormFields.tsx
FN:4,(anonymous_1)
FN:7,(anonymous_2)
FNF:2
FNH:2
FNDA:2,(anonymous_1)
FNDA:7,(anonymous_2)
DA:1,2
DA:4,2
DA:5,2
DA:8,7
DA:9,7
DA:11,7
DA:12,1
DA:31,6
DA:32,1
DA:35,5
DA:45,2
LF:11
LH:11
BRDA:9,0,0,7
BRDA:9,0,1,1
BRDA:11,1,0,1
BRDA:31,2,0,1
BRDA:31,3,0,6
BRDA:31,3,1,5
BRF:6
BRH:6
end_of_record
TN:
SF:components/organisms/Contact/InputField.tsx
FN:15,(anonymous_0)
FNF:1
FNH:1
FNDA:10,(anonymous_0)
DA:1,3
DA:15,3
DA:26,10
DA:48,3
LF:4
LH:4
BRDA:20,0,0,2
BRDA:21,1,0,7
BRDA:22,2,0,5
BRF:3
BRH:3
end_of_record
TN:
SF:components/organisms/Contact/TextareaField.tsx
FN:16,(anonymous_9)
FN:28,(anonymous_10)
FNF:2
FNH:2
FNDA:6,(anonymous_9)
FNDA:1,(anonymous_10)
DA:1,3
DA:2,3
DA:16,3
DA:27,6
DA:28,6
DA:29,1
DA:32,6
DA:62,3
LF:8
LH:8
BRDA:21,0,0,0
BRDA:22,1,0,2
BRDA:24,2,0,2
BRDA:48,3,0,6
BRDA:48,3,1,4
BRF:5
BRH:4
end_of_record
TN:
SF:components/organisms/Contact/Toast.tsx
FN:1,(anonymous_0)
FN:11,(anonymous_1)
FNF:2
FNH:2
FNDA:2,(anonymous_0)
FNDA:2,(anonymous_1)
DA:1,2
DA:2,2
DA:3,2
DA:11,2
DA:12,2
DA:13,2
DA:14,2
DA:15,2
DA:17,2
DA:27,2
LF:10
LH:10
BRDA:1,0,0,2
BRDA:1,0,1,2
BRDA:13,1,0,1
BRDA:13,1,1,1
BRDA:14,2,0,1
BRDA:14,2,1,1
BRDA:15,3,0,1
BRDA:15,3,1,1
BRF:8
BRH:8
end_of_record
TN:
SF:components/organisms/Contact/index.tsx
FN:9,(anonymous_1)
FN:29,(anonymous_2)
FN:30,(anonymous_3)
FN:34,(anonymous_4)
FN:36,(anonymous_5)
FN:38,(anonymous_6)
FN:40,(anonymous_7)
FNF:7
FNH:0
FNDA:0,(anonymous_1)
FNDA:0,(anonymous_2)
FNDA:0,(anonymous_3)
FNDA:0,(anonymous_4)
FNDA:0,(anonymous_5)
FNDA:0,(anonymous_6)
FNDA:0,(anonymous_7)
DA:1,1
DA:2,1
DA:3,1
DA:4,1
DA:6,1
DA:7,1
DA:9,1
DA:27,0
DA:29,0
DA:30,0
DA:31,0
DA:34,0
DA:35,0
DA:36,0
DA:37,0
DA:38,0
DA:40,0
DA:44,0
DA:116,1
LF:19
LH:8
BRDA:18,0,0,0
BRDA:35,1,0,0
BRDA:46,2,0,0
BRDA:46,2,1,0
BRDA:46,2,2,0
BRDA:51,3,0,0
BRDA:51,3,1,0
BRDA:56,4,0,0
BRDA:56,4,1,0
BRDA:61,5,0,0
BRDA:61,5,1,0
BRDA:67,6,0,0
BRDA:67,6,1,0
BRDA:67,7,0,0
BRDA:67,7,1,0
BRDA:72,8,0,0
BRDA:72,8,1,0
BRDA:72,9,0,0
BRDA:72,9,1,0
BRDA:72,10,0,0
BRDA:72,10,1,0
BRDA:76,11,0,0
BRDA:76,11,1,0
BRDA:88,12,0,0
BRDA:88,12,1,0
BRF:25
BRH:0
end_of_record
TN:
SF:components/organisms/Contact/useFormSubmit.ts
FN:15,(anonymous_8)
FN:22,(anonymous_9)
FN:22,(anonymous_10)
FNF:3
FNH:0
FNDA:0,(anonymous_8)
FNDA:0,(anonymous_9)
FNDA:0,(anonymous_10)
DA:1,1
DA:2,1
DA:15,1
DA:20,0
DA:21,0
DA:22,0
DA:23,0
DA:24,0
DA:25,0
DA:28,0
DA:30,0
DA:31,0
DA:32,0
DA:33,0
DA:34,0
DA:35,0
DA:36,0
DA:42,0
DA:44,0
DA:45,0
DA:47,0
DA:50,0
DA:52,0
DA:53,0
DA:57,0
DA:66,1
LF:26
LH:4
BRDA:24,0,0,0
BRDA:42,1,0,0
BRDA:42,1,1,0
BRDA:44,2,0,0
BRDA:44,2,1,0
BRF:5
BRH:0
end_of_record
TN:
SF:components/organisms/Faq/Faq.stories.tsx
FN:14,(anonymous_1)
FNF:1
FNH:0
FNDA:0,(anonymous_1)
DA:2,0
DA:3,0
DA:4,0
DA:6,0
DA:15,0
DA:22,0
DA:25,0
LF:7
LH:0
BRF:0
BRH:0
end_of_record
TN:
SF:components/organisms/Faq/index.tsx
FN:28,(anonymous_0)
FN:44,(anonymous_1)
FN:53,(anonymous_2)
FNF:3
FNH:3
FNDA:4,(anonymous_0)
FNDA:8,(anonymous_1)
FNDA:32,(anonymous_2)
DA:1,1
DA:6,1
DA:28,1
DA:29,4
DA:45,8
DA:46,8
DA:54,32
DA:96,1
LF:8
LH:8
BRDA:32,0,0,4
BRDA:32,0,1,4
BRDA:37,1,0,4
BRDA:37,1,1,4
BRDA:44,2,0,0
BRDA:44,2,1,4
BRDA:44,3,0,4
BRDA:44,3,1,4
BRDA:59,4,0,32
BRDA:59,4,1,0
BRDA:68,5,0,32
BRDA:68,5,1,16
BRF:12
BRH:10
end_of_record
TN:
SF:components/organisms/Features/FeaturesSection.stories.tsx
FN:18,(anonymous_1)
FNF:1
FNH:0
FNDA:0,(anonymous_1)
DA:2,0
DA:7,0
DA:8,0
DA:10,0
DA:19,0
DA:26,0
DA:29,0
DA:33,0
DA:37,0
LF:9
LH:0
BRF:0
BRH:0
end_of_record
TN:
SF:components/organisms/Features/index.tsx
FN:19,(anonymous_1)
FN:22,(anonymous_2)
FN:46,(anonymous_3)
FN:48,(anonymous_4)
FN:71,(anonymous_5)
FNF:5
FNH:5
FNDA:1,(anonymous_1)
FNDA:2,(anonymous_2)
FNDA:1,(anonymous_3)
FNDA:2,(anonymous_4)
FNDA:4,(anonymous_5)
DA:1,1
DA:19,1
DA:20,1
DA:23,2
DA:46,1
DA:47,1
DA:49,2
DA:71,1
DA:80,4
DA:126,1
LF:10
LH:10
BRDA:77,0,0,4
BRDA:78,1,0,2
BRDA:84,2,0,4
BRDA:84,2,1,1
BRDA:89,3,0,4
BRDA:89,3,1,4
BRDA:94,4,0,4
BRDA:94,4,1,1
BRDA:101,5,0,4
BRDA:101,5,1,2
BRDA:102,6,0,1
BRDA:102,6,1,1
BRDA:107,7,0,4
BRDA:107,7,1,0
BRDA:109,8,0,0
BRDA:109,8,1,0
BRF:16
BRH:13
end_of_record
TN:
SF:components/organisms/Footer/Footer.stories.tsx
FN:14,(anonymous_1)
FNF:1
FNH:0
FNDA:0,(anonymous_1)
DA:2,0
DA:3,0
DA:4,0
DA:6,0
DA:15,0
DA:22,0
DA:25,0
LF:7
LH:0
BRF:0
BRH:0
end_of_record
TN:
SF:components/organisms/Footer/index.tsx
FN:27,(anonymous_1)
FN:44,(anonymous_2)
FN:55,(anonymous_3)
FN:68,(anonymous_4)
FNF:4
FNH:4
FNDA:12,(anonymous_1)
FNDA:4,(anonymous_2)
FNDA:12,(anonymous_3)
FNDA:12,(anonymous_4)
DA:1,1
DA:2,1
DA:3,1
DA:4,1
DA:5,1
DA:6,1
DA:7,1
DA:27,1
DA:28,12
DA:30,0
DA:32,4
DA:34,0
DA:36,4
DA:38,4
DA:40,0
DA:44,1
DA:50,4
DA:56,12
DA:69,12
DA:85,1
LF:20
LH:17
BRDA:28,0,0,0
BRDA:28,0,1,4
BRDA:28,0,2,0
BRDA:28,0,3,4
BRDA:28,0,4,4
BRDA:28,0,5,0
BRF:6
BRH:3
end_of_record
TN:
SF:components/organisms/Hero/HeroSection.stories.tsx
FN:14,(anonymous_1)
FNF:1
FNH:1
FNDA:2,(anonymous_1)
DA:2,1
DA:3,1
DA:4,1
DA:6,1
DA:15,2
DA:22,1
DA:25,1
DA:29,1
LF:8
LH:8
BRF:0
BRH:0
end_of_record
TN:
SF:components/organisms/Hero/index.tsx
FN:19,(anonymous_1)
FN:27,(anonymous_2)
FN:51,(anonymous_3)
FN:67,(anonymous_4)
FNF:4
FNH:4
FNDA:5,(anonymous_1)
FNDA:10,(anonymous_2)
FNDA:9,(anonymous_3)
FNDA:10,(anonymous_4)
DA:1,1
DA:2,1
DA:3,1
DA:19,1
DA:27,5
DA:28,10
DA:32,5
DA:52,9
DA:68,10
DA:92,1
LF:10
LH:10
BRDA:25,0,0,2
BRDA:28,1,0,5
BRDA:28,1,1,5
BRDA:38,2,0,5
BRDA:38,2,1,5
BRDA:43,3,0,5
BRDA:43,3,1,3
BRDA:49,4,0,5
BRDA:49,4,1,3
BRF:9
BRH:9
end_of_record
TN:
SF:components/organisms/Modal/CookieConsent/CookieConsent.stories.tsx
FNF:0
FNH:0
DA:2,0
DA:4,0
DA:13,0
DA:16,0
LF:4
LH:0
BRF:0
BRH:0
end_of_record
TN:
SF:components/organisms/Modal/CookieConsent/Overlay.tsx
FN:5,(anonymous_0)
FNF:1
FNH:1
FNDA:2,(anonymous_0)
DA:5,1
DA:6,2
DA:13,1
LF:3
LH:3
BRF:0
BRH:0
end_of_record
TN:
SF:components/organisms/Modal/CookieConsent/index.tsx
FN:35,(anonymous_1)
FN:42,(anonymous_2)
FN:58,(anonymous_3)
FN:59,(anonymous_4)
FN:60,(anonymous_5)
FN:68,(anonymous_6)
FN:70,(anonymous_7)
FN:71,(anonymous_8)
FN:76,(anonymous_9)
FN:77,(anonymous_10)
FN:78,(anonymous_11)
FN:87,(anonymous_12)
FN:88,(anonymous_13)
FN:89,(anonymous_14)
FN:95,(anonymous_15)
FN:97,(anonymous_16)
FN:108,(anonymous_17)
FN:126,(anonymous_18)
FN:201,(anonymous_19)
FN:223,(anonymous_20)
FNF:20
FNH:7
FNDA:2,(anonymous_1)
FNDA:2,(anonymous_2)
FNDA:0,(anonymous_3)
FNDA:0,(anonymous_4)
FNDA:0,(anonymous_5)
FNDA:0,(anonymous_6)
FNDA:0,(anonymous_7)
FNDA:0,(anonymous_8)
FNDA:0,(anonymous_9)
FNDA:0,(anonymous_10)
FNDA:0,(anonymous_11)
FNDA:0,(anonymous_12)
FNDA:0,(anonymous_13)
FNDA:0,(anonymous_14)
FNDA:4,(anonymous_15)
FNDA:6,(anonymous_16)
FNDA:0,(anonymous_17)
FNDA:12,(anonymous_18)
FNDA:6,(anonymous_19)
FNDA:6,(anonymous_20)
DA:1,1
DA:2,1
DA:9,1
DA:10,1
DA:11,1
DA:35,1
DA:41,2
DA:42,2
DA:43,2
DA:44,2
DA:46,0
DA:47,0
DA:50,2
DA:51,2
DA:52,2
DA:57,2
DA:59,0
DA:60,0
DA:61,0
DA:68,2
DA:69,0
DA:70,0
DA:71,0
DA:72,0
DA:73,0
DA:76,2
DA:77,0
DA:78,0
DA:79,0
DA:84,0
DA:87,2
DA:88,0
DA:89,0
DA:91,0
DA:94,2
DA:96,4
DA:97,6
DA:99,4
DA:108,0
DA:125,2
DA:127,12
DA:137,12
DA:145,12
DA:146,12
DA:148,12
DA:149,0
DA:170,12
DA:171,0
DA:174,12
DA:187,2
DA:202,6
DA:224,6
DA:233,1
LF:53
LH:33
BRDA:44,0,0,0
BRDA:44,0,1,2
BRDA:61,1,0,0
BRDA:61,1,1,0
BRDA:79,2,0,0
BRDA:79,2,1,0
BRDA:105,3,0,4
BRDA:105,3,1,4
BRDA:146,4,0,12
BRDA:146,4,1,0
BRDA:148,5,0,0
BRDA:152,6,0,0
BRDA:152,6,1,0
BRDA:170,7,0,0
BRDA:170,8,0,12
BRDA:170,8,1,8
BRDA:210,9,0,2
BRDA:210,9,1,2
BRDA:215,10,0,2
BRDA:215,10,1,2
BRF:20
BRH:10
end_of_record
TN:
SF:components/organisms/Modal/CookieConsent/useCookies.ts
FN:8,(anonymous_0)
FN:9,(anonymous_1)
FN:10,(anonymous_2)
FNF:3
FNH:3
FNDA:2,(anonymous_0)
FNDA:2,(anonymous_1)
FNDA:4,(anonymous_2)
DA:1,1
DA:8,1
DA:9,2
DA:10,4
DA:15,2
DA:17,2
DA:20,1
LF:7
LH:7
BRDA:12,0,0,4
BRDA:12,0,1,0
BRDA:12,1,0,4
BRDA:12,1,1,4
BRF:4
BRH:3
end_of_record
TN:
SF:components/organisms/Modal/CookieConsent/useModal.ts
FN:3,(anonymous_0)
FN:6,(anonymous_1)
FN:7,(anonymous_2)
FNF:3
FNH:1
FNDA:2,(anonymous_0)
FNDA:0,(anonymous_1)
FNDA:0,(anonymous_2)
DA:1,1
DA:3,1
DA:4,2
DA:6,2
DA:7,2
DA:9,2
DA:12,1
LF:7
LH:7
BRF:0
BRH:0
end_of_record
TN:
SF:components/organisms/Nav/CallToAction.tsx
FN:15,(anonymous_0)
FN:21,(anonymous_1)
FNF:2
FNH:2
FNDA:2,(anonymous_0)
FNDA:4,(anonymous_1)
DA:1,1
DA:15,1
DA:19,2
DA:22,4
DA:23,4
DA:26,4
DA:40,1
LF:7
LH:7
BRDA:21,0,0,0
BRDA:21,0,1,2
BRDA:21,1,0,2
BRDA:21,1,1,2
BRDA:23,2,0,2
BRDA:23,2,1,2
BRF:6
BRH:5
end_of_record
TN:
SF:components/organisms/Nav/DesktopNavigation.tsx
FN:10,(anonymous_0)
FN:22,(anonymous_1)
FN:37,(anonymous_2)
FN:40,(anonymous_3)
FNF:4
FNH:4
FNDA:2,(anonymous_0)
FNDA:4,(anonymous_1)
FNDA:2,(anonymous_2)
FNDA:6,(anonymous_3)
DA:1,1
DA:2,1
DA:4,1
DA:10,1
DA:11,2
DA:23,4
DA:37,1
DA:38,2
DA:41,6
DA:42,2
DA:44,4
DA:58,1
LF:12
LH:12
BRDA:22,0,0,0
BRDA:22,0,1,2
BRDA:22,1,0,2
BRDA:22,1,1,2
BRDA:41,2,0,2
BRF:5
BRH:4
end_of_record
TN:
SF:components/organisms/Nav/MobileNavigation.tsx
FN:21,(anonymous_1)
FN:29,(anonymous_2)
FN:43,(anonymous_3)
FN:70,(anonymous_4)
FNF:4
FNH:2
FNDA:0,(anonymous_1)
FNDA:0,(anonymous_2)
FNDA:2,(anonymous_3)
FNDA:6,(anonymous_4)
DA:1,1
DA:10,1
DA:11,1
DA:21,1
DA:22,0
DA:30,0
DA:43,1
DA:50,2
DA:71,6
DA:72,2
DA:74,4
DA:98,1
LF:12
LH:10
BRDA:29,0,0,0
BRDA:29,0,1,0
BRDA:29,1,0,0
BRDA:29,1,1,0
BRDA:71,2,0,2
BRDA:85,3,0,2
BRDA:85,3,1,2
BRF:7
BRH:3
end_of_record
TN:
SF:components/organisms/Nav/Nav.stories.tsx
FNF:0
FNH:0
DA:2,0
DA:7,0
DA:9,0
DA:18,0
DA:21,0
DA:27,0
DA:33,0
LF:7
LH:0
BRF:0
BRH:0
end_of_record
TN:
SF:components/organisms/Nav/NavLogo.tsx
FN:10,(anonymous_1)
FNF:1
FNH:1
FNDA:2,(anonymous_1)
DA:1,1
DA:2,1
DA:10,1
DA:11,2
DA:25,1
LF:5
LH:5
BRDA:10,0,0,0
BRF:1
BRH:0
end_of_record
TN:
SF:components/organisms/Nav/index.tsx
FN:35,(anonymous_1)
FNF:1
FNH:1
FNDA:2,(anonymous_1)
DA:1,1
DA:2,1
DA:3,1
DA:4,1
DA:5,1
DA:6,1
DA:7,1
DA:35,1
DA:42,2
DA:43,2
DA:90,1
LF:11
LH:11
BRDA:40,0,0,1
BRDA:54,1,0,2
BRDA:54,1,1,1
BRDA:62,2,0,2
BRDA:62,2,1,2
BRF:5
BRH:5
end_of_record
TN:
SF:components/organisms/Nav/useMobileMenu.ts
FN:3,(anonymous_0)
FN:5,(anonymous_1)
FN:6,(anonymous_2)
FNF:3
FNH:1
FNDA:2,(anonymous_0)
FNDA:0,(anonymous_1)
FNDA:0,(anonymous_2)
DA:1,1
DA:3,1
DA:4,2
DA:5,2
DA:6,2
DA:7,2
DA:10,1
LF:7
LH:7
BRF:0
BRH:0
end_of_record
TN:
SF:components/organisms/Newsletter/NewsletterSection.stories.tsx
FN:37,(anonymous_8)
FN:49,(anonymous_9)
FN:53,(anonymous_10)
FN:54,(anonymous_11)
FN:54,(anonymous_12)
FN:58,(anonymous_13)
FN:58,(anonymous_14)
FN:62,(anonymous_15)
FN:73,(anonymous_16)
FN:73,(anonymous_17)
FN:78,(anonymous_18)
FN:88,(anonymous_19)
FN:88,(anonymous_20)
FN:93,(anonymous_21)
FNF:14
FNH:0
FNDA:0,(anonymous_8)
FNDA:0,(anonymous_9)
FNDA:0,(anonymous_10)
FNDA:0,(anonymous_11)
FNDA:0,(anonymous_12)
FNDA:0,(anonymous_13)
FNDA:0,(anonymous_14)
FNDA:0,(anonymous_15)
FNDA:0,(anonymous_16)
FNDA:0,(anonymous_17)
FNDA:0,(anonymous_18)
FNDA:0,(anonymous_19)
FNDA:0,(anonymous_20)
FNDA:0,(anonymous_21)
DA:2,0
DA:3,0
DA:4,0
DA:8,0
DA:9,0
DA:10,0
DA:11,0
DA:17,0
DA:38,0
DA:46,0
DA:49,0
DA:53,0
DA:54,0
DA:55,0
DA:58,0
DA:59,0
DA:62,0
DA:65,0
DA:71,0
DA:73,0
DA:74,0
DA:76,0
DA:78,0
DA:79,0
DA:86,0
DA:88,0
DA:89,0
DA:91,0
DA:93,0
DA:94,0
LF:30
LH:0
BRF:0
BRH:0
end_of_record
TN:
SF:components/organisms/Newsletter/index.tsx
FN:43,(anonymous_8)
FN:77,(anonymous_9)
FN:86,(anonymous_10)
FN:86,(anonymous_11)
FNF:4
FNH:2
FNDA:2,(anonymous_8)
FNDA:2,(anonymous_9)
FNDA:0,(anonymous_10)
FNDA:0,(anonymous_11)
DA:1,1
DA:2,1
DA:3,1
DA:4,1
DA:43,1
DA:49,2
DA:77,1
DA:83,2
DA:84,2
DA:86,2
DA:87,0
DA:88,0
DA:89,0
DA:90,0
DA:91,0
DA:93,0
DA:94,0
DA:96,0
DA:97,0
DA:98,0
DA:102,2
DA:135,1
LF:22
LH:12
BRDA:93,0,0,0
BRDA:93,0,1,0
BRDA:107,1,0,2
BRDA:107,1,1,2
BRDA:112,2,0,2
BRDA:112,2,1,2
BRDA:116,3,0,2
BRDA:116,3,1,2
BRF:8
BRH:6
end_of_record
TN:
SF:components/organisms/Page/index.tsx
FN:6,(anonymous_0)
FNF:1
FNH:1
FNDA:4,(anonymous_0)
DA:6,1
DA:7,4
DA:10,1
LF:3
LH:3
BRDA:6,0,0,3
BRF:1
BRH:1
end_of_record
TN:
SF:components/organisms/PricingTable/Single/PricingTable.stories.tsx
FN:14,(anonymous_1)
FNF:1
FNH:0
FNDA:0,(anonymous_1)
DA:2,0
DA:3,0
DA:4,0
DA:6,0
DA:15,0
DA:22,0
DA:25,0
LF:7
LH:0
BRF:0
BRH:0
end_of_record
TN:
SF:components/organisms/PricingTable/Single/index.tsx
FN:25,(anonymous_1)
FN:26,(anonymous_2)
FN:50,(anonymous_3)
FN:65,(anonymous_4)
FN:104,(anonymous_5)
FN:120,(anonymous_6)
FNF:6
FNH:6
FNDA:6,(anonymous_1)
FNDA:11,(anonymous_2)
FNDA:11,(anonymous_3)
FNDA:6,(anonymous_4)
FNDA:15,(anonymous_5)
FNDA:6,(anonymous_6)
DA:1,1
DA:25,1
DA:26,6
DA:27,11
DA:30,6
DA:51,11
DA:65,1
DA:73,6
DA:105,15
DA:121,6
DA:130,1
LF:11
LH:11
BRDA:27,0,0,6
BRDA:27,0,1,5
BRDA:78,1,0,6
BRDA:78,1,1,5
BRDA:83,2,0,6
BRDA:83,2,1,6
BRDA:88,3,0,6
BRDA:88,3,1,5
BRDA:97,4,0,6
BRDA:97,4,1,6
BRDA:102,5,0,6
BRDA:102,5,1,5
BRF:12
BRH:12
end_of_record
TN:
SF:components/organisms/PricingTable/Tier/PricingTier.stories.tsx
FN:14,(anonymous_1)
FNF:1
FNH:0
FNDA:0,(anonymous_1)
DA:2,0
DA:3,0
DA:4,0
DA:6,0
DA:15,0
DA:22,0
DA:25,0
LF:7
LH:0
BRF:0
BRH:0
end_of_record
TN:
SF:components/organisms/PricingTable/Tier/index.tsx
FN:35,(anonymous_1)
FN:46,(anonymous_2)
FN:76,(anonymous_3)
FN:91,(anonymous_4)
FN:114,(anonymous_5)
FN:139,(anonymous_6)
FN:151,(anonymous_7)
FN:157,(anonymous_8)
FNF:8
FNH:8
FNDA:4,(anonymous_1)
FNDA:8,(anonymous_2)
FNDA:8,(anonymous_3)
FNDA:8,(anonymous_4)
FNDA:5,(anonymous_5)
FNDA:8,(anonymous_6)
FNDA:8,(anonymous_7)
FNDA:8,(anonymous_8)
DA:1,1
DA:2,1
DA:35,1
DA:46,4
DA:47,8
DA:50,4
DA:77,8
DA:92,8
DA:114,1
DA:115,5
DA:140,8
DA:152,8
DA:158,8
DA:172,1
LF:14
LH:14
BRDA:44,0,0,0
BRDA:47,1,0,4
BRDA:47,1,1,4
BRDA:52,2,0,0
BRDA:52,2,1,4
BRDA:54,3,0,4
BRDA:54,3,1,0
BRDA:54,3,2,0
BRDA:60,4,0,0
BRDA:60,4,1,4
BRDA:63,5,0,4
BRDA:63,5,1,4
BRDA:68,6,0,0
BRDA:68,6,1,4
BRDA:74,7,0,4
BRDA:74,7,1,4
BRDA:120,8,0,5
BRDA:120,8,1,5
BRDA:125,9,0,5
BRDA:125,9,1,5
BRDA:130,10,0,5
BRDA:130,10,1,1
BRDA:139,11,0,1
BRDA:139,11,1,4
BRDA:139,12,0,5
BRDA:139,12,1,5
BRDA:151,13,0,1
BRDA:151,13,1,4
BRDA:151,14,0,5
BRDA:151,14,1,5
BRF:30
BRH:24
end_of_record
TN:
SF:components/organisms/ProductDetails/ProductDetails.skeleton.tsx
FN:1,(anonymous_0)
FN:11,(anonymous_1)
FN:44,(anonymous_2)
FNF:3
FNH:3
FNDA:2,(anonymous_0)
FNDA:14,(anonymous_1)
FNDA:6,(anonymous_2)
DA:1,1
DA:2,2
DA:4,2
DA:12,14
DA:45,6
DA:64,1
LF:6
LH:6
BRF:0
BRH:0
end_of_record
TN:
SF:components/organisms/ProductDetails/ProductDetails.stories.tsx
FN:13,(anonymous_1)
FNF:1
FNH:0
FNDA:0,(anonymous_1)
DA:2,0
DA:3,0
DA:5,0
DA:14,0
DA:21,0
DA:24,0
LF:6
LH:0
BRF:0
BRH:0
end_of_record
TN:
SF:components/organisms/ProductDetails/fetchProductDetailsAPI.ts
FN:62,(anonymous_8)
FN:64,(anonymous_9)
FNF:2
FNH:2
FNDA:1,(anonymous_8)
FNDA:1,(anonymous_9)
DA:1,1
DA:62,1
DA:64,1
DA:65,1
DA:66,1
DA:67,0
DA:70,1
LF:7
LH:6
BRF:0
BRH:0
end_of_record
TN:
SF:components/organisms/ProductDetails/index.tsx
FN:16,(anonymous_17)
FN:34,(anonymous_18)
FN:34,(anonymous_19)
FN:43,(anonymous_20)
FN:63,(anonymous_21)
FN:68,(anonymous_22)
FN:80,(anonymous_23)
FN:83,(anonymous_24)
FN:92,(anonymous_25)
FN:95,(anonymous_26)
FNF:10
FNH:10
FNDA:2,(anonymous_17)
FNDA:1,(anonymous_18)
FNDA:1,(anonymous_19)
FNDA:1,(anonymous_20)
FNDA:1,(anonymous_21)
FNDA:1,(anonymous_22)
FNDA:2,(anonymous_23)
FNDA:2,(anonymous_24)
FNDA:2,(anonymous_25)
FNDA:2,(anonymous_26)
DA:1,1
DA:2,1
DA:3,1
DA:4,1
DA:5,1
DA:6,1
DA:7,1
DA:16,1
DA:32,2
DA:33,2
DA:34,2
DA:35,1
DA:36,1
DA:37,0
DA:39,0
DA:43,2
DA:44,1
DA:45,1
DA:47,0
DA:60,2
DA:62,2
DA:63,1
DA:67,2
DA:68,1
DA:80,2
DA:82,2
DA:83,2
DA:92,2
DA:94,2
DA:95,2
DA:116,2
DA:127,2
DA:128,0
DA:135,2
DA:136,2
DA:143,0
DA:157,1
LF:37
LH:32
BRDA:52,0,0,2
BRDA:53,1,0,2
BRDA:54,2,0,2
BRDA:55,3,0,2
BRDA:56,4,0,2
BRDA:57,5,0,2
BRDA:58,6,0,2
BRDA:59,7,0,2
BRDA:60,8,0,0
BRDA:60,8,1,2
BRDA:60,9,0,2
BRDA:60,9,1,0
BRDA:63,10,0,1
BRDA:63,10,1,0
BRDA:63,10,2,0
BRDA:63,10,3,0
BRDA:63,10,4,0
BRDA:63,10,5,0
BRDA:80,11,0,2
BRDA:80,11,1,2
BRDA:84,12,0,2
BRDA:84,12,1,0
BRDA:84,13,0,2
BRDA:84,13,1,2
BRDA:92,14,0,2
BRDA:92,14,1,2
BRDA:96,15,0,2
BRDA:96,15,1,0
BRDA:96,16,0,2
BRDA:96,16,1,2
BRDA:97,17,0,2
BRDA:97,17,1,0
BRDA:97,18,0,2
BRDA:97,18,1,2
BRDA:117,19,0,2
BRDA:117,19,1,0
BRDA:118,20,0,2
BRDA:118,20,1,0
BRDA:118,20,2,0
BRDA:121,21,0,2
BRDA:121,21,1,2
BRDA:121,21,2,0
BRDA:124,22,0,2
BRDA:124,22,1,0
BRDA:127,23,0,0
BRDA:130,24,0,0
BRDA:130,24,1,0
BRDA:130,25,0,0
BRDA:130,25,1,0
BRDA:135,26,0,2
BRF:50
BRH:30
end_of_record
TN:
SF:components/organisms/ProductDetails/useFetchProductDetailsStore.ts
FN:24,(anonymous_8)
FN:28,(anonymous_9)
FN:28,(anonymous_10)
FN:61,(anonymous_11)
FN:64,(anonymous_12)
FN:67,(anonymous_13)
FN:68,(anonymous_14)
FN:73,(anonymous_15)
FN:76,(anonymous_16)
FN:77,(anonymous_17)
FNF:10
FNH:0
FNDA:0,(anonymous_8)
FNDA:0,(anonymous_9)
FNDA:0,(anonymous_10)
FNDA:0,(anonymous_11)
FNDA:0,(anonymous_12)
FNDA:0,(anonymous_13)
FNDA:0,(anonymous_14)
FNDA:0,(anonymous_15)
FNDA:0,(anonymous_16)
FNDA:0,(anonymous_17)
DA:1,0
DA:2,0
DA:6,0
DA:24,0
DA:28,0
DA:29,0
DA:30,0
DA:31,0
DA:32,0
DA:34,0
DA:35,0
DA:36,0
DA:38,0
DA:44,0
DA:45,0
DA:49,0
DA:54,0
DA:62,0
DA:65,0
DA:68,0
DA:74,0
DA:77,0
DA:84,0
LF:23
LH:0
BRDA:34,0,0,0
BRDA:44,1,0,0
BRDA:44,1,1,0
BRDA:46,2,0,0
BRDA:46,2,1,0
BRDA:46,3,0,0
BRDA:46,3,1,0
BRDA:46,4,0,0
BRDA:46,4,1,0
BRDA:50,5,0,0
BRDA:50,5,1,0
BRDA:69,6,0,0
BRDA:69,6,1,0
BRDA:69,7,0,0
BRDA:69,7,1,0
BRDA:70,8,0,0
BRDA:70,8,1,0
BRDA:70,9,0,0
BRDA:70,9,1,0
BRF:19
BRH:0
end_of_record
TN:
SF:components/organisms/ProductDetails/useProductStore.ts
FN:30,(anonymous_8)
FN:36,(anonymous_9)
FN:39,(anonymous_10)
FN:40,(anonymous_11)
FN:54,(anonymous_12)
FN:65,(anonymous_13)
FN:68,(anonymous_14)
FN:71,(anonymous_15)
FN:72,(anonymous_16)
FN:72,(anonymous_17)
FN:80,(anonymous_18)
FN:106,(anonymous_19)
FN:110,(anonymous_20)
FN:115,(anonymous_21)
FN:116,(anonymous_22)
FN:123,(anonymous_23)
FNF:16
FNH:5
FNDA:0,(anonymous_8)
FNDA:0,(anonymous_9)
FNDA:0,(anonymous_10)
FNDA:0,(anonymous_11)
FNDA:1,(anonymous_12)
FNDA:0,(anonymous_13)
FNDA:0,(anonymous_14)
FNDA:0,(anonymous_15)
FNDA:1,(anonymous_16)
FNDA:1,(anonymous_17)
FNDA:0,(anonymous_18)
FNDA:1,(anonymous_19)
FNDA:0,(anonymous_20)
FNDA:0,(anonymous_21)
FNDA:0,(anonymous_22)
FNDA:1,(anonymous_23)
DA:1,1
DA:2,1
DA:6,1
DA:30,1
DA:35,0
DA:36,0
DA:39,1
DA:40,0
DA:41,0
DA:43,0
DA:44,0
DA:45,0
DA:48,0
DA:50,0
DA:54,1
DA:66,0
DA:69,0
DA:71,0
DA:72,1
DA:73,1
DA:74,1
DA:75,1
DA:76,0
DA:77,0
DA:79,0
DA:80,0
DA:81,0
DA:83,0
DA:84,0
DA:93,0
DA:94,0
DA:98,0
DA:103,0
DA:107,1
DA:108,1
DA:111,0
DA:116,0
DA:123,1
DA:124,1
DA:125,1
DA:127,1
DA:129,1
DA:130,0
DA:136,1
LF:44
LH:18
BRDA:35,0,0,0
BRDA:35,0,1,0
BRDA:43,1,0,0
BRDA:43,2,0,0
BRDA:43,2,1,0
BRDA:44,3,0,0
BRDA:83,4,0,0
BRDA:93,5,0,0
BRDA:93,5,1,0
BRDA:95,6,0,0
BRDA:95,6,1,0
BRDA:95,7,0,0
BRDA:95,7,1,0
BRDA:95,8,0,0
BRDA:95,8,1,0
BRDA:99,9,0,0
BRDA:99,9,1,0
BRDA:109,10,0,1
BRDA:109,10,1,1
BRDA:109,11,0,1
BRDA:109,11,1,0
BRDA:109,12,0,1
BRDA:109,12,1,0
BRDA:111,13,0,0
BRDA:111,13,1,0
BRDA:111,13,2,0
BRDA:129,14,0,0
BRDA:129,15,0,1
BRDA:129,15,1,0
BRF:29
BRH:5
end_of_record
TN:
SF:components/organisms/ProductOptions/index.tsx
FN:22,(anonymous_1)
FN:34,(anonymous_2)
FNF:2
FNH:1
FNDA:3,(anonymous_1)
FNDA:0,(anonymous_2)
DA:1,2
DA:2,2
DA:3,2
DA:4,2
DA:5,2
DA:7,2
DA:9,2
DA:22,2
DA:32,3
DA:33,3
DA:34,3
DA:35,0
DA:36,0
DA:37,0
DA:39,0
DA:40,0
DA:43,3
DA:87,2
LF:18
LH:13
BRDA:27,0,0,3
BRDA:70,1,0,3
BRDA:70,1,1,1
BRDA:79,2,0,3
BRDA:79,2,1,0
BRF:5
BRH:4
end_of_record
TN:
SF:components/organisms/ProductReview/NoReviews.tsx
FN:4,(anonymous_0)
FNF:1
FNH:1
FNDA:3,(anonymous_0)
DA:4,3
DA:5,3
DA:22,3
LF:3
LH:3
BRDA:4,0,0,2
BRF:1
BRH:1
end_of_record
TN:
SF:components/organisms/ProductReview/OverallRating.tsx
FN:17,(anonymous_1)
FN:25,(anonymous_2)
FN:42,(anonymous_3)
FN:59,(anonymous_4)
FN:70,(anonymous_5)
FN:70,(anonymous_6)
FN:82,(anonymous_7)
FN:96,(anonymous_8)
FNF:8
FNH:8
FNDA:2,(anonymous_1)
FNDA:25,(anonymous_2)
FNDA:25,(anonymous_3)
FNDA:6,(anonymous_4)
FNDA:6,(anonymous_5)
FNDA:20,(anonymous_6)
FNDA:25,(anonymous_7)
FNDA:1,(anonymous_8)
DA:1,2
DA:2,2
DA:3,2
DA:17,2
DA:18,2
DA:19,2
DA:20,2
DA:21,2
DA:22,2
DA:25,2
DA:26,25
DA:28,5
DA:30,5
DA:32,5
DA:34,5
DA:36,5
DA:38,0
DA:42,2
DA:43,25
DA:45,5
DA:47,5
DA:49,5
DA:51,5
DA:53,5
DA:55,0
DA:59,2
DA:69,6
DA:70,20
DA:73,6
DA:83,25
DA:86,25
DA:96,1
DA:135,2
LF:33
LH:31
BRDA:17,0,0,2
BRDA:17,0,1,2
BRDA:26,1,0,5
BRDA:26,1,1,5
BRDA:26,1,2,5
BRDA:26,1,3,5
BRDA:26,1,4,5
BRDA:26,1,5,0
BRDA:43,2,0,5
BRDA:43,2,1,5
BRDA:43,2,2,5
BRDA:43,2,3,5
BRDA:43,2,4,5
BRDA:43,2,5,0
BRDA:67,3,0,5
BRDA:76,4,0,6
BRDA:76,4,1,6
BRDA:95,5,0,1
BRDA:95,5,1,24
BRDA:115,6,0,6
BRDA:115,6,1,1
BRF:21
BRH:19
end_of_record
TN:
SF:components/organisms/ProductReview/ProductReview.stories.tsx
FN:13,(anonymous_1)
FN:25,(anonymous_2)
FN:35,(anonymous_3)
FN:37,(anonymous_4)
FN:38,(anonymous_5)
FNF:5
FNH:0
FNDA:0,(anonymous_1)
FNDA:0,(anonymous_2)
FNDA:0,(anonymous_3)
FNDA:0,(anonymous_4)
FNDA:0,(anonymous_5)
DA:2,0
DA:3,0
DA:5,0
DA:14,0
DA:26,0
DA:31,0
DA:34,0
DA:36,0
DA:37,0
DA:38,0
DA:39,0
LF:11
LH:0
BRF:0
BRH:0
end_of_record
TN:
SF:components/organisms/ProductReview/ReviewDate.tsx
FN:1,(anonymous_0)
FNF:1
FNH:1
FNDA:9,(anonymous_0)
DA:1,4
DA:5,9
DA:6,9
DA:11,9
DA:14,4
LF:5
LH:5
BRF:0
BRH:0
end_of_record
TN:
SF:components/organisms/ProductReview/ReviewSkeleton.tsx
FN:1,(anonymous_0)
FNF:1
FNH:1
FNDA:10,(anonymous_0)
DA:1,2
DA:2,10
DA:37,2
LF:3
LH:3
BRF:0
BRH:0
end_of_record
TN:
SF:components/organisms/ProductReview/Reviewer.tsx
FN:11,(anonymous_10)
FN:14,(anonymous_11)
FN:17,(anonymous_12)
FN:36,(anonymous_13)
FNF:4
FNH:1
FNDA:6,(anonymous_10)
FNDA:0,(anonymous_11)
FNDA:0,(anonymous_12)
FNDA:0,(anonymous_13)
DA:1,3
DA:3,3
DA:4,3
DA:5,3
DA:11,3
DA:12,6
DA:13,6
DA:14,6
DA:15,0
DA:17,0
DA:19,0
DA:21,6
DA:36,0
DA:65,3
LF:14
LH:10
BRDA:26,0,0,0
BRDA:26,0,1,6
BRF:2
BRH:1
end_of_record
TN:
SF:components/organisms/ProductReview/Reviews.tsx
FN:16,(anonymous_1)
FN:33,(anonymous_2)
FN:42,(anonymous_3)
FNF:3
FNH:3
FNDA:4,(anonymous_1)
FNDA:10,(anonymous_2)
FNDA:4,(anonymous_3)
DA:1,2
DA:2,2
DA:4,2
DA:5,2
DA:16,2
DA:24,4
DA:26,4
DA:27,1
DA:30,3
DA:31,1
DA:34,10
DA:40,2
DA:43,4
DA:58,2
LF:14
LH:14
BRDA:21,0,0,3
BRDA:26,1,0,1
BRDA:26,2,0,4
BRDA:26,2,1,2
BRDA:30,3,0,1
BRDA:45,4,0,2
BRDA:45,4,1,1
BRF:7
BRH:7
end_of_record
TN:
SF:components/organisms/ProductReview/fetchReviewFromAPI.ts
FN:40,(anonymous_8)
FN:45,(anonymous_9)
FNF:2
FNH:0
FNDA:0,(anonymous_8)
FNDA:0,(anonymous_9)
DA:1,1
DA:40,1
DA:45,0
DA:47,0
DA:50,0
DA:51,0
DA:54,1
LF:7
LH:3
BRDA:44,0,0,0
BRDA:47,1,0,0
BRDA:47,1,1,0
BRF:3
BRH:0
end_of_record
TN:
SF:components/organisms/ProductReview/index.tsx
FN:15,(anonymous_17)
FN:28,(anonymous_18)
FN:28,(anonymous_19)
FN:34,(anonymous_20)
FN:34,(anonymous_21)
FN:40,(anonymous_22)
FN:42,(anonymous_23)
FN:47,(anonymous_24)
FN:52,(anonymous_25)
FN:52,(anonymous_26)
FNF:10
FNH:4
FNDA:2,(anonymous_17)
FNDA:0,(anonymous_18)
FNDA:0,(anonymous_19)
FNDA:0,(anonymous_20)
FNDA:0,(anonymous_21)
FNDA:2,(anonymous_22)
FNDA:2,(anonymous_23)
FNDA:2,(anonymous_24)
FNDA:0,(anonymous_25)
FNDA:0,(anonymous_26)
DA:1,1
DA:2,1
DA:3,1
DA:4,1
DA:5,1
DA:6,1
DA:15,1
DA:21,2
DA:22,2
DA:26,2
DA:27,2
DA:28,2
DA:29,0
DA:30,0
DA:31,0
DA:32,0
DA:34,2
DA:35,0
DA:36,0
DA:37,0
DA:40,2
DA:41,2
DA:42,2
DA:43,2
DA:45,2
DA:46,2
DA:47,2
DA:48,2
DA:52,2
DA:53,0
DA:54,0
DA:55,0
DA:56,0
DA:59,2
DA:61,0
DA:64,2
DA:66,2
DA:111,1
LF:38
LH:26
BRDA:43,0,0,0
BRDA:43,0,1,2
BRDA:59,1,0,0
BRF:3
BRH:1
end_of_record
TN:
SF:components/organisms/ProductReview/useFetchReviews.ts
FN:11,(anonymous_8)
FN:25,(anonymous_9)
FN:28,(anonymous_10)
FN:28,(anonymous_11)
FN:40,(anonymous_12)
FNF:5
FNH:3
FNDA:2,(anonymous_8)
FNDA:2,(anonymous_9)
FNDA:0,(anonymous_10)
FNDA:0,(anonymous_11)
FNDA:2,(anonymous_12)
DA:1,1
DA:2,1
DA:11,1
DA:22,2
DA:23,2
DA:25,2
DA:26,2
DA:28,2
DA:29,0
DA:30,0
DA:31,0
DA:33,0
DA:34,0
DA:38,2
DA:40,2
DA:41,2
DA:42,2
DA:46,2
DA:49,1
LF:19
LH:14
BRDA:13,0,0,2
BRDA:14,1,0,0
BRDA:15,2,0,2
BRDA:33,3,0,0
BRF:4
BRH:2
end_of_record
TN:
SF:components/organisms/ProductReview/useFetchReviewsStore.ts
FN:23,(anonymous_8)
FN:41,(anonymous_9)
FN:46,(anonymous_10)
FN:57,(anonymous_11)
FN:74,(anonymous_12)
FNF:5
FNH:1
FNDA:1,(anonymous_8)
FNDA:0,(anonymous_9)
FNDA:0,(anonymous_10)
FNDA:0,(anonymous_11)
FNDA:0,(anonymous_12)
DA:1,1
DA:2,1
DA:3,1
DA:23,1
DA:46,0
DA:47,0
DA:48,0
DA:49,0
DA:51,0
DA:56,0
DA:57,0
DA:72,0
DA:74,0
DA:83,0
DA:84,0
DA:88,0
DA:93,0
DA:98,1
LF:18
LH:5
BRDA:43,0,0,0
BRDA:44,1,0,0
BRDA:45,2,0,0
BRDA:51,3,0,0
BRDA:51,3,1,0
BRDA:51,3,2,0
BRDA:51,3,3,0
BRDA:51,3,4,0
BRDA:56,4,0,0
BRDA:83,5,0,0
BRDA:83,5,1,0
BRDA:85,6,0,0
BRDA:85,6,1,0
BRDA:85,7,0,0
BRDA:85,7,1,0
BRDA:85,8,0,0
BRDA:85,8,1,0
BRDA:89,9,0,0
BRDA:89,9,1,0
BRF:19
BRH:0
end_of_record
TN:
SF:components/organisms/Statistics/StatisticsSection.stories.tsx
FN:14,(anonymous_1)
FNF:1
FNH:0
FNDA:0,(anonymous_1)
DA:2,0
DA:3,0
DA:4,0
DA:6,0
DA:15,0
DA:22,0
DA:25,0
LF:7
LH:0
BRF:0
BRH:0
end_of_record
TN:
SF:components/organisms/Statistics/index.tsx
FN:18,(anonymous_1)
FN:21,(anonymous_2)
FN:38,(anonymous_3)
FNF:3
FNH:3
FNDA:2,(anonymous_1)
FNDA:4,(anonymous_2)
FNDA:2,(anonymous_3)
DA:1,1
DA:18,1
DA:19,2
DA:22,4
DA:38,1
DA:47,2
DA:91,1
LF:7
LH:7
BRDA:21,0,0,0
BRDA:21,0,1,2
BRDA:21,1,0,2
BRDA:21,1,1,2
BRDA:45,2,0,1
BRDA:53,3,0,2
BRDA:53,3,1,0
BRDA:58,4,0,2
BRDA:58,4,1,2
BRDA:63,5,0,2
BRDA:63,5,1,0
BRDA:70,6,0,2
BRDA:70,6,1,0
BRF:13
BRH:9
end_of_record
TN:
SF:components/organisms/Team/TeamSection.stories.tsx
FN:14,(anonymous_1)
FNF:1
FNH:0
FNDA:0,(anonymous_1)
DA:2,0
DA:3,0
DA:4,0
DA:6,0
DA:15,0
DA:22,0
DA:25,0
LF:7
LH:0
BRF:0
BRH:0
end_of_record
TN:
SF:components/organisms/Team/index.tsx
FN:17,(anonymous_1)
FN:46,(anonymous_2)
FNF:2
FNH:2
FNDA:4,(anonymous_1)
FNDA:6,(anonymous_2)
DA:1,1
DA:17,1
DA:23,4
DA:47,6
DA:75,1
LF:5
LH:5
BRDA:27,0,0,4
BRDA:27,0,1,3
BRDA:32,1,0,4
BRDA:32,1,1,4
BRDA:37,2,0,4
BRDA:37,2,1,3
BRDA:46,3,0,0
BRDA:46,3,1,4
BRDA:46,4,0,4
BRDA:46,4,1,4
BRF:10
BRH:9
end_of_record
TN:
SF:components/organisms/Testimonials/Testimonials.stories.tsx
FN:14,(anonymous_1)
FNF:1
FNH:0
FNDA:0,(anonymous_1)
DA:2,0
DA:3,0
DA:4,0
DA:6,0
DA:15,0
DA:22,0
DA:25,0
LF:7
LH:0
BRF:0
BRH:0
end_of_record
TN:
SF:components/organisms/Testimonials/index.tsx
FN:22,(anonymous_1)
FN:51,(anonymous_2)
FNF:2
FNH:2
FNDA:4,(anonymous_1)
FNDA:6,(anonymous_2)
DA:1,1
DA:22,1
DA:28,4
DA:52,6
DA:70,1
LF:5
LH:5
BRDA:32,0,0,4
BRDA:32,0,1,3
BRDA:37,1,0,4
BRDA:37,1,1,4
BRDA:42,2,0,4
BRDA:42,2,1,3
BRDA:50,3,0,0
BRDA:50,3,1,4
BRDA:50,4,0,4
BRDA:50,4,1,4
BRF:10
BRH:9
end_of_record
TN:
SF:components/organisms/Toast/Toast.stories.tsx
FN:13,(anonymous_1)
FN:32,(anonymous_2)
FN:39,(anonymous_3)
FN:55,(anonymous_4)
FN:62,(anonymous_5)
FNF:5
FNH:0
FNDA:0,(anonymous_1)
FNDA:0,(anonymous_2)
FNDA:0,(anonymous_3)
FNDA:0,(anonymous_4)
FNDA:0,(anonymous_5)
DA:2,0
DA:3,0
DA:5,0
DA:14,0
DA:23,0
DA:26,0
DA:33,0
DA:34,0
DA:35,0
DA:39,0
DA:49,0
DA:56,0
DA:57,0
DA:58,0
DA:62,0
LF:15
LH:0
BRF:0
BRH:0
end_of_record
TN:
SF:components/organisms/Toast/index.tsx
FN:9,(anonymous_1)
FNF:1
FNH:0
FNDA:0,(anonymous_1)
DA:1,0
DA:9,0
DA:10,0
DA:12,0
DA:35,0
LF:5
LH:0
BRDA:14,0,0,0
BRDA:14,0,1,0
BRDA:14,0,2,0
BRDA:14,0,3,0
BRDA:17,1,0,0
BRDA:17,1,1,0
BRDA:20,2,0,0
BRDA:20,2,1,0
BRDA:25,3,0,0
BRDA:25,3,1,0
BRF:10
BRH:0
end_of_record
TN:
SF:components/organisms/Toast/useToast.ts
FN:10,(anonymous_1)
FN:14,(anonymous_2)
FN:16,(anonymous_3)
FN:19,(anonymous_4)
FNF:4
FNH:2
FNDA:2,(anonymous_1)
FNDA:2,(anonymous_2)
FNDA:0,(anonymous_3)
FNDA:0,(anonymous_4)
DA:1,1
DA:2,1
DA:10,1
DA:12,2
DA:14,2
DA:15,2
DA:16,0
DA:17,0
DA:19,0
DA:23,2
DA:26,1
LF:11
LH:8
BRDA:10,0,0,2
BRDA:15,1,0,0
BRDA:15,2,0,2
BRDA:15,2,1,0
BRF:4
BRH:2
end_of_record
TN:
SF:components/organisms/Toast/useToastStore.ts
FN:3,(anonymous_0)
FN:22,(anonymous_1)
FN:27,(anonymous_2)
FN:28,(anonymous_3)
FNF:4
FNH:2
FNDA:1,(anonymous_0)
FNDA:1,(anonymous_1)
FNDA:0,(anonymous_2)
FNDA:0,(anonymous_3)
DA:1,1
DA:3,1
DA:4,1
DA:5,1
DA:6,1
DA:22,1
DA:27,0
DA:29,0
DA:32,1
LF:9
LH:7
BRDA:3,0,0,1
BRDA:3,0,1,1
BRF:2
BRH:2
end_of_record
TN:
SF:components/pages/AboutUs/AboutUs.stories.tsx
FNF:0
FNH:0
DA:2,0
DA:3,0
DA:5,0
DA:14,0
DA:17,0
LF:5
LH:0
BRF:0
BRH:0
end_of_record
TN:
SF:components/pages/AboutUs/index.tsx
FN:11,(anonymous_1)
FNF:1
FNH:0
FNDA:0,(anonymous_1)
DA:2,0
DA:3,0
DA:4,0
DA:5,0
DA:6,0
DA:7,0
DA:8,0
DA:9,0
DA:11,0
DA:19,0
DA:33,0
LF:11
LH:0
BRF:0
BRH:0
end_of_record
TN:
SF:components/pages/ContactUs/ContactUs.stories.tsx
FNF:0
FNH:0
DA:2,0
DA:3,0
DA:5,0
DA:14,0
DA:17,0
LF:5
LH:0
BRF:0
BRH:0
end_of_record
TN:
SF:components/pages/ContactUs/index.tsx
FN:9,(anonymous_1)
FNF:1
FNH:0
FNDA:0,(anonymous_1)
DA:2,0
DA:3,0
DA:4,0
DA:5,0
DA:6,0
DA:7,0
DA:9,0
DA:15,0
DA:27,0
LF:9
LH:0
BRF:0
BRH:0
end_of_record
TN:
SF:components/pages/Features/FeaturesPage.stories.tsx
FNF:0
FNH:0
DA:2,0
DA:3,0
DA:5,0
DA:14,0
DA:17,0
LF:5
LH:0
BRF:0
BRH:0
end_of_record
TN:
SF:components/pages/Features/index.tsx
FN:13,(anonymous_1)
FNF:1
FNH:0
FNDA:0,(anonymous_1)
DA:1,0
DA:3,0
DA:4,0
DA:5,0
DA:6,0
DA:7,0
DA:8,0
DA:9,0
DA:10,0
DA:11,0
DA:13,0
DA:24,0
DA:41,0
LF:13
LH:0
BRF:0
BRH:0
end_of_record
TN:
SF:components/pages/MarketingLanding/MarketingLandingPage.stories.tsx
FN:14,(anonymous_1)
FNF:1
FNH:0
FNDA:0,(anonymous_1)
DA:2,0
DA:3,0
DA:4,0
DA:6,0
DA:15,0
DA:23,0
DA:26,0
LF:7
LH:0
BRF:0
BRH:0
end_of_record
TN:
SF:components/pages/MarketingLanding/index.tsx
FN:14,(anonymous_1)
FNF:1
FNH:0
FNDA:0,(anonymous_1)
DA:1,0
DA:2,0
DA:3,0
DA:4,0
DA:5,0
DA:6,0
DA:7,0
DA:8,0
DA:9,0
DA:10,0
DA:12,0
DA:14,0
DA:27,0
DA:46,0
LF:14
LH:0
BRF:0
BRH:0
end_of_record
TN:
SF:components/pages/Pricing/PricingPage.stories.tsx
FNF:0
FNH:0
DA:2,0
DA:3,0
DA:5,0
DA:14,0
DA:17,0
LF:5
LH:0
BRF:0
BRH:0
end_of_record
TN:
SF:components/pages/Pricing/index.tsx
FN:12,(anonymous_1)
FNF:1
FNH:0
FNDA:0,(anonymous_1)
DA:1,0
DA:2,0
DA:3,0
DA:4,0
DA:5,0
DA:6,0
DA:7,0
DA:8,0
DA:10,0
DA:12,0
DA:21,0
DA:36,0
LF:12
LH:0
BRF:0
BRH:0
end_of_record
