TN:
SF:components/atoms/Artboard/index.tsx
FN:9,(anonymous_1)
FNF:1
FNH:1
FNDA:73,(anonymous_1)
DA:1,21
DA:2,21
DA:9,21
DA:10,73
DA:15,73
DA:24,21
LF:6
LH:6
BRF:0
BRH:0
end_of_record
TN:
SF:components/atoms/Avatar/index.tsx
FN:10,(anonymous_1)
FNF:1
FNH:1
FNDA:13,(anonymous_1)
DA:1,3
DA:10,3
DA:11,13
DA:25,3
LF:4
LH:4
BRDA:13,0,0,10
BRDA:13,0,1,3
BRDA:16,1,0,12
BRDA:16,1,1,1
BRDA:16,2,0,13
BRDA:16,2,1,13
BRF:6
BRH:6
end_of_record
TN:
SF:components/atoms/Badge/Badge.stories.tsx
FN:13,(anonymous_1)
FN:29,(anonymous_2)
FNF:2
FNH:2
FNDA:3,(anonymous_1)
FNDA:1,(anonymous_2)
DA:2,1
DA:3,1
DA:5,1
DA:14,3
DA:21,1
DA:24,1
DA:30,1
DA:37,1
DA:43,1
LF:9
LH:9
BRF:0
BRH:0
end_of_record
TN:
SF:components/atoms/Badge/index.tsx
FN:6,(anonymous_0)
FNF:1
FNH:1
FNDA:20,(anonymous_0)
DA:6,5
DA:7,20
DA:12,20
DA:21,5
LF:4
LH:4
BRDA:6,0,0,17
BRF:1
BRH:1
end_of_record
TN:
SF:components/atoms/Button/Button.stories.tsx
FN:14,(anonymous_1)
FN:30,(anonymous_2)
FNF:2
FNH:2
FNDA:8,(anonymous_1)
FNDA:1,(anonymous_2)
DA:2,1
DA:3,1
DA:4,1
DA:6,1
DA:15,8
DA:22,1
DA:25,1
DA:31,1
DA:211,1
DA:217,1
DA:224,1
DA:232,1
DA:241,1
DA:249,1
DA:257,1
LF:15
LH:15
BRF:0
BRH:0
end_of_record
TN:
SF:components/atoms/Button/index.tsx
FN:5,(anonymous_2)
FNF:1
FNH:1
FNDA:79,(anonymous_2)
DA:1,14
DA:2,14
DA:3,14
DA:5,14
DA:11,79
DA:12,79
DA:14,79
DA:24,79
DA:34,79
DA:44,79
DA:54,79
DA:64,79
DA:102,79
DA:124,79
DA:131,79
DA:155,14
LF:16
LH:16
BRDA:6,0,0,20
BRDA:7,1,0,6
BRDA:8,2,0,65
BRDA:9,3,0,63
BRDA:137,4,0,8
BRDA:137,4,1,71
BRDA:145,5,0,79
BRDA:145,5,1,63
BRDA:147,6,0,79
BRDA:147,6,1,4
BRF:10
BRH:10
end_of_record
TN:
SF:components/atoms/ColorSwatch/ColorSwatches.stories.tsx
FN:13,(anonymous_1)
FN:32,(anonymous_2)
FNF:2
FNH:2
FNDA:5,(anonymous_1)
FNDA:1,(anonymous_2)
DA:2,1
DA:3,1
DA:5,1
DA:14,5
DA:21,1
DA:24,1
DA:33,1
DA:105,1
DA:115,1
DA:125,1
DA:135,1
LF:11
LH:11
BRF:0
BRH:0
end_of_record
TN:
SF:components/atoms/ColorSwatch/index.tsx
FN:22,(anonymous_1)
FN:65,(anonymous_2)
FN:71,(anonymous_3)
FNF:3
FNH:2
FNDA:73,(anonymous_1)
FNDA:146,(anonymous_2)
FNDA:0,(anonymous_3)
DA:1,6
DA:2,6
DA:3,6
DA:22,6
DA:32,73
DA:46,73
DA:52,73
DA:58,73
DA:65,73
DA:66,146
DA:67,146
DA:68,0
DA:71,0
DA:74,146
DA:78,73
DA:82,73
DA:84,73
DA:118,6
LF:18
LH:16
BRDA:25,0,0,65
BRDA:29,1,0,26
BRDA:30,2,0,51
BRDA:66,3,0,0
BRDA:67,4,0,0
BRDA:67,5,0,146
BRDA:67,5,1,0
BRDA:78,6,0,0
BRDA:78,6,1,73
BRDA:82,7,0,0
BRDA:82,7,1,73
BRDA:86,8,0,73
BRDA:86,8,1,62
BRDA:93,9,0,1
BRDA:93,9,1,72
BRDA:93,10,0,73
BRDA:93,10,1,73
BRDA:96,11,0,73
BRDA:96,11,1,13
BRDA:102,12,0,73
BRDA:102,12,1,33
BRDA:102,12,2,28
BRDA:102,12,3,17
BRF:23
BRH:18
end_of_record
TN:
SF:components/atoms/Container/index.tsx
FN:8,(anonymous_1)
FNF:1
FNH:1
FNDA:2,(anonymous_1)
DA:1,1
DA:8,1
DA:9,2
DA:18,1
LF:4
LH:4
BRF:0
BRH:0
end_of_record
TN:
SF:components/atoms/Icon/index.tsx
FN:65,(anonymous_0)
FN:69,(anonymous_1)
FN:73,(anonymous_2)
FN:77,(anonymous_3)
FN:85,(anonymous_4)
FN:92,(anonymous_5)
FN:100,(anonymous_6)
FN:108,(anonymous_7)
FNF:8
FNH:8
FNDA:43,(anonymous_0)
FNDA:43,(anonymous_1)
FNDA:43,(anonymous_2)
FNDA:43,(anonymous_3)
FNDA:43,(anonymous_4)
FNDA:43,(anonymous_5)
FNDA:43,(anonymous_6)
FNDA:43,(anonymous_7)
DA:1,3
DA:2,3
DA:33,3
DA:51,3
DA:59,3
DA:65,3
DA:66,43
DA:69,3
DA:70,43
DA:73,3
DA:74,43
DA:77,3
DA:78,43
DA:79,1
DA:80,1
DA:82,42
DA:85,3
DA:86,43
DA:87,1
DA:88,1
DA:90,42
DA:92,3
DA:93,43
DA:94,1
DA:95,1
DA:97,42
DA:100,3
DA:107,43
DA:108,43
DA:112,43
DA:122,3
LF:31
LH:31
BRDA:78,0,0,1
BRDA:86,1,0,1
BRDA:93,2,0,1
BRDA:102,3,0,1
BRDA:103,4,0,1
BRF:5
BRH:5
end_of_record
TN:
SF:components/atoms/InputField/index.tsx
FN:27,(anonymous_2)
FN:55,(anonymous_3)
FNF:2
FNH:2
FNDA:33,(anonymous_2)
FNDA:32,(anonymous_3)
DA:1,5
DA:2,5
DA:3,5
DA:5,5
DA:6,5
DA:7,5
DA:27,5
DA:34,33
DA:35,32
DA:37,32
DA:38,32
DA:39,32
DA:40,32
DA:55,32
DA:56,32
DA:57,5
DA:59,27
DA:60,2
DA:62,25
DA:65,32
DA:96,5
LF:21
LH:21
BRDA:29,0,0,27
BRDA:30,1,0,23
BRDA:37,2,0,1
BRDA:37,2,1,31
BRDA:37,3,0,32
BRDA:37,3,1,32
BRDA:56,4,0,5
BRDA:59,5,0,2
BRDA:67,6,0,32
BRDA:67,6,1,2
BRDA:81,7,0,5
BRDA:81,7,1,27
BRDA:83,8,0,4
BRDA:83,8,1,1
BRDA:83,9,0,5
BRDA:83,9,1,5
BRDA:86,10,0,27
BRDA:86,10,1,2
BRF:18
BRH:18
end_of_record
TN:
SF:components/atoms/InputField/inputField.stories.tsx
FN:13,(anonymous_1)
FN:37,(anonymous_2)
FNF:2
FNH:2
FNDA:9,(anonymous_1)
FNDA:2,(anonymous_2)
DA:2,1
DA:3,1
DA:5,1
DA:14,9
DA:21,1
DA:24,1
DA:38,2
DA:152,1
DA:173,1
DA:187,1
DA:202,1
DA:217,1
DA:232,1
DA:246,1
LF:14
LH:14
BRF:0
BRH:0
end_of_record
TN:
SF:components/atoms/Price/index.tsx
FN:12,(anonymous_1)
FN:19,(anonymous_2)
FNF:2
FNH:2
FNDA:42,(anonymous_1)
FNDA:25,(anonymous_2)
DA:1,5
DA:12,5
DA:13,42
DA:19,5
DA:27,25
DA:31,25
DA:36,25
DA:41,25
DA:72,5
LF:9
LH:9
BRDA:22,0,0,1
BRDA:23,1,0,1
BRDA:25,2,0,14
BRDA:43,3,0,17
BRDA:43,3,1,8
BRDA:46,4,0,17
BRDA:46,4,1,17
BRF:7
BRH:7
end_of_record
TN:
SF:components/atoms/Section/index.tsx
FN:8,(anonymous_1)
FNF:1
FNH:1
FNDA:16,(anonymous_1)
DA:1,3
DA:8,3
DA:9,16
DA:12,3
LF:4
LH:4
BRF:0
BRH:0
end_of_record
TN:
SF:components/atoms/Size/Sizes.stories.tsx
FN:13,(anonymous_1)
FN:32,(anonymous_2)
FNF:2
FNH:2
FNDA:5,(anonymous_1)
FNDA:2,(anonymous_2)
DA:2,1
DA:3,1
DA:5,1
DA:14,5
DA:21,1
DA:24,1
DA:33,2
DA:86,1
DA:96,1
DA:106,1
LF:10
LH:10
BRF:0
BRH:0
end_of_record
TN:
SF:components/atoms/Size/index.tsx
FN:13,(anonymous_0)
FNF:1
FNH:1
FNDA:145,(anonymous_0)
DA:1,5
DA:13,5
DA:22,145
DA:28,145
DA:53,5
LF:5
LH:5
BRDA:17,0,0,138
BRDA:23,1,0,20
BRDA:23,1,1,125
BRDA:30,2,0,145
BRDA:30,2,1,135
BRDA:36,3,0,135
BRDA:36,3,1,10
BRDA:36,4,0,145
BRDA:36,4,1,145
BRF:9
BRH:9
end_of_record
TN:
SF:components/atoms/Stars/Stars.stories.tsx
FN:13,(anonymous_1)
FN:46,(anonymous_2)
FNF:2
FNH:2
FNDA:4,(anonymous_1)
FNDA:1,(anonymous_2)
DA:2,1
DA:3,1
DA:5,1
DA:14,4
DA:21,1
DA:24,1
DA:30,1
DA:36,1
DA:42,1
DA:47,1
LF:10
LH:10
BRF:0
BRH:0
end_of_record
TN:
SF:components/atoms/Stars/index.tsx
FN:8,(anonymous_9)
FN:11,(anonymous_10)
FN:14,(anonymous_11)
FN:28,(anonymous_12)
FNF:4
FNH:4
FNDA:43,(anonymous_9)
FNDA:43,(anonymous_10)
FNDA:215,(anonymous_11)
FNDA:215,(anonymous_12)
DA:1,9
DA:2,9
DA:8,9
DA:9,43
DA:10,43
DA:11,43
DA:12,43
DA:13,43
DA:14,43
DA:15,215
DA:16,71
DA:17,28
DA:18,43
DA:22,43
DA:29,215
DA:35,9
LF:16
LH:16
BRDA:15,0,0,144
BRDA:16,1,0,28
BRDA:16,2,0,71
BRDA:16,2,1,40
BRF:4
BRH:4
end_of_record
TN:
SF:components/molecules/Form/Subscribe/Subscribe.stories.tsx
FN:14,(anonymous_1)
FN:27,(anonymous_2)
FNF:2
FNH:2
FNDA:2,(anonymous_1)
FNDA:1,(anonymous_2)
DA:2,1
DA:3,1
DA:4,1
DA:6,1
DA:15,2
DA:22,1
DA:25,1
DA:28,1
DA:29,1
LF:9
LH:9
BRF:0
BRH:0
end_of_record
TN:
SF:components/molecules/Form/Subscribe/index.tsx
FN:33,(anonymous_1)
FNF:1
FNH:1
FNDA:16,(anonymous_1)
DA:1,4
DA:3,4
DA:33,4
DA:39,16
DA:61,4
LF:5
LH:5
BRDA:37,0,0,2
BRF:1
BRH:1
end_of_record
TN:
SF:components/molecules/Form/SubscribeNewsletter/SubscribeNewsletter.stories.tsx
FN:14,(anonymous_1)
FN:30,(anonymous_2)
FNF:2
FNH:2
FNDA:3,(anonymous_1)
FNDA:1,(anonymous_2)
DA:2,1
DA:3,1
DA:4,1
DA:6,1
DA:15,3
DA:22,1
DA:25,1
DA:31,1
DA:32,1
LF:9
LH:9
BRF:0
BRH:0
end_of_record
TN:
SF:components/molecules/Form/SubscribeNewsletter/index.tsx
FN:8,(anonymous_1)
FNF:1
FNH:1
FNDA:14,(anonymous_1)
DA:1,3
DA:8,3
DA:15,14
DA:34,3
LF:4
LH:4
BRF:0
BRH:0
end_of_record
TN:
SF:components/molecules/List/index.tsx
FN:12,(anonymous_1)
FN:40,(anonymous_2)
FN:49,(anonymous_3)
FNF:3
FNH:3
FNDA:31,(anonymous_1)
FNDA:11,(anonymous_2)
FNDA:31,(anonymous_3)
DA:1,3
DA:12,3
DA:13,31
DA:14,9
DA:24,22
DA:25,9
DA:35,13
DA:40,3
DA:47,11
DA:50,31
DA:51,31
DA:78,3
DA:80,3
LF:13
LH:13
BRDA:13,0,0,9
BRDA:24,1,0,9
BRDA:42,2,0,6
BRDA:57,3,0,12
BRDA:57,3,1,19
BRDA:68,4,0,31
BRDA:68,4,1,22
BRF:7
BRH:7
end_of_record
TN:
SF:components/molecules/LogoMarquee/LogoMarquee.stories.tsx
FN:13,(anonymous_1)
FNF:1
FNH:1
FNDA:1,(anonymous_1)
DA:2,1
DA:3,1
DA:5,1
DA:14,1
DA:23,1
DA:26,1
LF:6
LH:6
BRF:0
BRH:0
end_of_record
TN:
SF:components/molecules/LogoMarquee/index.tsx
FN:14,(anonymous_1)
FN:25,(anonymous_2)
FNF:2
FNH:2
FNDA:6,(anonymous_1)
FNDA:30,(anonymous_2)
DA:1,1
DA:14,1
DA:15,6
DA:26,30
DA:40,1
LF:5
LH:5
BRDA:14,0,0,5
BRDA:19,1,0,6
BRDA:19,1,1,5
BRF:3
BRH:3
end_of_record
TN:
SF:components/molecules/ProductCarousel/ProductCarousel.stories.tsx
FN:13,(anonymous_1)
FN:52,(anonymous_2)
FNF:2
FNH:1
FNDA:1,(anonymous_1)
FNDA:0,(anonymous_2)
DA:2,1
DA:3,1
DA:5,1
DA:14,1
DA:21,1
DA:24,1
DA:47,1
DA:53,0
LF:8
LH:7
BRF:0
BRH:0
end_of_record
TN:
SF:components/molecules/ProductCarousel/index.tsx
FN:13,(anonymous_0)
FN:20,(anonymous_1)
FN:35,(anonymous_2)
FN:42,(anonymous_3)
FN:56,(anonymous_4)
FNF:5
FNH:5
FNDA:11,(anonymous_0)
FNDA:21,(anonymous_1)
FNDA:1,(anonymous_2)
FNDA:26,(anonymous_3)
FNDA:26,(anonymous_4)
DA:1,3
DA:2,3
DA:13,3
DA:19,11
DA:20,21
DA:23,11
DA:24,11
DA:26,11
DA:27,1
DA:30,10
DA:36,1
DA:37,1
DA:38,1
DA:43,26
DA:57,26
DA:73,3
LF:16
LH:16
BRDA:23,0,0,7
BRDA:23,0,1,4
BRDA:26,1,0,1
BRF:3
BRH:3
end_of_record
TN:
SF:components/molecules/ProductColors/ProductColors.stories.tsx
FN:13,(anonymous_1)
FN:28,(anonymous_2)
FN:40,(anonymous_3)
FNF:3
FNH:3
FNDA:4,(anonymous_1)
FNDA:2,(anonymous_2)
FNDA:1,(anonymous_3)
DA:2,1
DA:3,1
DA:5,1
DA:14,4
DA:21,1
DA:24,1
DA:29,2
DA:36,1
DA:41,1
LF:9
LH:9
BRF:0
BRH:0
end_of_record
TN:
SF:components/molecules/ProductColors/index.tsx
FN:15,(anonymous_10)
FN:23,(anonymous_11)
FN:24,(anonymous_12)
FN:26,(anonymous_13)
FN:31,(anonymous_14)
FN:33,(anonymous_15)
FN:51,(anonymous_16)
FN:60,(anonymous_17)
FNF:8
FNH:8
FNDA:23,(anonymous_10)
FNDA:13,(anonymous_11)
FNDA:16,(anonymous_12)
FNDA:5,(anonymous_13)
FNDA:13,(anonymous_14)
FNDA:16,(anonymous_15)
FNDA:52,(anonymous_16)
FNDA:5,(anonymous_17)
DA:1,4
DA:2,4
DA:4,4
DA:15,4
DA:23,23
DA:24,16
DA:26,23
DA:27,5
DA:28,5
DA:31,23
DA:32,13
DA:33,16
DA:35,13
DA:38,23
DA:52,52
DA:53,52
DA:60,5
DA:71,4
LF:18
LH:18
BRDA:19,0,0,16
BRDA:40,1,0,23
BRDA:40,1,1,23
BRF:3
BRH:3
end_of_record
TN:
SF:components/molecules/ProductDetail/ProductDetail.stories.tsx
FN:13,(anonymous_1)
FNF:1
FNH:1
FNDA:2,(anonymous_1)
DA:2,1
DA:3,1
DA:5,1
DA:14,2
DA:21,1
DA:24,1
DA:36,1
DA:49,1
LF:8
LH:8
BRF:0
BRH:0
end_of_record
TN:
SF:components/molecules/ProductDetail/index.tsx
FN:15,(anonymous_1)
FNF:1
FNH:1
FNDA:12,(anonymous_1)
DA:1,3
DA:3,3
DA:15,3
DA:24,12
DA:25,12
DA:50,3
LF:6
LH:6
BRF:0
BRH:0
end_of_record
TN:
SF:components/molecules/ProductInfo/ProductInfo.stories.tsx
FN:13,(anonymous_1)
FNF:1
FNH:1
FNDA:1,(anonymous_1)
DA:2,1
DA:3,1
DA:5,1
DA:14,1
DA:21,1
DA:24,1
DA:54,1
LF:7
LH:7
BRF:0
BRH:0
end_of_record
TN:
SF:components/molecules/ProductInfo/index.tsx
FN:12,(anonymous_0)
FN:15,(anonymous_1)
FN:24,(anonymous_2)
FN:36,(anonymous_3)
FNF:4
FNH:4
FNDA:10,(anonymous_0)
FNDA:25,(anonymous_1)
FNDA:75,(anonymous_2)
FNDA:294,(anonymous_3)
DA:2,3
DA:7,3
DA:12,3
DA:13,10
DA:16,25
DA:17,25
DA:25,75
DA:37,294
DA:53,3
LF:9
LH:9
BRDA:15,0,0,0
BRDA:15,0,1,10
BRDA:15,1,0,10
BRDA:15,1,1,10
BRDA:28,2,0,0
BRDA:28,2,1,75
BRF:6
BRH:4
end_of_record
TN:
SF:components/molecules/ProductQuantity/ProductQuantity.stories.tsx
FN:13,(anonymous_1)
FNF:1
FNH:1
FNDA:3,(anonymous_1)
DA:2,1
DA:3,1
DA:5,1
DA:14,3
DA:21,1
DA:24,1
DA:33,1
DA:42,1
LF:8
LH:8
BRF:0
BRH:0
end_of_record
TN:
SF:components/molecules/ProductQuantity/index.tsx
FN:13,(anonymous_1)
FNF:1
FNH:1
FNDA:10,(anonymous_1)
DA:1,4
DA:2,4
DA:3,4
DA:13,4
DA:20,10
DA:44,4
LF:6
LH:6
BRDA:16,0,0,2
BRF:1
BRH:1
end_of_record
TN:
SF:components/molecules/ProductSize/ProductSize.stories.tsx
FN:13,(anonymous_1)
FN:45,(anonymous_2)
FN:59,(anonymous_3)
FN:73,(anonymous_4)
FNF:4
FNH:3
FNDA:7,(anonymous_1)
FNDA:1,(anonymous_2)
FNDA:1,(anonymous_3)
FNDA:0,(anonymous_4)
DA:2,1
DA:3,1
DA:5,1
DA:14,7
DA:21,1
DA:24,1
DA:25,1
DA:29,1
DA:41,1
DA:46,1
DA:55,1
DA:60,1
DA:69,1
DA:74,0
LF:14
LH:13
BRF:0
BRH:0
end_of_record
TN:
SF:components/molecules/ProductSize/index.tsx
FN:16,(anonymous_10)
FN:27,(anonymous_11)
FN:33,(anonymous_12)
FN:53,(anonymous_13)
FN:63,(anonymous_14)
FNF:5
FNH:5
FNDA:18,(anonymous_10)
FNDA:4,(anonymous_11)
FNDA:134,(anonymous_12)
FNDA:134,(anonymous_13)
FNDA:4,(anonymous_14)
DA:1,4
DA:4,4
DA:16,4
DA:25,18
DA:27,18
DA:28,4
DA:29,4
DA:32,18
DA:34,134
DA:39,18
DA:55,134
DA:58,134
DA:63,4
DA:77,4
LF:14
LH:14
BRDA:20,0,0,2
BRDA:41,1,0,18
BRDA:41,1,1,18
BRDA:55,2,0,66
BRDA:55,2,1,68
BRDA:55,3,0,134
BRDA:55,3,1,134
BRDA:55,4,0,68
BRDA:55,4,1,66
BRDA:55,5,0,134
BRDA:55,5,1,134
BRF:11
BRH:11
end_of_record
TN:
SF:components/molecules/QuantitySelector/Controls.tsx
FN:8,(anonymous_0)
FN:30,(anonymous_1)
FN:44,(anonymous_2)
FNF:3
FNH:3
FNDA:15,(anonymous_0)
FNDA:43,(anonymous_1)
FNDA:43,(anonymous_2)
DA:1,6
DA:2,6
DA:8,6
DA:9,15
DA:30,6
DA:39,43
DA:44,43
DA:45,43
DA:46,2
DA:48,41
DA:49,13
DA:51,28
DA:54,43
DA:67,6
LF:14
LH:14
BRDA:32,0,0,1
BRDA:33,1,0,1
BRDA:45,2,0,2
BRDA:45,3,0,43
BRDA:45,3,1,22
BRDA:48,4,0,13
BRDA:48,5,0,41
BRDA:48,5,1,21
BRDA:59,6,0,43
BRDA:59,6,1,43
BRF:10
BRH:10
end_of_record
TN:
SF:components/molecules/QuantitySelector/QuantitySelector.stories.tsx
FN:13,(anonymous_1)
FN:34,(anonymous_2)
FNF:2
FNH:1
FNDA:6,(anonymous_1)
FNDA:0,(anonymous_2)
DA:2,1
DA:3,1
DA:5,1
DA:14,6
DA:21,1
DA:24,1
DA:35,0
DA:68,1
DA:80,1
DA:92,1
LF:10
LH:9
BRF:0
BRH:0
end_of_record
TN:
SF:components/molecules/QuantitySelector/index.tsx
FN:16,(anonymous_10)
FN:26,(anonymous_11)
FN:32,(anonymous_12)
FN:48,(anonymous_13)
FN:68,(anonymous_14)
FNF:5
FNH:5
FNDA:21,(anonymous_10)
FNDA:5,(anonymous_11)
FNDA:1,(anonymous_12)
FNDA:2,(anonymous_13)
FNDA:2,(anonymous_14)
DA:1,5
DA:2,5
DA:3,5
DA:4,5
DA:16,5
DA:25,21
DA:26,21
DA:27,5
DA:28,3
DA:32,21
DA:33,1
DA:34,1
DA:35,1
DA:39,21
DA:48,2
DA:68,2
DA:77,5
LF:17
LH:17
BRDA:18,0,0,1
BRDA:27,1,0,3
BRDA:27,2,0,5
BRDA:27,2,1,4
BRDA:34,3,0,1
BRF:5
BRH:5
end_of_record
TN:
SF:components/molecules/Rating/index.tsx
FN:14,(anonymous_1)
FN:25,(anonymous_2)
FNF:2
FNH:2
FNDA:23,(anonymous_1)
FNDA:30,(anonymous_2)
DA:1,8
DA:2,8
DA:3,8
DA:4,8
DA:14,8
DA:15,23
DA:25,8
DA:32,30
DA:54,8
LF:9
LH:9
BRDA:29,0,0,22
BRDA:34,1,0,30
BRDA:34,1,1,23
BRDA:39,2,0,18
BRDA:39,2,1,12
BRDA:39,3,0,30
BRDA:39,3,1,18
BRDA:41,4,0,12
BRDA:41,4,1,6
BRF:9
BRH:9
end_of_record
TN:
SF:components/molecules/card/blog/BlogCard.stories.tsx
FN:13,(anonymous_1)
FNF:1
FNH:1
FNDA:1,(anonymous_1)
DA:2,1
DA:4,1
DA:14,1
DA:23,1
DA:26,1
LF:5
LH:5
BRF:0
BRH:0
end_of_record
TN:
SF:components/molecules/card/blog/index.tsx
FN:17,(anonymous_1)
FN:39,(anonymous_2)
FNF:2
FNH:2
FNDA:1,(anonymous_1)
FNDA:1,(anonymous_2)
DA:1,1
DA:2,1
DA:3,1
DA:17,1
DA:25,1
DA:40,1
DA:71,1
LF:7
LH:7
BRDA:23,0,0,0
BRDA:27,1,0,1
BRDA:27,1,1,1
BRDA:50,2,0,1
BRDA:50,2,1,1
BRDA:54,3,0,1
BRDA:54,3,1,1
BRDA:60,4,0,1
BRDA:60,4,1,1
BRF:9
BRH:8
end_of_record
TN:
SF:components/molecules/card/profile/ProfileCard.stories.tsx
FN:13,(anonymous_9)
FNF:1
FNH:1
FNDA:1,(anonymous_9)
DA:2,1
DA:4,1
DA:14,1
DA:21,1
DA:24,1
LF:5
LH:5
BRF:0
BRH:0
end_of_record
TN:
SF:components/molecules/card/profile/index.tsx
FN:3,(anonymous_1)
FN:27,(anonymous_2)
FN:76,(anonymous_3)
FNF:3
FNH:3
FNDA:1,(anonymous_1)
FNDA:1,(anonymous_2)
FNDA:4,(anonymous_3)
DA:1,1
DA:3,1
DA:4,1
DA:5,1
DA:6,1
DA:7,1
DA:27,1
DA:36,1
DA:77,4
DA:91,1
LF:10
LH:10
BRDA:3,0,0,1
BRDA:3,0,1,1
BRDA:34,1,0,0
BRDA:41,2,0,1
BRDA:41,2,1,1
BRDA:54,3,0,1
BRDA:54,3,1,1
BRDA:59,4,0,1
BRDA:59,4,1,1
BRDA:65,5,0,1
BRDA:65,5,1,1
BRF:11
BRH:10
end_of_record
TN:
SF:components/molecules/card/testimonial/ TestimonialCard.stories.tsx
FN:13,(anonymous_1)
FNF:1
FNH:1
FNDA:5,(anonymous_1)
DA:2,1
DA:4,1
DA:14,5
DA:23,1
DA:26,1
DA:40,1
DA:53,1
DA:67,1
LF:8
LH:8
BRF:0
BRH:0
end_of_record
TN:
SF:components/molecules/card/testimonial/index.tsx
FN:19,(anonymous_1)
FNF:1
FNH:1
FNDA:10,(anonymous_1)
DA:1,2
DA:19,2
DA:27,10
DA:55,2
LF:4
LH:4
BRDA:25,0,0,4
BRDA:32,1,0,10
BRDA:32,1,1,9
BRDA:32,2,0,1
BRDA:32,2,1,9
BRDA:32,3,0,10
BRDA:32,3,1,10
BRDA:35,4,0,8
BRDA:35,4,1,1
BRDA:35,5,0,9
BRDA:35,5,1,9
BRDA:40,6,0,9
BRDA:40,6,1,1
BRDA:40,7,0,10
BRDA:40,7,1,10
BRDA:41,8,0,10
BRDA:41,8,1,9
BRF:17
BRH:17
end_of_record
TN:
SF:components/organisms/404/NotFound.stories.tsx
FN:14,(anonymous_1)
FNF:1
FNH:1
FNDA:1,(anonymous_1)
DA:2,1
DA:3,1
DA:4,1
DA:6,1
DA:15,1
DA:22,1
DA:25,1
LF:7
LH:7
BRF:0
BRH:0
end_of_record
TN:
SF:components/organisms/404/index.tsx
FN:12,(anonymous_0)
FNF:1
FNH:1
FNDA:5,(anonymous_0)
DA:12,1
DA:13,5
DA:49,1
LF:3
LH:3
BRDA:20,0,0,5
BRDA:20,0,1,4
BRDA:25,1,0,5
BRDA:25,1,1,5
BRDA:30,2,0,5
BRDA:30,2,1,4
BRF:6
BRH:6
end_of_record
TN:
SF:components/organisms/Contact/ButtonField.tsx
FN:3,(anonymous_0)
FN:17,(anonymous_1)
FNF:2
FNH:2
FNDA:3,(anonymous_0)
FNDA:6,(anonymous_1)
DA:1,3
DA:3,3
DA:4,3
DA:5,3
DA:6,3
DA:17,3
DA:25,6
DA:42,3
LF:8
LH:8
BRDA:3,0,0,3
BRDA:3,0,1,3
BRDA:23,1,0,3
BRF:3
BRH:3
end_of_record
TN:
SF:components/organisms/Contact/ContactSection.stories.tsx
FN:19,(anonymous_1)
FN:30,(anonymous_2)
FN:44,(anonymous_3)
FNF:3
FNH:1
FNDA:0,(anonymous_1)
FNDA:0,(anonymous_2)
FNDA:3,(anonymous_3)
DA:2,1
DA:3,1
DA:4,1
DA:5,1
DA:11,1
DA:20,0
DA:31,0
DA:45,3
DA:52,1
DA:55,1
DA:61,1
DA:67,1
LF:12
LH:10
BRF:0
BRH:0
end_of_record
TN:
SF:components/organisms/Contact/FieldComponent.tsx
FN:6,(anonymous_11)
FNF:1
FNH:1
FNDA:31,(anonymous_11)
DA:1,3
DA:2,3
DA:3,3
DA:6,3
DA:7,31
DA:8,31
DA:10,9
DA:12,7
DA:14,8
DA:16,6
DA:18,1
DA:22,3
LF:12
LH:12
BRDA:8,0,0,9
BRDA:8,0,1,7
BRDA:8,0,2,8
BRDA:8,0,3,6
BRDA:8,0,4,1
BRF:5
BRH:5
end_of_record
TN:
SF:components/organisms/Contact/FormFields.tsx
FN:4,(anonymous_1)
FN:7,(anonymous_2)
FNF:2
FNH:2
FNDA:5,(anonymous_1)
FNDA:19,(anonymous_2)
DA:1,2
DA:4,2
DA:5,5
DA:8,19
DA:9,19
DA:11,19
DA:12,4
DA:31,15
DA:32,4
DA:35,11
DA:45,2
LF:11
LH:11
BRDA:9,0,0,19
BRDA:9,0,1,4
BRDA:11,1,0,4
BRDA:31,2,0,4
BRDA:31,3,0,15
BRDA:31,3,1,14
BRF:6
BRH:6
end_of_record
TN:
SF:components/organisms/Contact/InputField.tsx
FN:15,(anonymous_0)
FNF:1
FNH:1
FNDA:16,(anonymous_0)
DA:1,3
DA:15,3
DA:26,16
DA:48,3
LF:4
LH:4
BRDA:20,0,0,2
BRDA:21,1,0,7
BRDA:22,2,0,5
BRF:3
BRH:3
end_of_record
TN:
SF:components/organisms/Contact/TextareaField.tsx
FN:16,(anonymous_9)
FN:28,(anonymous_10)
FNF:2
FNH:2
FNDA:32,(anonymous_9)
FNDA:24,(anonymous_10)
DA:1,3
DA:2,3
DA:16,3
DA:27,32
DA:28,32
DA:29,24
DA:32,32
DA:62,3
LF:8
LH:8
BRDA:21,0,0,0
BRDA:22,1,0,2
BRDA:24,2,0,2
BRDA:48,3,0,32
BRDA:48,3,1,30
BRF:5
BRH:4
end_of_record
TN:
SF:components/organisms/Contact/Toast.tsx
FN:8,(anonymous_0)
FN:12,(anonymous_1)
FNF:2
FNH:2
FNDA:1,(anonymous_0)
FNDA:2,(anonymous_1)
DA:8,2
DA:9,1
DA:12,2
DA:13,2
DA:14,2
DA:15,2
DA:16,2
DA:18,2
DA:28,2
LF:9
LH:9
BRDA:9,0,0,1
BRDA:9,0,1,0
BRDA:13,1,0,2
BRDA:13,1,1,1
BRDA:14,2,0,1
BRDA:14,2,1,1
BRDA:15,3,0,1
BRDA:15,3,1,1
BRDA:16,4,0,1
BRDA:16,4,1,1
BRF:10
BRH:9
end_of_record
TN:
SF:components/organisms/Contact/index.tsx
FN:9,(anonymous_1)
FN:29,(anonymous_2)
FN:30,(anonymous_3)
FN:34,(anonymous_4)
FN:36,(anonymous_5)
FN:38,(anonymous_6)
FN:40,(anonymous_7)
FNF:7
FNH:2
FNDA:3,(anonymous_1)
FNDA:0,(anonymous_2)
FNDA:0,(anonymous_3)
FNDA:3,(anonymous_4)
FNDA:0,(anonymous_5)
FNDA:0,(anonymous_6)
FNDA:0,(anonymous_7)
DA:1,1
DA:2,1
DA:3,1
DA:4,1
DA:6,1
DA:7,1
DA:9,1
DA:27,3
DA:29,3
DA:30,0
DA:31,0
DA:34,3
DA:35,3
DA:36,0
DA:37,0
DA:38,0
DA:40,0
DA:44,3
DA:117,1
LF:19
LH:13
BRDA:18,0,0,3
BRDA:35,1,0,0
BRDA:46,2,0,3
BRDA:46,2,1,0
BRDA:46,2,2,0
BRDA:51,3,0,3
BRDA:51,3,1,3
BRDA:56,4,0,3
BRDA:56,4,1,3
BRDA:61,5,0,3
BRDA:61,5,1,3
BRDA:67,6,0,0
BRDA:67,6,1,3
BRDA:67,7,0,3
BRDA:67,7,1,0
BRDA:72,8,0,0
BRDA:72,8,1,0
BRDA:72,9,0,0
BRDA:72,9,1,0
BRDA:72,10,0,0
BRDA:72,10,1,0
BRDA:76,11,0,0
BRDA:76,11,1,0
BRDA:76,12,0,0
BRDA:76,12,1,0
BRDA:88,13,0,0
BRDA:88,13,1,0
BRF:27
BRH:10
end_of_record
TN:
SF:components/organisms/Contact/useFormSubmit.ts
FN:23,(anonymous_8)
FN:30,(anonymous_9)
FN:30,(anonymous_10)
FNF:3
FNH:3
FNDA:9,(anonymous_8)
FNDA:3,(anonymous_9)
FNDA:3,(anonymous_10)
DA:1,2
DA:2,2
DA:23,2
DA:28,9
DA:29,9
DA:30,9
DA:31,3
DA:32,3
DA:33,1
DA:36,1
DA:38,2
DA:39,2
DA:40,2
DA:41,2
DA:42,2
DA:43,2
DA:44,2
DA:50,1
DA:52,1
DA:53,1
DA:55,0
DA:58,1
DA:60,1
DA:61,1
DA:65,9
DA:74,2
LF:26
LH:25
BRDA:32,0,0,1
BRDA:50,1,0,1
BRDA:50,1,1,0
BRDA:52,2,0,1
BRDA:52,2,1,0
BRF:5
BRH:3
end_of_record
TN:
SF:components/organisms/Faq/Faq.stories.tsx
FN:14,(anonymous_1)
FNF:1
FNH:0
FNDA:0,(anonymous_1)
DA:2,0
DA:3,0
DA:4,0
DA:6,0
DA:15,0
DA:22,0
DA:25,0
LF:7
LH:0
BRF:0
BRH:0
end_of_record
TN:
SF:components/organisms/Faq/index.tsx
FN:28,(anonymous_0)
FN:44,(anonymous_1)
FN:53,(anonymous_2)
FNF:3
FNH:3
FNDA:4,(anonymous_0)
FNDA:8,(anonymous_1)
FNDA:32,(anonymous_2)
DA:1,1
DA:6,1
DA:28,1
DA:29,4
DA:45,8
DA:46,8
DA:54,32
DA:96,1
LF:8
LH:8
BRDA:32,0,0,4
BRDA:32,0,1,4
BRDA:37,1,0,4
BRDA:37,1,1,4
BRDA:44,2,0,0
BRDA:44,2,1,4
BRDA:44,3,0,4
BRDA:44,3,1,4
BRDA:59,4,0,32
BRDA:59,4,1,0
BRDA:68,5,0,32
BRDA:68,5,1,16
BRF:12
BRH:10
end_of_record
TN:
SF:components/organisms/Features/FeaturesSection.stories.tsx
FN:18,(anonymous_1)
FNF:1
FNH:0
FNDA:0,(anonymous_1)
DA:2,0
DA:7,0
DA:8,0
DA:10,0
DA:19,0
DA:26,0
DA:29,0
DA:33,0
DA:37,0
LF:9
LH:0
BRF:0
BRH:0
end_of_record
TN:
SF:components/organisms/Features/index.tsx
FN:19,(anonymous_1)
FN:22,(anonymous_2)
FN:46,(anonymous_3)
FN:48,(anonymous_4)
FN:71,(anonymous_5)
FNF:5
FNH:5
FNDA:1,(anonymous_1)
FNDA:2,(anonymous_2)
FNDA:1,(anonymous_3)
FNDA:2,(anonymous_4)
FNDA:4,(anonymous_5)
DA:1,1
DA:19,1
DA:20,1
DA:23,2
DA:46,1
DA:47,1
DA:49,2
DA:71,1
DA:80,4
DA:126,1
LF:10
LH:10
BRDA:77,0,0,4
BRDA:78,1,0,2
BRDA:84,2,0,4
BRDA:84,2,1,1
BRDA:89,3,0,4
BRDA:89,3,1,4
BRDA:94,4,0,4
BRDA:94,4,1,1
BRDA:101,5,0,4
BRDA:101,5,1,2
BRDA:102,6,0,1
BRDA:102,6,1,1
BRDA:107,7,0,4
BRDA:107,7,1,0
BRDA:109,8,0,0
BRDA:109,8,1,0
BRF:16
BRH:13
end_of_record
TN:
SF:components/organisms/Footer/Footer.stories.tsx
FN:14,(anonymous_1)
FNF:1
FNH:0
FNDA:0,(anonymous_1)
DA:2,0
DA:3,0
DA:4,0
DA:6,0
DA:15,0
DA:22,0
DA:25,0
LF:7
LH:0
BRF:0
BRH:0
end_of_record
TN:
SF:components/organisms/Footer/index.tsx
FN:27,(anonymous_1)
FN:44,(anonymous_2)
FN:55,(anonymous_3)
FN:68,(anonymous_4)
FNF:4
FNH:4
FNDA:12,(anonymous_1)
FNDA:4,(anonymous_2)
FNDA:12,(anonymous_3)
FNDA:12,(anonymous_4)
DA:1,1
DA:2,1
DA:3,1
DA:4,1
DA:5,1
DA:6,1
DA:7,1
DA:27,1
DA:28,12
DA:30,0
DA:32,4
DA:34,0
DA:36,4
DA:38,4
DA:40,0
DA:44,1
DA:50,4
DA:56,12
DA:69,12
DA:85,1
LF:20
LH:17
BRDA:28,0,0,0
BRDA:28,0,1,4
BRDA:28,0,2,0
BRDA:28,0,3,4
BRDA:28,0,4,4
BRDA:28,0,5,0
BRF:6
BRH:3
end_of_record
TN:
SF:components/organisms/FooterMultiColumn/FooterColumns.tsx
FN:3,(anonymous_0)
FN:9,(anonymous_1)
FN:16,(anonymous_2)
FNF:3
FNH:3
FNDA:11,(anonymous_0)
FNDA:22,(anonymous_1)
FNDA:77,(anonymous_2)
DA:3,2
DA:7,11
DA:10,22
DA:17,77
DA:36,2
LF:5
LH:5
BRF:0
BRH:0
end_of_record
TN:
SF:components/organisms/FooterMultiColumn/FooterContact.tsx
FN:4,(anonymous_1)
FNF:1
FNH:1
FNDA:11,(anonymous_1)
DA:2,2
DA:4,2
DA:9,11
DA:24,2
LF:4
LH:4
BRDA:13,0,0,11
BRDA:13,0,1,11
BRF:2
BRH:2
end_of_record
TN:
SF:components/organisms/FooterMultiColumn/FooterMultiColumn.stories.tsx
FN:36,(anonymous_8)
FN:178,(anonymous_9)
FN:182,(anonymous_10)
FN:183,(anonymous_11)
FN:183,(anonymous_12)
FN:190,(anonymous_13)
FN:190,(anonymous_14)
FN:194,(anonymous_15)
FN:203,(anonymous_16)
FN:203,(anonymous_17)
FN:220,(anonymous_18)
FN:220,(anonymous_19)
FN:238,(anonymous_20)
FN:238,(anonymous_21)
FN:246,(anonymous_22)
FN:246,(anonymous_23)
FN:251,(anonymous_24)
FN:264,(anonymous_25)
FN:264,(anonymous_26)
FN:272,(anonymous_27)
FN:272,(anonymous_28)
FN:277,(anonymous_29)
FNF:22
FNH:1
FNDA:3,(anonymous_8)
FNDA:0,(anonymous_9)
FNDA:0,(anonymous_10)
FNDA:0,(anonymous_11)
FNDA:0,(anonymous_12)
FNDA:0,(anonymous_13)
FNDA:0,(anonymous_14)
FNDA:0,(anonymous_15)
FNDA:0,(anonymous_16)
FNDA:0,(anonymous_17)
FNDA:0,(anonymous_18)
FNDA:0,(anonymous_19)
FNDA:0,(anonymous_20)
FNDA:0,(anonymous_21)
FNDA:0,(anonymous_22)
FNDA:0,(anonymous_23)
FNDA:0,(anonymous_24)
FNDA:0,(anonymous_25)
FNDA:0,(anonymous_26)
FNDA:0,(anonymous_27)
FNDA:0,(anonymous_28)
FNDA:0,(anonymous_29)
DA:2,1
DA:3,1
DA:4,1
DA:5,1
DA:6,1
DA:7,1
DA:8,1
DA:9,1
DA:13,1
DA:14,1
DA:16,1
DA:37,3
DA:45,1
DA:48,1
DA:78,1
DA:87,1
DA:137,1
DA:178,1
DA:182,0
DA:183,0
DA:184,0
DA:190,0
DA:191,0
DA:194,0
DA:197,1
DA:203,0
DA:204,0
DA:205,0
DA:214,1
DA:220,0
DA:221,0
DA:233,1
DA:238,0
DA:239,0
DA:246,0
DA:247,0
DA:249,0
DA:251,0
DA:252,0
DA:259,1
DA:264,0
DA:265,0
DA:272,0
DA:273,0
DA:275,0
DA:277,0
DA:278,0
LF:47
LH:22
BRF:0
BRH:0
end_of_record
TN:
SF:components/organisms/FooterMultiColumn/FooterTrademark.tsx
FN:5,(anonymous_1)
FNF:1
FNH:1
FNDA:11,(anonymous_1)
DA:1,2
DA:2,2
DA:5,2
DA:10,11
DA:11,11
DA:33,2
LF:6
LH:6
BRDA:7,0,0,0
BRDA:15,1,0,11
BRDA:15,1,1,0
BRDA:15,2,0,11
BRDA:15,2,1,11
BRDA:17,3,0,11
BRDA:17,3,1,0
BRDA:17,4,0,11
BRDA:17,4,1,11
BRDA:22,5,0,11
BRDA:22,5,1,11
BRF:11
BRH:8
end_of_record
TN:
SF:components/organisms/FooterMultiColumn/Icon.tsx
FN:27,(anonymous_0)
FNF:1
FNH:1
FNDA:55,(anonymous_0)
DA:1,2
DA:4,2
DA:13,2
DA:21,2
DA:27,2
DA:32,55
DA:33,55
DA:34,55
DA:36,55
DA:44,2
LF:10
LH:10
BRDA:29,0,0,0
BRDA:30,1,0,0
BRDA:32,2,0,55
BRDA:32,2,1,0
BRDA:32,3,0,55
BRDA:32,3,1,55
BRDA:33,4,0,55
BRDA:33,4,1,0
BRDA:33,5,0,55
BRDA:33,5,1,55
BRDA:34,6,0,55
BRDA:34,6,1,0
BRDA:34,7,0,55
BRDA:34,7,1,55
BRF:14
BRH:9
end_of_record
TN:
SF:components/organisms/FooterMultiColumn/SocialIcons.tsx
FN:5,(anonymous_1)
FN:8,(anonymous_2)
FNF:2
FNH:2
FNDA:11,(anonymous_1)
FNDA:55,(anonymous_2)
DA:1,2
DA:3,2
DA:5,2
DA:6,11
DA:9,55
DA:19,2
LF:6
LH:6
BRF:0
BRH:0
end_of_record
TN:
SF:components/organisms/FooterMultiColumn/index.tsx
FN:9,(anonymous_2)
FNF:1
FNH:1
FNDA:11,(anonymous_2)
DA:2,2
DA:3,2
DA:4,2
DA:5,2
DA:6,2
DA:7,2
DA:9,2
DA:15,11
DA:19,11
DA:20,11
DA:26,11
DA:43,2
LF:12
LH:12
BRDA:28,0,0,11
BRDA:28,0,1,11
BRDA:30,1,0,11
BRDA:30,1,1,11
BRDA:31,2,0,11
BRDA:31,2,1,11
BRDA:33,3,0,11
BRDA:33,3,1,11
BRF:8
BRH:8
end_of_record
TN:
SF:components/organisms/Hero/HeroSection.stories.tsx
FN:14,(anonymous_1)
FNF:1
FNH:1
FNDA:2,(anonymous_1)
DA:2,1
DA:3,1
DA:4,1
DA:6,1
DA:15,2
DA:22,1
DA:25,1
DA:29,1
LF:8
LH:8
BRF:0
BRH:0
end_of_record
TN:
SF:components/organisms/Hero/index.tsx
FN:19,(anonymous_1)
FN:27,(anonymous_2)
FN:51,(anonymous_3)
FN:67,(anonymous_4)
FNF:4
FNH:4
FNDA:5,(anonymous_1)
FNDA:10,(anonymous_2)
FNDA:9,(anonymous_3)
FNDA:10,(anonymous_4)
DA:1,1
DA:2,1
DA:3,1
DA:19,1
DA:27,5
DA:28,10
DA:32,5
DA:52,9
DA:68,10
DA:92,1
LF:10
LH:10
BRDA:25,0,0,2
BRDA:28,1,0,5
BRDA:28,1,1,5
BRDA:38,2,0,5
BRDA:38,2,1,5
BRDA:43,3,0,5
BRDA:43,3,1,3
BRDA:49,4,0,5
BRDA:49,4,1,3
BRF:9
BRH:9
end_of_record
TN:
SF:components/organisms/Modal/CookieConsent/CookieConsent.stories.tsx
FNF:0
FNH:0
DA:2,1
DA:4,1
DA:13,1
DA:16,1
LF:4
LH:4
BRF:0
BRH:0
end_of_record
TN:
SF:components/organisms/Modal/CookieConsent/Overlay.tsx
FN:5,(anonymous_0)
FNF:1
FNH:1
FNDA:14,(anonymous_0)
DA:5,1
DA:6,14
DA:13,1
LF:3
LH:3
BRF:0
BRH:0
end_of_record
TN:
SF:components/organisms/Modal/CookieConsent/index.tsx
FN:35,(anonymous_1)
FN:42,(anonymous_2)
FN:58,(anonymous_3)
FN:59,(anonymous_4)
FN:60,(anonymous_5)
FN:68,(anonymous_6)
FN:70,(anonymous_7)
FN:71,(anonymous_8)
FN:79,(anonymous_9)
FN:80,(anonymous_10)
FN:81,(anonymous_11)
FN:90,(anonymous_12)
FN:91,(anonymous_13)
FN:92,(anonymous_14)
FN:98,(anonymous_15)
FN:100,(anonymous_16)
FN:112,(anonymous_17)
FN:130,(anonymous_18)
FN:206,(anonymous_19)
FN:228,(anonymous_20)
FNF:20
FNH:20
FNDA:14,(anonymous_1)
FNDA:9,(anonymous_2)
FNDA:2,(anonymous_3)
FNDA:2,(anonymous_4)
FNDA:6,(anonymous_5)
FNDA:3,(anonymous_6)
FNDA:9,(anonymous_7)
FNDA:6,(anonymous_8)
FNDA:1,(anonymous_9)
FNDA:1,(anonymous_10)
FNDA:3,(anonymous_11)
FNDA:1,(anonymous_12)
FNDA:1,(anonymous_13)
FNDA:3,(anonymous_14)
FNDA:42,(anonymous_15)
FNDA:84,(anonymous_16)
FNDA:2,(anonymous_17)
FNDA:84,(anonymous_18)
FNDA:42,(anonymous_19)
FNDA:42,(anonymous_20)
DA:1,1
DA:2,1
DA:9,1
DA:10,1
DA:11,1
DA:35,1
DA:41,14
DA:42,14
DA:43,9
DA:44,9
DA:46,0
DA:47,0
DA:50,14
DA:51,14
DA:52,14
DA:57,14
DA:59,2
DA:60,2
DA:61,6
DA:68,14
DA:69,3
DA:70,9
DA:71,6
DA:73,3
DA:75,3
DA:76,3
DA:79,14
DA:80,1
DA:81,1
DA:82,3
DA:87,1
DA:90,14
DA:91,1
DA:92,3
DA:94,1
DA:97,14
DA:99,42
DA:100,84
DA:102,42
DA:112,2
DA:129,14
DA:131,84
DA:141,84
DA:149,84
DA:150,84
DA:152,84
DA:153,2
DA:174,82
DA:175,2
DA:178,80
DA:191,14
DA:207,42
DA:229,42
DA:238,1
LF:54
LH:52
BRDA:44,0,0,3
BRDA:44,0,1,6
BRDA:61,1,0,2
BRDA:61,1,1,4
BRDA:82,2,0,1
BRDA:82,2,1,2
BRDA:108,3,0,42
BRDA:108,3,1,42
BRDA:150,4,0,84
BRDA:150,4,1,2
BRDA:152,5,0,2
BRDA:156,6,0,1
BRDA:156,6,1,1
BRDA:174,7,0,2
BRDA:174,8,0,82
BRDA:174,8,1,55
BRDA:215,9,0,14
BRDA:215,9,1,14
BRDA:220,10,0,14
BRDA:220,10,1,14
BRF:20
BRH:20
end_of_record
TN:
SF:components/organisms/Modal/CookieConsent/useCookies.ts
FN:8,(anonymous_0)
FN:9,(anonymous_1)
FN:10,(anonymous_2)
FNF:3
FNH:3
FNDA:14,(anonymous_0)
FNDA:9,(anonymous_1)
FNDA:27,(anonymous_2)
DA:1,1
DA:8,1
DA:9,14
DA:10,27
DA:15,14
DA:17,14
DA:20,1
LF:7
LH:7
BRDA:12,0,0,27
BRDA:12,0,1,0
BRDA:12,1,0,27
BRDA:12,1,1,27
BRF:4
BRH:3
end_of_record
TN:
SF:components/organisms/Modal/CookieConsent/useModal.ts
FN:3,(anonymous_0)
FN:6,(anonymous_1)
FN:7,(anonymous_2)
FNF:3
FNH:3
FNDA:14,(anonymous_0)
FNDA:3,(anonymous_1)
FNDA:3,(anonymous_2)
DA:1,1
DA:3,1
DA:4,14
DA:6,14
DA:7,14
DA:9,14
DA:12,1
LF:7
LH:7
BRF:0
BRH:0
end_of_record
TN:
SF:components/organisms/Nav/CallToAction.tsx
FN:15,(anonymous_0)
FN:21,(anonymous_1)
FNF:2
FNH:2
FNDA:2,(anonymous_0)
FNDA:4,(anonymous_1)
DA:1,2
DA:15,2
DA:19,2
DA:22,4
DA:23,4
DA:26,4
DA:40,2
LF:7
LH:7
BRDA:21,0,0,0
BRDA:21,0,1,2
BRDA:21,1,0,2
BRDA:21,1,1,2
BRDA:23,2,0,2
BRDA:23,2,1,2
BRF:6
BRH:5
end_of_record
TN:
SF:components/organisms/Nav/DesktopNavigation.tsx
FN:10,(anonymous_0)
FN:22,(anonymous_1)
FN:37,(anonymous_2)
FN:40,(anonymous_3)
FNF:4
FNH:4
FNDA:2,(anonymous_0)
FNDA:4,(anonymous_1)
FNDA:11,(anonymous_2)
FNDA:24,(anonymous_3)
DA:1,2
DA:2,2
DA:4,2
DA:10,2
DA:11,2
DA:23,4
DA:37,2
DA:38,11
DA:41,24
DA:42,2
DA:44,22
DA:58,2
LF:12
LH:12
BRDA:22,0,0,0
BRDA:22,0,1,2
BRDA:22,1,0,2
BRDA:22,1,1,2
BRDA:41,2,0,2
BRF:5
BRH:4
end_of_record
TN:
SF:components/organisms/Nav/MobileNavigation.tsx
FN:21,(anonymous_1)
FN:29,(anonymous_2)
FN:43,(anonymous_3)
FN:70,(anonymous_4)
FNF:4
FNH:2
FNDA:0,(anonymous_1)
FNDA:0,(anonymous_2)
FNDA:11,(anonymous_3)
FNDA:24,(anonymous_4)
DA:1,2
DA:10,2
DA:11,2
DA:21,2
DA:22,0
DA:30,0
DA:43,2
DA:50,11
DA:71,24
DA:72,2
DA:74,22
DA:98,2
LF:12
LH:10
BRDA:29,0,0,0
BRDA:29,0,1,0
BRDA:29,1,0,0
BRDA:29,1,1,0
BRDA:71,2,0,2
BRDA:85,3,0,11
BRDA:85,3,1,2
BRF:7
BRH:3
end_of_record
TN:
SF:components/organisms/Nav/Nav.stories.tsx
FNF:0
FNH:0
DA:2,0
DA:7,0
DA:9,0
DA:18,0
DA:21,0
DA:27,0
DA:33,0
LF:7
LH:0
BRF:0
BRH:0
end_of_record
TN:
SF:components/organisms/Nav/NavLogo.tsx
FN:10,(anonymous_1)
FNF:1
FNH:1
FNDA:11,(anonymous_1)
DA:1,2
DA:2,2
DA:10,2
DA:11,11
DA:25,2
LF:5
LH:5
BRDA:10,0,0,0
BRF:1
BRH:0
end_of_record
TN:
SF:components/organisms/Nav/index.tsx
FN:10,(anonymous_1)
FNF:1
FNH:1
FNDA:11,(anonymous_1)
DA:1,2
DA:2,2
DA:3,2
DA:4,2
DA:5,2
DA:6,2
DA:7,2
DA:10,2
DA:17,11
DA:18,11
DA:65,2
LF:11
LH:11
BRDA:15,0,0,1
BRDA:29,1,0,11
BRDA:29,1,1,10
BRDA:37,2,0,11
BRDA:37,2,1,2
BRF:5
BRH:5
end_of_record
TN:
SF:components/organisms/Nav/useMobileMenu.ts
FN:3,(anonymous_0)
FN:5,(anonymous_1)
FN:6,(anonymous_2)
FNF:3
FNH:1
FNDA:11,(anonymous_0)
FNDA:0,(anonymous_1)
FNDA:0,(anonymous_2)
DA:1,2
DA:3,2
DA:4,11
DA:5,11
DA:6,11
DA:7,11
DA:10,2
LF:7
LH:7
BRF:0
BRH:0
end_of_record
TN:
SF:components/organisms/Newsletter/NewsletterSection.stories.tsx
FN:37,(anonymous_8)
FN:49,(anonymous_9)
FN:53,(anonymous_10)
FN:54,(anonymous_11)
FN:54,(anonymous_12)
FN:58,(anonymous_13)
FN:58,(anonymous_14)
FN:62,(anonymous_15)
FN:73,(anonymous_16)
FN:73,(anonymous_17)
FN:78,(anonymous_18)
FN:88,(anonymous_19)
FN:88,(anonymous_20)
FN:93,(anonymous_21)
FNF:14
FNH:0
FNDA:0,(anonymous_8)
FNDA:0,(anonymous_9)
FNDA:0,(anonymous_10)
FNDA:0,(anonymous_11)
FNDA:0,(anonymous_12)
FNDA:0,(anonymous_13)
FNDA:0,(anonymous_14)
FNDA:0,(anonymous_15)
FNDA:0,(anonymous_16)
FNDA:0,(anonymous_17)
FNDA:0,(anonymous_18)
FNDA:0,(anonymous_19)
FNDA:0,(anonymous_20)
FNDA:0,(anonymous_21)
DA:2,0
DA:3,0
DA:4,0
DA:8,0
DA:9,0
DA:10,0
DA:11,0
DA:17,0
DA:38,0
DA:46,0
DA:49,0
DA:53,0
DA:54,0
DA:55,0
DA:58,0
DA:59,0
DA:62,0
DA:65,0
DA:71,0
DA:73,0
DA:74,0
DA:76,0
DA:78,0
DA:79,0
DA:86,0
DA:88,0
DA:89,0
DA:91,0
DA:93,0
DA:94,0
LF:30
LH:0
BRF:0
BRH:0
end_of_record
TN:
SF:components/organisms/Newsletter/index.tsx
FN:43,(anonymous_8)
FN:77,(anonymous_9)
FN:86,(anonymous_10)
FN:86,(anonymous_11)
FNF:4
FNH:2
FNDA:2,(anonymous_8)
FNDA:2,(anonymous_9)
FNDA:0,(anonymous_10)
FNDA:0,(anonymous_11)
DA:1,1
DA:2,1
DA:3,1
DA:4,1
DA:43,1
DA:49,2
DA:77,1
DA:83,2
DA:84,2
DA:86,2
DA:87,0
DA:88,0
DA:89,0
DA:90,0
DA:91,0
DA:93,0
DA:94,0
DA:96,0
DA:97,0
DA:98,0
DA:102,2
DA:135,1
LF:22
LH:12
BRDA:93,0,0,0
BRDA:93,0,1,0
BRDA:107,1,0,2
BRDA:107,1,1,2
BRDA:112,2,0,2
BRDA:112,2,1,2
BRDA:116,3,0,2
BRDA:116,3,1,2
BRF:8
BRH:6
end_of_record
TN:
SF:components/organisms/Page/index.tsx
FN:6,(anonymous_0)
FNF:1
FNH:1
FNDA:13,(anonymous_0)
DA:6,2
DA:7,13
DA:14,2
LF:3
LH:3
BRDA:6,0,0,12
BRF:1
BRH:1
end_of_record
TN:
SF:components/organisms/PricingTable/Single/PricingTable.stories.tsx
FN:14,(anonymous_1)
FNF:1
FNH:0
FNDA:0,(anonymous_1)
DA:2,0
DA:3,0
DA:4,0
DA:6,0
DA:15,0
DA:22,0
DA:25,0
LF:7
LH:0
BRF:0
BRH:0
end_of_record
TN:
SF:components/organisms/PricingTable/Single/index.tsx
FN:25,(anonymous_1)
FN:26,(anonymous_2)
FN:50,(anonymous_3)
FN:65,(anonymous_4)
FN:104,(anonymous_5)
FN:120,(anonymous_6)
FNF:6
FNH:6
FNDA:6,(anonymous_1)
FNDA:11,(anonymous_2)
FNDA:11,(anonymous_3)
FNDA:6,(anonymous_4)
FNDA:15,(anonymous_5)
FNDA:6,(anonymous_6)
DA:1,1
DA:25,1
DA:26,6
DA:27,11
DA:30,6
DA:51,11
DA:65,1
DA:73,6
DA:105,15
DA:121,6
DA:130,1
LF:11
LH:11
BRDA:27,0,0,6
BRDA:27,0,1,5
BRDA:78,1,0,6
BRDA:78,1,1,5
BRDA:83,2,0,6
BRDA:83,2,1,6
BRDA:88,3,0,6
BRDA:88,3,1,5
BRDA:97,4,0,6
BRDA:97,4,1,6
BRDA:102,5,0,6
BRDA:102,5,1,5
BRF:12
BRH:12
end_of_record
TN:
SF:components/organisms/PricingTable/Tier/PricingTier.stories.tsx
FN:14,(anonymous_1)
FNF:1
FNH:0
FNDA:0,(anonymous_1)
DA:2,0
DA:3,0
DA:4,0
DA:6,0
DA:15,0
DA:22,0
DA:25,0
LF:7
LH:0
BRF:0
BRH:0
end_of_record
TN:
SF:components/organisms/PricingTable/Tier/index.tsx
FN:35,(anonymous_1)
FN:46,(anonymous_2)
FN:76,(anonymous_3)
FN:91,(anonymous_4)
FN:114,(anonymous_5)
FN:139,(anonymous_6)
FN:151,(anonymous_7)
FN:157,(anonymous_8)
FNF:8
FNH:8
FNDA:4,(anonymous_1)
FNDA:8,(anonymous_2)
FNDA:8,(anonymous_3)
FNDA:8,(anonymous_4)
FNDA:5,(anonymous_5)
FNDA:8,(anonymous_6)
FNDA:8,(anonymous_7)
FNDA:8,(anonymous_8)
DA:1,1
DA:2,1
DA:35,1
DA:46,4
DA:47,8
DA:50,4
DA:77,8
DA:92,8
DA:114,1
DA:115,5
DA:140,8
DA:152,8
DA:158,8
DA:172,1
LF:14
LH:14
BRDA:44,0,0,0
BRDA:47,1,0,4
BRDA:47,1,1,4
BRDA:52,2,0,0
BRDA:52,2,1,4
BRDA:54,3,0,4
BRDA:54,3,1,0
BRDA:54,3,2,0
BRDA:60,4,0,0
BRDA:60,4,1,4
BRDA:63,5,0,4
BRDA:63,5,1,4
BRDA:68,6,0,0
BRDA:68,6,1,4
BRDA:74,7,0,4
BRDA:74,7,1,4
BRDA:120,8,0,5
BRDA:120,8,1,5
BRDA:125,9,0,5
BRDA:125,9,1,5
BRDA:130,10,0,5
BRDA:130,10,1,1
BRDA:139,11,0,1
BRDA:139,11,1,4
BRDA:139,12,0,5
BRDA:139,12,1,5
BRDA:151,13,0,1
BRDA:151,13,1,4
BRDA:151,14,0,5
BRDA:151,14,1,5
BRF:30
BRH:24
end_of_record
TN:
SF:components/organisms/ProductDetails/ProductDetails.skeleton.tsx
FN:1,(anonymous_0)
FN:11,(anonymous_1)
FN:44,(anonymous_2)
FNF:3
FNH:3
FNDA:3,(anonymous_0)
FNDA:21,(anonymous_1)
FNDA:9,(anonymous_2)
DA:1,2
DA:2,3
DA:4,3
DA:12,21
DA:45,9
DA:64,2
LF:6
LH:6
BRF:0
BRH:0
end_of_record
TN:
SF:components/organisms/ProductDetails/ProductDetails.stories.tsx
FN:13,(anonymous_1)
FNF:1
FNH:0
FNDA:0,(anonymous_1)
DA:2,1
DA:3,1
DA:5,1
DA:14,0
DA:21,1
DA:24,1
LF:6
LH:5
BRF:0
BRH:0
end_of_record
TN:
SF:components/organisms/ProductDetails/fetchProductDetailsAPI.ts
FN:62,(anonymous_8)
FN:64,(anonymous_9)
FNF:2
FNH:2
FNDA:1,(anonymous_8)
FNDA:1,(anonymous_9)
DA:1,3
DA:62,3
DA:64,1
DA:65,1
DA:66,1
DA:67,0
DA:70,3
LF:7
LH:6
BRF:0
BRH:0
end_of_record
TN:
SF:components/organisms/ProductDetails/index.tsx
FN:16,(anonymous_17)
FN:35,(anonymous_18)
FN:35,(anonymous_19)
FN:44,(anonymous_20)
FN:45,(anonymous_21)
FN:62,(anonymous_22)
FN:75,(anonymous_23)
FN:87,(anonymous_24)
FN:90,(anonymous_25)
FN:100,(anonymous_26)
FN:105,(anonymous_27)
FNF:11
FNH:10
FNDA:11,(anonymous_17)
FNDA:10,(anonymous_18)
FNDA:10,(anonymous_19)
FNDA:10,(anonymous_20)
FNDA:0,(anonymous_21)
FNDA:10,(anonymous_22)
FNDA:10,(anonymous_23)
FNDA:11,(anonymous_24)
FNDA:11,(anonymous_25)
FNDA:11,(anonymous_26)
FNDA:11,(anonymous_27)
DA:1,2
DA:2,2
DA:3,2
DA:4,2
DA:5,2
DA:6,2
DA:7,2
DA:16,2
DA:32,11
DA:34,11
DA:35,11
DA:36,10
DA:37,10
DA:38,9
DA:40,0
DA:44,11
DA:45,10
DA:46,0
DA:59,11
DA:61,11
DA:63,10
DA:74,11
DA:75,10
DA:87,11
DA:89,11
DA:90,11
DA:99,11
DA:100,11
DA:104,11
DA:105,11
DA:126,11
DA:137,11
DA:138,2
DA:145,9
DA:146,3
DA:156,6
DA:173,2
LF:37
LH:35
BRDA:51,0,0,4
BRDA:52,1,0,4
BRDA:53,2,0,4
BRDA:54,3,0,4
BRDA:55,4,0,4
BRDA:56,5,0,4
BRDA:57,6,0,4
BRDA:58,7,0,4
BRDA:59,8,0,7
BRDA:59,8,1,4
BRDA:59,9,0,11
BRDA:59,9,1,7
BRDA:64,10,0,10
BRDA:64,10,1,7
BRDA:64,10,2,7
BRDA:64,10,3,7
BRDA:64,10,4,7
BRDA:64,10,5,7
BRDA:87,11,0,11
BRDA:87,11,1,11
BRDA:91,12,0,11
BRDA:91,12,1,0
BRDA:91,13,0,11
BRDA:91,13,1,11
BRDA:100,14,0,11
BRDA:100,14,1,10
BRDA:100,14,2,6
BRDA:106,15,0,10
BRDA:106,15,1,1
BRDA:106,16,0,11
BRDA:106,16,1,10
BRDA:107,17,0,10
BRDA:107,17,1,1
BRDA:107,18,0,11
BRDA:107,18,1,10
BRDA:127,19,0,11
BRDA:127,19,1,6
BRDA:128,20,0,11
BRDA:128,20,1,7
BRDA:128,20,2,7
BRDA:131,21,0,11
BRDA:131,21,1,5
BRDA:131,21,2,5
BRDA:134,22,0,11
BRDA:134,22,1,7
BRDA:137,23,0,2
BRDA:140,24,0,1
BRDA:140,24,1,1
BRDA:140,25,0,2
BRDA:140,25,1,2
BRDA:145,26,0,3
BRF:51
BRH:50
end_of_record
TN:
SF:components/organisms/ProductDetails/useProductStore.ts
FN:30,(anonymous_8)
FN:36,(anonymous_9)
FN:39,(anonymous_10)
FN:40,(anonymous_11)
FN:54,(anonymous_12)
FN:65,(anonymous_13)
FN:68,(anonymous_14)
FN:71,(anonymous_15)
FN:72,(anonymous_16)
FN:72,(anonymous_17)
FN:79,(anonymous_18)
FN:105,(anonymous_19)
FN:109,(anonymous_20)
FN:114,(anonymous_21)
FN:115,(anonymous_22)
FN:122,(anonymous_23)
FNF:16
FNH:16
FNDA:1,(anonymous_8)
FNDA:1,(anonymous_9)
FNDA:1,(anonymous_10)
FNDA:3,(anonymous_11)
FNDA:3,(anonymous_12)
FNDA:2,(anonymous_13)
FNDA:2,(anonymous_14)
FNDA:1,(anonymous_15)
FNDA:6,(anonymous_16)
FNDA:6,(anonymous_17)
FNDA:1,(anonymous_18)
FNDA:30,(anonymous_19)
FNDA:39,(anonymous_20)
FNDA:3,(anonymous_21)
FNDA:3,(anonymous_22)
FNDA:27,(anonymous_23)
DA:1,3
DA:2,3
DA:6,3
DA:30,3
DA:35,1
DA:36,1
DA:39,3
DA:40,1
DA:41,3
DA:43,3
DA:44,1
DA:45,1
DA:48,1
DA:50,3
DA:54,3
DA:66,2
DA:69,2
DA:71,1
DA:72,6
DA:73,6
DA:74,6
DA:75,6
DA:76,1
DA:77,1
DA:78,1
DA:79,1
DA:80,1
DA:82,1
DA:83,1
DA:92,4
DA:93,2
DA:97,2
DA:102,5
DA:106,30
DA:107,30
DA:110,39
DA:115,3
DA:122,3
DA:123,27
DA:124,27
DA:126,27
DA:128,27
DA:129,1
DA:135,3
LF:44
LH:44
BRDA:35,0,0,1
BRDA:35,0,1,0
BRDA:43,1,0,1
BRDA:43,2,0,3
BRDA:43,2,1,1
BRDA:44,3,0,1
BRDA:82,4,0,1
BRDA:92,5,0,2
BRDA:92,5,1,2
BRDA:94,6,0,1
BRDA:94,6,1,1
BRDA:94,7,0,2
BRDA:94,7,1,2
BRDA:94,8,0,1
BRDA:94,8,1,1
BRDA:94,9,0,2
BRDA:94,9,1,2
BRDA:98,10,0,1
BRDA:98,10,1,1
BRDA:108,11,0,19
BRDA:108,11,1,11
BRDA:108,12,0,30
BRDA:108,12,1,30
BRDA:108,13,0,6
BRDA:108,13,1,24
BRDA:108,14,0,30
BRDA:108,14,1,24
BRDA:110,15,0,39
BRDA:110,15,1,25
BRDA:110,15,2,6
BRDA:128,16,0,1
BRDA:128,17,0,27
BRDA:128,17,1,17
BRF:33
BRH:32
end_of_record
TN:
SF:components/organisms/ProductGrid/ProductGrid.mocks.tsx
FN:37,(anonymous_0)
FN:42,(anonymous_1)
FN:141,(anonymous_2)
FN:155,(anonymous_3)
FNF:4
FNH:4
FNDA:2,(anonymous_0)
FNDA:2,(anonymous_1)
FNDA:2,(anonymous_2)
FNDA:4,(anonymous_3)
DA:15,1
DA:19,1
DA:25,1
DA:37,2
DA:42,2
DA:47,1
DA:140,1
DA:141,2
DA:155,1
DA:156,4
LF:10
LH:10
BRF:0
BRH:0
end_of_record
TN:
SF:components/organisms/ProductGrid/ProductGrid.skeleton.tsx
FN:1,(anonymous_0)
FN:11,(anonymous_1)
FN:22,(anonymous_2)
FNF:3
FNH:3
FNDA:1,(anonymous_0)
FNDA:10,(anonymous_1)
FNDA:30,(anonymous_2)
DA:1,2
DA:2,1
DA:4,1
DA:12,10
DA:23,30
DA:37,2
LF:6
LH:6
BRF:0
BRH:0
end_of_record
TN:
SF:components/organisms/ProductGrid/ProductGrid.stories.tsx
FN:13,(anonymous_1)
FNF:1
FNH:1
FNDA:1,(anonymous_1)
DA:2,1
DA:3,1
DA:5,1
DA:14,1
DA:24,1
DA:27,1
LF:6
LH:6
BRF:0
BRH:0
end_of_record
TN:
SF:components/organisms/ProductGrid/ProductGridCard.tsx
FN:14,(anonymous_1)
FN:22,(anonymous_2)
FN:61,(anonymous_3)
FN:63,(anonymous_4)
FN:65,(anonymous_5)
FNF:5
FNH:5
FNDA:11,(anonymous_1)
FNDA:11,(anonymous_2)
FNDA:22,(anonymous_3)
FNDA:1,(anonymous_4)
FNDA:2,(anonymous_5)
DA:1,2
DA:2,2
DA:3,2
DA:4,2
DA:14,2
DA:20,11
DA:21,11
DA:22,11
DA:23,11
DA:24,11
DA:32,11
DA:62,22
DA:64,1
DA:65,2
DA:66,1
DA:81,2
LF:16
LH:16
BRDA:16,0,0,0
BRDA:18,1,0,0
BRDA:34,2,0,11
BRDA:34,2,1,11
BRF:4
BRH:2
end_of_record
TN:
SF:components/organisms/ProductGrid/ProductGridHeader.tsx
FN:8,(anonymous_1)
FNF:1
FNH:1
FNDA:15,(anonymous_1)
DA:1,2
DA:8,2
DA:12,15
DA:22,2
LF:4
LH:4
BRDA:17,0,0,15
BRDA:17,0,1,2
BRF:2
BRH:2
end_of_record
TN:
SF:components/organisms/ProductGrid/fetchProductsAPI.ts
FN:76,(anonymous_8)
FN:82,(anonymous_9)
FNF:2
FNH:2
FNDA:1,(anonymous_8)
FNDA:1,(anonymous_9)
DA:1,2
DA:76,2
DA:82,1
DA:84,1
DA:85,1
DA:92,1
DA:93,1
DA:96,2
LF:8
LH:8
BRF:0
BRH:0
end_of_record
TN:
SF:components/organisms/ProductGrid/index.tsx
FN:8,(anonymous_9)
FN:25,(anonymous_10)
FN:26,(anonymous_11)
FN:26,(anonymous_12)
FN:37,(anonymous_13)
FN:77,(anonymous_14)
FNF:6
FNH:6
FNDA:17,(anonymous_9)
FNDA:17,(anonymous_10)
FNDA:17,(anonymous_11)
FNDA:17,(anonymous_12)
FNDA:17,(anonymous_13)
FNDA:10,(anonymous_14)
DA:1,2
DA:2,2
DA:3,2
DA:4,2
DA:5,2
DA:8,2
DA:22,17
DA:23,17
DA:25,17
DA:26,17
DA:27,17
DA:28,17
DA:30,0
DA:34,17
DA:37,17
DA:38,17
DA:41,17
DA:42,1
DA:45,16
DA:46,1
DA:72,15
DA:77,10
DA:88,2
LF:23
LH:22
BRDA:10,0,0,15
BRDA:11,1,0,8
BRDA:41,2,0,1
BRDA:45,3,0,1
BRDA:76,4,0,5
BRDA:76,4,1,10
BRF:6
BRH:6
end_of_record
TN:
SF:components/organisms/ProductGrid/useProductsStore.ts
FN:30,(anonymous_8)
FN:40,(anonymous_9)
FN:40,(anonymous_10)
FNF:3
FNH:3
FNDA:1,(anonymous_8)
FNDA:6,(anonymous_9)
FNDA:6,(anonymous_10)
DA:1,1
DA:2,1
DA:7,1
DA:30,1
DA:40,6
DA:47,6
DA:49,6
DA:50,6
DA:51,6
DA:58,2
DA:59,2
DA:65,4
DA:66,2
DA:70,2
DA:76,6
DA:81,1
LF:16
LH:16
BRDA:40,0,0,1
BRDA:42,1,0,1
BRDA:45,2,0,6
BRDA:46,3,0,6
BRDA:65,4,0,2
BRDA:65,4,1,2
BRDA:67,5,0,1
BRDA:67,5,1,1
BRDA:67,6,0,2
BRDA:67,6,1,2
BRDA:67,7,0,1
BRDA:67,7,1,1
BRDA:67,8,0,2
BRDA:67,8,1,2
BRDA:71,9,0,1
BRDA:71,9,1,1
BRF:16
BRH:16
end_of_record
TN:
SF:components/organisms/ProductOptions/index.tsx
FN:23,(anonymous_1)
FN:35,(anonymous_2)
FNF:2
FNH:1
FNDA:7,(anonymous_1)
FNDA:0,(anonymous_2)
DA:1,3
DA:2,3
DA:3,3
DA:4,3
DA:5,3
DA:7,3
DA:8,3
DA:10,3
DA:23,3
DA:33,7
DA:34,7
DA:35,7
DA:36,0
DA:37,0
DA:38,0
DA:40,0
DA:41,0
DA:44,7
DA:88,3
LF:19
LH:14
BRDA:28,0,0,3
BRDA:71,1,0,7
BRDA:71,1,1,1
BRDA:80,2,0,3
BRDA:80,2,1,4
BRF:5
BRH:5
end_of_record
TN:
SF:components/organisms/ProductReview/NoReviews.tsx
FN:4,(anonymous_0)
FNF:1
FNH:1
FNDA:3,(anonymous_0)
DA:4,3
DA:5,3
DA:22,3
LF:3
LH:3
BRDA:4,0,0,2
BRF:1
BRH:1
end_of_record
TN:
SF:components/organisms/ProductReview/OverallRating.tsx
FN:17,(anonymous_1)
FN:25,(anonymous_2)
FN:42,(anonymous_3)
FN:59,(anonymous_4)
FN:70,(anonymous_5)
FN:70,(anonymous_6)
FN:82,(anonymous_7)
FN:96,(anonymous_8)
FNF:8
FNH:8
FNDA:2,(anonymous_1)
FNDA:25,(anonymous_2)
FNDA:25,(anonymous_3)
FNDA:6,(anonymous_4)
FNDA:6,(anonymous_5)
FNDA:20,(anonymous_6)
FNDA:25,(anonymous_7)
FNDA:1,(anonymous_8)
DA:1,2
DA:2,2
DA:3,2
DA:17,2
DA:18,2
DA:19,2
DA:20,2
DA:21,2
DA:22,2
DA:25,2
DA:26,25
DA:28,5
DA:30,5
DA:32,5
DA:34,5
DA:36,5
DA:38,0
DA:42,2
DA:43,25
DA:45,5
DA:47,5
DA:49,5
DA:51,5
DA:53,5
DA:55,0
DA:59,2
DA:69,6
DA:70,20
DA:73,6
DA:83,25
DA:86,25
DA:96,1
DA:135,2
LF:33
LH:31
BRDA:17,0,0,2
BRDA:17,0,1,2
BRDA:26,1,0,5
BRDA:26,1,1,5
BRDA:26,1,2,5
BRDA:26,1,3,5
BRDA:26,1,4,5
BRDA:26,1,5,0
BRDA:43,2,0,5
BRDA:43,2,1,5
BRDA:43,2,2,5
BRDA:43,2,3,5
BRDA:43,2,4,5
BRDA:43,2,5,0
BRDA:67,3,0,5
BRDA:76,4,0,6
BRDA:76,4,1,6
BRDA:95,5,0,1
BRDA:95,5,1,24
BRDA:115,6,0,6
BRDA:115,6,1,1
BRF:21
BRH:19
end_of_record
TN:
SF:components/organisms/ProductReview/ProductReview.stories.tsx
FN:13,(anonymous_1)
FN:25,(anonymous_2)
FN:35,(anonymous_3)
FN:37,(anonymous_4)
FN:38,(anonymous_5)
FNF:5
FNH:0
FNDA:0,(anonymous_1)
FNDA:0,(anonymous_2)
FNDA:0,(anonymous_3)
FNDA:0,(anonymous_4)
FNDA:0,(anonymous_5)
DA:2,0
DA:3,0
DA:5,0
DA:14,0
DA:26,0
DA:31,0
DA:34,0
DA:36,0
DA:37,0
DA:38,0
DA:39,0
LF:11
LH:0
BRF:0
BRH:0
end_of_record
TN:
SF:components/organisms/ProductReview/ReviewDate.tsx
FN:1,(anonymous_0)
FNF:1
FNH:1
FNDA:9,(anonymous_0)
DA:1,4
DA:5,9
DA:6,9
DA:11,9
DA:14,4
LF:5
LH:5
BRF:0
BRH:0
end_of_record
TN:
SF:components/organisms/ProductReview/ReviewSkeleton.tsx
FN:1,(anonymous_0)
FNF:1
FNH:1
FNDA:10,(anonymous_0)
DA:1,2
DA:2,10
DA:37,2
LF:3
LH:3
BRF:0
BRH:0
end_of_record
TN:
SF:components/organisms/ProductReview/Reviewer.tsx
FN:11,(anonymous_10)
FN:14,(anonymous_11)
FN:17,(anonymous_12)
FN:36,(anonymous_13)
FNF:4
FNH:1
FNDA:6,(anonymous_10)
FNDA:0,(anonymous_11)
FNDA:0,(anonymous_12)
FNDA:0,(anonymous_13)
DA:1,3
DA:3,3
DA:4,3
DA:5,3
DA:11,3
DA:12,6
DA:13,6
DA:14,6
DA:15,0
DA:17,0
DA:19,0
DA:21,6
DA:36,0
DA:65,3
LF:14
LH:10
BRDA:26,0,0,0
BRDA:26,0,1,6
BRF:2
BRH:1
end_of_record
TN:
SF:components/organisms/ProductReview/Reviews.tsx
FN:16,(anonymous_1)
FN:33,(anonymous_2)
FN:43,(anonymous_3)
FNF:3
FNH:3
FNDA:4,(anonymous_1)
FNDA:10,(anonymous_2)
FNDA:4,(anonymous_3)
DA:1,2
DA:2,2
DA:4,2
DA:5,2
DA:16,2
DA:24,4
DA:26,4
DA:27,1
DA:30,3
DA:31,1
DA:34,10
DA:35,10
DA:41,2
DA:44,4
DA:59,2
LF:15
LH:15
BRDA:21,0,0,3
BRDA:26,1,0,1
BRDA:26,2,0,4
BRDA:26,2,1,2
BRDA:30,3,0,1
BRDA:46,4,0,2
BRDA:46,4,1,1
BRF:7
BRH:7
end_of_record
TN:
SF:components/organisms/ProductReview/fetchReviewFromAPI.ts
FN:40,(anonymous_8)
FN:45,(anonymous_9)
FNF:2
FNH:0
FNDA:0,(anonymous_8)
FNDA:0,(anonymous_9)
DA:1,2
DA:40,2
DA:45,0
DA:47,0
DA:50,0
DA:51,0
DA:54,2
LF:7
LH:3
BRDA:44,0,0,0
BRDA:47,1,0,0
BRDA:47,1,1,0
BRF:3
BRH:0
end_of_record
TN:
SF:components/organisms/ProductReview/index.tsx
FN:15,(anonymous_17)
FN:28,(anonymous_18)
FN:28,(anonymous_19)
FN:34,(anonymous_20)
FN:34,(anonymous_21)
FN:40,(anonymous_22)
FN:42,(anonymous_23)
FN:47,(anonymous_24)
FN:52,(anonymous_25)
FN:52,(anonymous_26)
FNF:10
FNH:4
FNDA:2,(anonymous_17)
FNDA:0,(anonymous_18)
FNDA:0,(anonymous_19)
FNDA:0,(anonymous_20)
FNDA:0,(anonymous_21)
FNDA:2,(anonymous_22)
FNDA:2,(anonymous_23)
FNDA:2,(anonymous_24)
FNDA:0,(anonymous_25)
FNDA:0,(anonymous_26)
DA:1,1
DA:2,1
DA:3,1
DA:4,1
DA:5,1
DA:6,1
DA:15,1
DA:21,2
DA:22,2
DA:26,2
DA:27,2
DA:28,2
DA:29,0
DA:30,0
DA:31,0
DA:32,0
DA:34,2
DA:35,0
DA:36,0
DA:37,0
DA:40,2
DA:41,2
DA:42,2
DA:43,2
DA:45,2
DA:46,2
DA:47,2
DA:48,2
DA:52,2
DA:53,0
DA:54,0
DA:55,0
DA:56,0
DA:59,2
DA:61,0
DA:64,2
DA:66,2
DA:111,1
LF:38
LH:26
BRDA:43,0,0,0
BRDA:43,0,1,2
BRDA:59,1,0,0
BRF:3
BRH:1
end_of_record
TN:
SF:components/organisms/ProductReview/useFetchReviews.ts
FN:11,(anonymous_8)
FN:25,(anonymous_9)
FN:28,(anonymous_10)
FN:28,(anonymous_11)
FN:40,(anonymous_12)
FNF:5
FNH:3
FNDA:2,(anonymous_8)
FNDA:2,(anonymous_9)
FNDA:0,(anonymous_10)
FNDA:0,(anonymous_11)
FNDA:2,(anonymous_12)
DA:1,1
DA:2,1
DA:11,1
DA:22,2
DA:23,2
DA:25,2
DA:26,2
DA:28,2
DA:29,0
DA:30,0
DA:31,0
DA:33,0
DA:34,0
DA:38,2
DA:40,2
DA:41,2
DA:42,2
DA:46,2
DA:49,1
LF:19
LH:14
BRDA:13,0,0,2
BRDA:14,1,0,0
BRDA:15,2,0,2
BRDA:33,3,0,0
BRF:4
BRH:2
end_of_record
TN:
SF:components/organisms/ProductReview/useFetchReviewsStore.ts
FN:23,(anonymous_8)
FN:41,(anonymous_9)
FN:46,(anonymous_10)
FN:57,(anonymous_11)
FN:74,(anonymous_12)
FNF:5
FNH:5
FNDA:2,(anonymous_8)
FNDA:7,(anonymous_9)
FNDA:7,(anonymous_10)
FNDA:2,(anonymous_11)
FNDA:3,(anonymous_12)
DA:1,2
DA:2,2
DA:3,2
DA:23,2
DA:46,7
DA:47,7
DA:48,7
DA:49,7
DA:51,7
DA:56,7
DA:57,2
DA:72,7
DA:74,3
DA:83,5
DA:84,2
DA:88,3
DA:93,7
DA:98,2
LF:18
LH:18
BRDA:43,0,0,5
BRDA:44,1,0,5
BRDA:45,2,0,5
BRDA:51,3,0,7
BRDA:51,3,1,2
BRDA:51,3,2,6
BRDA:51,3,3,5
BRDA:51,3,4,1
BRDA:56,4,0,2
BRDA:83,5,0,2
BRDA:83,5,1,3
BRDA:85,6,0,1
BRDA:85,6,1,1
BRDA:85,7,0,2
BRDA:85,7,1,2
BRDA:85,8,0,1
BRDA:85,8,1,1
BRDA:85,9,0,2
BRDA:85,9,1,2
BRDA:89,10,0,2
BRDA:89,10,1,1
BRF:21
BRH:21
end_of_record
TN:
SF:components/organisms/ProductSpecifications/ProuctSpecifications.stories.tsx
FN:14,(anonymous_1)
FN:25,(anonymous_2)
FN:46,(anonymous_3)
FNF:3
FNH:3
FNDA:2,(anonymous_1)
FNDA:4,(anonymous_2)
FNDA:4,(anonymous_3)
DA:2,1
DA:3,1
DA:4,1
DA:6,1
DA:15,2
DA:22,1
DA:25,1
DA:35,4
DA:46,1
DA:47,4
DA:57,1
LF:11
LH:11
BRF:0
BRH:0
end_of_record
TN:
SF:components/organisms/ProductSpecifications/SpecificationPanel.tsx
FN:5,(anonymous_1)
FN:25,(anonymous_2)
FNF:2
FNH:2
FNDA:40,(anonymous_1)
FNDA:160,(anonymous_2)
DA:1,2
DA:2,2
DA:5,2
DA:11,40
DA:26,160
DA:38,2
LF:6
LH:6
BRF:0
BRH:0
end_of_record
TN:
SF:components/organisms/ProductSpecifications/SpecificationTab.tsx
FN:3,(anonymous_0)
FNF:1
FNH:1
FNDA:40,(anonymous_0)
DA:1,2
DA:3,2
DA:4,40
DA:9,2
LF:4
LH:4
BRF:0
BRH:0
end_of_record
TN:
SF:components/organisms/ProductSpecifications/index.tsx
FN:7,(anonymous_1)
FN:31,(anonymous_2)
FN:37,(anonymous_3)
FNF:3
FNH:3
FNDA:10,(anonymous_1)
FNDA:40,(anonymous_2)
FNDA:40,(anonymous_3)
DA:1,2
DA:2,2
DA:3,2
DA:4,2
DA:7,2
DA:12,10
DA:32,40
DA:38,40
DA:54,2
LF:9
LH:9
BRF:0
BRH:0
end_of_record
TN:
SF:components/organisms/Statistics/StatisticsSection.stories.tsx
FN:14,(anonymous_1)
FNF:1
FNH:0
FNDA:0,(anonymous_1)
DA:2,0
DA:3,0
DA:4,0
DA:6,0
DA:15,0
DA:22,0
DA:25,0
LF:7
LH:0
BRF:0
BRH:0
end_of_record
TN:
SF:components/organisms/Statistics/index.tsx
FN:18,(anonymous_1)
FN:21,(anonymous_2)
FN:38,(anonymous_3)
FNF:3
FNH:3
FNDA:2,(anonymous_1)
FNDA:4,(anonymous_2)
FNDA:2,(anonymous_3)
DA:1,1
DA:18,1
DA:19,2
DA:22,4
DA:38,1
DA:47,2
DA:91,1
LF:7
LH:7
BRDA:21,0,0,0
BRDA:21,0,1,2
BRDA:21,1,0,2
BRDA:21,1,1,2
BRDA:45,2,0,1
BRDA:53,3,0,2
BRDA:53,3,1,0
BRDA:58,4,0,2
BRDA:58,4,1,2
BRDA:63,5,0,2
BRDA:63,5,1,0
BRDA:70,6,0,2
BRDA:70,6,1,0
BRF:13
BRH:9
end_of_record
TN:
SF:components/organisms/Team/TeamSection.stories.tsx
FN:14,(anonymous_1)
FNF:1
FNH:0
FNDA:0,(anonymous_1)
DA:2,0
DA:3,0
DA:4,0
DA:6,0
DA:15,0
DA:22,0
DA:25,0
LF:7
LH:0
BRF:0
BRH:0
end_of_record
TN:
SF:components/organisms/Team/index.tsx
FN:17,(anonymous_1)
FN:46,(anonymous_2)
FNF:2
FNH:2
FNDA:4,(anonymous_1)
FNDA:6,(anonymous_2)
DA:1,1
DA:17,1
DA:23,4
DA:47,6
DA:75,1
LF:5
LH:5
BRDA:27,0,0,4
BRDA:27,0,1,3
BRDA:32,1,0,4
BRDA:32,1,1,4
BRDA:37,2,0,4
BRDA:37,2,1,3
BRDA:46,3,0,0
BRDA:46,3,1,4
BRDA:46,4,0,4
BRDA:46,4,1,4
BRF:10
BRH:9
end_of_record
TN:
SF:components/organisms/Testimonials/Testimonials.stories.tsx
FN:14,(anonymous_1)
FNF:1
FNH:0
FNDA:0,(anonymous_1)
DA:2,0
DA:3,0
DA:4,0
DA:6,0
DA:15,0
DA:22,0
DA:25,0
LF:7
LH:0
BRF:0
BRH:0
end_of_record
TN:
SF:components/organisms/Testimonials/index.tsx
FN:22,(anonymous_1)
FN:51,(anonymous_2)
FNF:2
FNH:2
FNDA:4,(anonymous_1)
FNDA:6,(anonymous_2)
DA:1,1
DA:22,1
DA:28,4
DA:52,6
DA:70,1
LF:5
LH:5
BRDA:32,0,0,4
BRDA:32,0,1,3
BRDA:37,1,0,4
BRDA:37,1,1,4
BRDA:42,2,0,4
BRDA:42,2,1,3
BRDA:50,3,0,0
BRDA:50,3,1,4
BRDA:50,4,0,4
BRDA:50,4,1,4
BRF:10
BRH:9
end_of_record
TN:
SF:components/organisms/Toast/Toast.stories.tsx
FN:13,(anonymous_1)
FN:32,(anonymous_2)
FN:39,(anonymous_3)
FN:55,(anonymous_4)
FN:62,(anonymous_5)
FNF:5
FNH:0
FNDA:0,(anonymous_1)
FNDA:0,(anonymous_2)
FNDA:0,(anonymous_3)
FNDA:0,(anonymous_4)
FNDA:0,(anonymous_5)
DA:2,0
DA:3,0
DA:5,0
DA:14,0
DA:23,0
DA:26,0
DA:33,0
DA:34,0
DA:35,0
DA:39,0
DA:49,0
DA:56,0
DA:57,0
DA:58,0
DA:62,0
LF:15
LH:0
BRF:0
BRH:0
end_of_record
TN:
SF:components/organisms/Toast/index.tsx
FN:9,(anonymous_1)
FNF:1
FNH:1
FNDA:2,(anonymous_1)
DA:1,1
DA:9,1
DA:10,2
DA:12,2
DA:35,1
LF:5
LH:5
BRDA:14,0,0,2
BRDA:14,0,1,0
BRDA:14,0,2,0
BRDA:14,0,3,0
BRDA:17,1,0,0
BRDA:17,1,1,0
BRDA:20,2,0,0
BRDA:20,2,1,0
BRDA:25,3,0,0
BRDA:25,3,1,0
BRF:10
BRH:1
end_of_record
TN:
SF:components/organisms/Toast/useToast.ts
FN:10,(anonymous_1)
FN:14,(anonymous_2)
FN:16,(anonymous_3)
FN:19,(anonymous_4)
FNF:4
FNH:2
FNDA:13,(anonymous_1)
FNDA:13,(anonymous_2)
FNDA:0,(anonymous_3)
FNDA:0,(anonymous_4)
DA:1,3
DA:2,3
DA:10,3
DA:12,13
DA:14,13
DA:15,13
DA:16,0
DA:17,0
DA:19,0
DA:23,13
DA:26,3
LF:11
LH:8
BRDA:10,0,0,13
BRDA:15,1,0,0
BRDA:15,2,0,13
BRDA:15,2,1,0
BRF:4
BRH:2
end_of_record
TN:
SF:components/organisms/Toast/useToastStore.ts
FN:3,(anonymous_0)
FN:22,(anonymous_1)
FN:27,(anonymous_2)
FN:28,(anonymous_3)
FNF:4
FNH:2
FNDA:3,(anonymous_0)
FNDA:3,(anonymous_1)
FNDA:0,(anonymous_2)
FNDA:0,(anonymous_3)
DA:1,3
DA:3,3
DA:4,3
DA:5,3
DA:6,3
DA:22,3
DA:27,0
DA:29,0
DA:32,3
LF:9
LH:7
BRDA:3,0,0,3
BRDA:3,0,1,3
BRF:2
BRH:2
end_of_record
TN:
SF:components/pages/AboutUs/AboutUs.stories.tsx
FNF:0
FNH:0
DA:2,0
DA:3,0
DA:5,0
DA:14,0
DA:17,0
LF:5
LH:0
BRF:0
BRH:0
end_of_record
TN:
SF:components/pages/AboutUs/index.tsx
FN:11,(anonymous_1)
FNF:1
FNH:0
FNDA:0,(anonymous_1)
DA:2,0
DA:3,0
DA:4,0
DA:5,0
DA:6,0
DA:7,0
DA:8,0
DA:9,0
DA:11,0
DA:19,0
DA:33,0
LF:11
LH:0
BRF:0
BRH:0
end_of_record
TN:
SF:components/pages/ContactUs/ContactUs.stories.tsx
FNF:0
FNH:0
DA:2,0
DA:3,0
DA:5,0
DA:14,0
DA:17,0
LF:5
LH:0
BRF:0
BRH:0
end_of_record
TN:
SF:components/pages/ContactUs/index.tsx
FN:9,(anonymous_1)
FNF:1
FNH:0
FNDA:0,(anonymous_1)
DA:2,0
DA:3,0
DA:4,0
DA:5,0
DA:6,0
DA:7,0
DA:9,0
DA:15,0
DA:27,0
LF:9
LH:0
BRF:0
BRH:0
end_of_record
TN:
SF:components/pages/Features/FeaturesPage.stories.tsx
FNF:0
FNH:0
DA:2,0
DA:3,0
DA:5,0
DA:14,0
DA:17,0
LF:5
LH:0
BRF:0
BRH:0
end_of_record
TN:
SF:components/pages/Features/index.tsx
FN:13,(anonymous_1)
FNF:1
FNH:0
FNDA:0,(anonymous_1)
DA:1,0
DA:3,0
DA:4,0
DA:5,0
DA:6,0
DA:7,0
DA:8,0
DA:9,0
DA:10,0
DA:11,0
DA:13,0
DA:24,0
DA:41,0
LF:13
LH:0
BRF:0
BRH:0
end_of_record
TN:
SF:components/pages/MarketingLanding/MarketingLandingPage.stories.tsx
FN:14,(anonymous_1)
FNF:1
FNH:0
FNDA:0,(anonymous_1)
DA:2,0
DA:3,0
DA:4,0
DA:6,0
DA:15,0
DA:23,0
DA:26,0
LF:7
LH:0
BRF:0
BRH:0
end_of_record
TN:
SF:components/pages/MarketingLanding/index.tsx
FN:14,(anonymous_1)
FNF:1
FNH:0
FNDA:0,(anonymous_1)
DA:1,0
DA:2,0
DA:3,0
DA:4,0
DA:5,0
DA:6,0
DA:7,0
DA:8,0
DA:9,0
DA:10,0
DA:12,0
DA:14,0
DA:27,0
DA:46,0
LF:14
LH:0
BRF:0
BRH:0
end_of_record
TN:
SF:components/pages/Pricing/PricingPage.stories.tsx
FNF:0
FNH:0
DA:2,0
DA:3,0
DA:5,0
DA:14,0
DA:17,0
LF:5
LH:0
BRF:0
BRH:0
end_of_record
TN:
SF:components/pages/Pricing/index.tsx
FN:12,(anonymous_1)
FNF:1
FNH:0
FNDA:0,(anonymous_1)
DA:1,0
DA:2,0
DA:3,0
DA:4,0
DA:5,0
DA:6,0
DA:7,0
DA:8,0
DA:10,0
DA:12,0
DA:21,0
DA:36,0
LF:12
LH:0
BRF:0
BRH:0
end_of_record
TN:
SF:components/pages/ProductDetails/ProductDetails.stories.tsx
FN:19,(anonymous_8)
FN:34,(anonymous_9)
FN:40,(anonymous_10)
FN:51,(anonymous_11)
FN:57,(anonymous_12)
FN:74,(anonymous_13)
FN:132,(anonymous_14)
FN:132,(anonymous_15)
FNF:8
FNH:6
FNDA:4,(anonymous_8)
FNDA:16,(anonymous_9)
FNDA:4,(anonymous_10)
FNDA:2,(anonymous_11)
FNDA:7,(anonymous_12)
FNDA:5,(anonymous_13)
FNDA:0,(anonymous_14)
FNDA:0,(anonymous_15)
DA:2,1
DA:3,1
DA:4,1
DA:5,1
DA:7,1
DA:16,1
DA:19,1
DA:26,4
DA:34,16
DA:40,1
DA:41,4
DA:51,1
DA:54,2
DA:57,7
DA:63,1
DA:71,1
DA:72,1
DA:74,5
DA:82,1
DA:96,1
DA:132,0
DA:133,0
LF:22
LH:20
BRF:0
BRH:0
end_of_record
TN:
SF:components/pages/ProductDetails/index.tsx
FN:10,(anonymous_1)
FNF:1
FNH:1
FNDA:9,(anonymous_1)
DA:2,1
DA:3,1
DA:4,1
DA:5,1
DA:6,1
DA:7,1
DA:8,1
DA:10,1
DA:17,9
DA:30,1
LF:10
LH:10
BRF:0
BRH:0
end_of_record
TN:
SF:hooks/forms/useSubmitNewsletter.ts
FN:11,(anonymous_8)
FN:18,(anonymous_9)
FN:18,(anonymous_10)
FNF:3
FNH:3
FNDA:13,(anonymous_8)
FNDA:4,(anonymous_9)
FNDA:4,(anonymous_10)
DA:3,2
DA:11,2
DA:16,13
DA:18,13
DA:19,4
DA:20,4
DA:21,4
DA:22,4
DA:23,4
DA:24,3
DA:25,3
DA:27,1
DA:28,1
DA:29,1
DA:33,13
DA:36,2
LF:16
LH:16
BRF:0
BRH:0
end_of_record
